[2025-05-01 22:21:12] - __main__ - 
{   'accumulate_step': 2,
    'beam_size': 3,
    'cache_dir': './cache',
    'config': 'config/config_degree_e2e_finetune.json',
    'dataset': 'ace05e',
    'dev_file': './aaa_my_data_conversion/splitted_data/dev.oneie.json',
    'dev_finetune_file': './data/degree_e2e_mydata/dev_all.pkl',
    'eval_batch_size': 4,
    'finetune_dir': './data/degree_e2e_mydata/',
    'gpu_device': 1,
    'grad_clipping': 5.0,
    'ignore_first_header': False,
    'input_style': ['event_type_sent', 'keywords', 'template'],
    'learning_rate': 1e-05,
    'max_epoch': 45,
    'max_length': 1024,
    'max_output_length': 100,
    'model_name': 'facebook/bart-large',
    'n_negative': 15,
    'output_dir': './output/degree_e2e_mydata/',
    'output_style': ['trigger:sentence', 'argument:sentence'],
    'seed': 0,
    'test_file': './aaa_my_data_conversion/splitted_data/test.oneie.json',
    'test_finetune_file': './data/degree_e2e_mydata/test_all.pkl',
    'train_batch_size': 4,
    'train_file': './aaa_my_data_conversion/splitted_data/train.oneie.json',
    'train_finetune_file': './data/degree_e2e_mydata/train_all.pkl',
    'vocab_file': './data/degree_e2e_mydata/vocab.json',
    'warmup_epoch': 5,
    'weight_decay': 1e-05}
[2025-05-01 22:21:13] - data - Loaded 5112 instances from ./data/degree_e2e_mydata/train_all.pkl
[2025-05-01 22:21:13] - data - Loaded 632 instances from ./data/degree_e2e_mydata/dev_all.pkl
[2025-05-01 22:21:13] - data - Loaded 652 instances from ./data/degree_e2e_mydata/test_all.pkl
[2025-05-01 22:21:13] - model - Loading pre-trained model facebook/bart-large
[2025-05-01 22:21:18] - __main__ - Start training ...
[2025-05-01 22:21:18] - __main__ - ./output/degree_e2e_mydata/20250501_222112/train.log
[2025-05-01 22:21:18] - __main__ - Epoch 1
[2025-05-01 22:25:12] - __main__ - {'epoch': 1, 'dev_scores': {'tri_id': (0, 0.0, 0), 'arg_id': (0, 0.0, 0), 'arg_cls': (0, 0.0, 0)}}
[2025-05-01 22:25:12] - __main__ - Current best
[2025-05-01 22:25:12] - __main__ - {'best_epoch': -1, 'best_scores': {'tri_id': (0.0, 0.0, 0.0), 'arg_id': (0.0, 0.0, 0.0), 'arg_cls': (0.0, 0.0, 0.0)}}
[2025-05-01 22:25:12] - __main__ - ./output/degree_e2e_mydata/20250501_222112/train.log
[2025-05-01 22:25:12] - __main__ - Epoch 2
[2025-05-01 22:29:04] - __main__ - {'epoch': 2, 'dev_scores': {'tri_id': (0.25, 0.006329113924050633, 0.01234567901234568), 'arg_id': (0.0, 0.0, 0), 'arg_cls': (0.0, 0.0, 0)}}
[2025-05-01 22:29:04] - __main__ - Current best
[2025-05-01 22:29:04] - __main__ - {'best_epoch': -1, 'best_scores': {'tri_id': (0.0, 0.0, 0.0), 'arg_id': (0.0, 0.0, 0.0), 'arg_cls': (0.0, 0.0, 0.0)}}
[2025-05-01 22:29:04] - __main__ - ./output/degree_e2e_mydata/20250501_222112/train.log
[2025-05-01 22:29:04] - __main__ - Epoch 3
[2025-05-01 22:32:52] - __main__ - {'epoch': 3, 'dev_scores': {'tri_id': (0, 0.0, 0), 'arg_id': (0, 0.0, 0), 'arg_cls': (0, 0.0, 0)}}
[2025-05-01 22:32:52] - __main__ - Current best
[2025-05-01 22:32:52] - __main__ - {'best_epoch': -1, 'best_scores': {'tri_id': (0.0, 0.0, 0.0), 'arg_id': (0.0, 0.0, 0.0), 'arg_cls': (0.0, 0.0, 0.0)}}
[2025-05-01 22:32:52] - __main__ - ./output/degree_e2e_mydata/20250501_222112/train.log
[2025-05-01 22:32:52] - __main__ - Epoch 4
[2025-05-01 22:36:44] - __main__ - Saving best model
[2025-05-01 22:38:34] - __main__ - {'epoch': 4, 'dev_scores': {'tri_id': (0.875, 0.04430379746835443, 0.08433734939759036), 'arg_id': (0.5909090909090909, 0.01625, 0.031630170316301706), 'arg_cls': (0.5, 0.01375, 0.0267639902676399)}}
[2025-05-01 22:38:34] - __main__ - {'epoch': 4, 'test_scores': {'tri_id': (1.0, 0.05521472392638037, 0.10465116279069768), 'arg_id': (0.5909090909090909, 0.015384615384615385, 0.029988465974625143), 'arg_cls': (0.5909090909090909, 0.015384615384615385, 0.029988465974625143)}}
[2025-05-01 22:38:34] - __main__ - Current best
[2025-05-01 22:38:34] - __main__ - {'best_epoch': 4, 'best_scores': {'tri_id': (0.875, 0.04430379746835443, 0.08433734939759036), 'arg_id': (0.5909090909090909, 0.01625, 0.031630170316301706), 'arg_cls': (0.5, 0.01375, 0.0267639902676399)}}
[2025-05-01 22:38:34] - __main__ - ./output/degree_e2e_mydata/20250501_222112/train.log
[2025-05-01 22:38:34] - __main__ - Epoch 5
[2025-05-01 22:42:23] - __main__ - Saving best model
[2025-05-01 22:44:08] - __main__ - {'epoch': 5, 'dev_scores': {'tri_id': (0.47368421052631576, 0.22784810126582278, 0.30769230769230765), 'arg_id': (0.40331491712707185, 0.09125, 0.14882772680937817), 'arg_cls': (0.30939226519337015, 0.07, 0.11416921508664629)}}
[2025-05-01 22:44:08] - __main__ - {'epoch': 5, 'test_scores': {'tri_id': (0.6285714285714286, 0.26993865030674846, 0.3776824034334764), 'arg_id': (0.4689655172413793, 0.08047337278106509, 0.13737373737373737), 'arg_cls': (0.3931034482758621, 0.06745562130177515, 0.11515151515151516)}}
[2025-05-01 22:44:08] - __main__ - Current best
[2025-05-01 22:44:08] - __main__ - {'best_epoch': 5, 'best_scores': {'tri_id': (0.47368421052631576, 0.22784810126582278, 0.30769230769230765), 'arg_id': (0.40331491712707185, 0.09125, 0.14882772680937817), 'arg_cls': (0.30939226519337015, 0.07, 0.11416921508664629)}}
[2025-05-01 22:44:08] - __main__ - ./output/degree_e2e_mydata/20250501_222112/train.log
[2025-05-01 22:44:08] - __main__ - Epoch 6
[2025-05-01 22:47:58] - __main__ - Saving best model
[2025-05-01 22:49:46] - __main__ - {'epoch': 6, 'dev_scores': {'tri_id': (0.7407407407407407, 0.25316455696202533, 0.37735849056603776), 'arg_id': (0.5959595959595959, 0.07375, 0.13125695216907673), 'arg_cls': (0.5252525252525253, 0.065, 0.11568409343715241)}}
[2025-05-01 22:49:46] - __main__ - {'epoch': 6, 'test_scores': {'tri_id': (0.7288135593220338, 0.26380368098159507, 0.3873873873873874), 'arg_id': (0.6018518518518519, 0.07692307692307693, 0.13641133263378805), 'arg_cls': (0.5370370370370371, 0.06863905325443787, 0.1217208814270724)}}
[2025-05-01 22:49:46] - __main__ - Current best
[2025-05-01 22:49:46] - __main__ - {'best_epoch': 6, 'best_scores': {'tri_id': (0.7407407407407407, 0.25316455696202533, 0.37735849056603776), 'arg_id': (0.5959595959595959, 0.07375, 0.13125695216907673), 'arg_cls': (0.5252525252525253, 0.065, 0.11568409343715241)}}
[2025-05-01 22:49:46] - __main__ - ./output/degree_e2e_mydata/20250501_222112/train.log
[2025-05-01 22:49:46] - __main__ - Epoch 7
[2025-05-01 22:53:30] - __main__ - Saving best model
[2025-05-01 22:55:16] - __main__ - {'epoch': 7, 'dev_scores': {'tri_id': (0.726027397260274, 0.33544303797468356, 0.45887445887445893), 'arg_id': (0.6524390243902439, 0.13375, 0.2219917012448133), 'arg_cls': (0.5060975609756098, 0.10375, 0.17219917012448133)}}
[2025-05-01 22:55:16] - __main__ - {'epoch': 7, 'test_scores': {'tri_id': (0.8433734939759037, 0.4294478527607362, 0.5691056910569106), 'arg_id': (0.6294117647058823, 0.12662721893491125, 0.2108374384236453), 'arg_cls': (0.5352941176470588, 0.1076923076923077, 0.17931034482758623)}}
[2025-05-01 22:55:16] - __main__ - Current best
[2025-05-01 22:55:16] - __main__ - {'best_epoch': 7, 'best_scores': {'tri_id': (0.726027397260274, 0.33544303797468356, 0.45887445887445893), 'arg_id': (0.6524390243902439, 0.13375, 0.2219917012448133), 'arg_cls': (0.5060975609756098, 0.10375, 0.17219917012448133)}}
[2025-05-01 22:55:16] - __main__ - ./output/degree_e2e_mydata/20250501_222112/train.log
[2025-05-01 22:55:16] - __main__ - Epoch 8
[2025-05-01 22:59:46] - __main__ - {'epoch': 8, 'dev_scores': {'tri_id': (0.7761194029850746, 0.3291139240506329, 0.4622222222222222), 'arg_id': (0.6129032258064516, 0.11875, 0.19895287958115182), 'arg_cls': (0.4774193548387097, 0.0925, 0.15497382198952878)}}
[2025-05-01 22:59:46] - __main__ - Current best
[2025-05-01 22:59:46] - __main__ - {'best_epoch': 7, 'best_scores': {'tri_id': (0.726027397260274, 0.33544303797468356, 0.45887445887445893), 'arg_id': (0.6524390243902439, 0.13375, 0.2219917012448133), 'arg_cls': (0.5060975609756098, 0.10375, 0.17219917012448133)}}
[2025-05-01 22:59:46] - __main__ - ./output/degree_e2e_mydata/20250501_222112/train.log
[2025-05-01 22:59:46] - __main__ - Epoch 9
[2025-05-01 23:03:39] - __main__ - Saving best model
[2025-05-01 23:05:27] - __main__ - {'epoch': 9, 'dev_scores': {'tri_id': (0.6818181818181818, 0.47468354430379744, 0.5597014925373134), 'arg_id': (0.49609375, 0.15875, 0.24053030303030304), 'arg_cls': (0.4296875, 0.1375, 0.20833333333333337)}}
[2025-05-01 23:05:27] - __main__ - {'epoch': 9, 'test_scores': {'tri_id': (0.6504065040650406, 0.49079754601226994, 0.5594405594405594), 'arg_id': (0.5280898876404494, 0.1668639053254438, 0.25359712230215825), 'arg_cls': (0.4344569288389513, 0.13727810650887573, 0.20863309352517986)}}
[2025-05-01 23:05:27] - __main__ - Current best
[2025-05-01 23:05:27] - __main__ - {'best_epoch': 9, 'best_scores': {'tri_id': (0.6818181818181818, 0.47468354430379744, 0.5597014925373134), 'arg_id': (0.49609375, 0.15875, 0.24053030303030304), 'arg_cls': (0.4296875, 0.1375, 0.20833333333333337)}}
[2025-05-01 23:05:27] - __main__ - ./output/degree_e2e_mydata/20250501_222112/train.log
[2025-05-01 23:05:27] - __main__ - Epoch 10
[2025-05-01 23:27:30] - __main__ - {'epoch': 10, 'dev_scores': {'tri_id': (0.6979166666666666, 0.4240506329113924, 0.5275590551181103), 'arg_id': (0.527363184079602, 0.1325, 0.21178821178821178), 'arg_cls': (0.43781094527363185, 0.11, 0.17582417582417584)}}
[2025-05-01 23:27:30] - __main__ - Current best
[2025-05-01 23:27:30] - __main__ - {'best_epoch': 9, 'best_scores': {'tri_id': (0.6818181818181818, 0.47468354430379744, 0.5597014925373134), 'arg_id': (0.49609375, 0.15875, 0.24053030303030304), 'arg_cls': (0.4296875, 0.1375, 0.20833333333333337)}}
[2025-05-01 23:27:30] - __main__ - ./output/degree_e2e_mydata/20250501_222112/train.log
[2025-05-01 23:27:30] - __main__ - Epoch 11
[2025-05-01 23:31:17] - __main__ - {'epoch': 11, 'dev_scores': {'tri_id': (0.6732673267326733, 0.43037974683544306, 0.5250965250965252), 'arg_id': (0.5774647887323944, 0.15375, 0.2428430404738401), 'arg_cls': (0.45539906103286387, 0.12125, 0.19151036525172754)}}
[2025-05-01 23:31:17] - __main__ - Current best
[2025-05-01 23:31:17] - __main__ - {'best_epoch': 9, 'best_scores': {'tri_id': (0.6818181818181818, 0.47468354430379744, 0.5597014925373134), 'arg_id': (0.49609375, 0.15875, 0.24053030303030304), 'arg_cls': (0.4296875, 0.1375, 0.20833333333333337)}}
[2025-05-01 23:31:17] - __main__ - ./output/degree_e2e_mydata/20250501_222112/train.log
[2025-05-01 23:31:17] - __main__ - Epoch 12
[2025-05-01 23:35:07] - __main__ - Saving best model
[2025-05-01 23:36:55] - __main__ - {'epoch': 12, 'dev_scores': {'tri_id': (0.6827586206896552, 0.6265822784810127, 0.6534653465346535), 'arg_id': (0.48725212464589235, 0.215, 0.29835212489158713), 'arg_cls': (0.40226628895184136, 0.1775, 0.24631396357328708)}}
[2025-05-01 23:36:55] - __main__ - {'epoch': 12, 'test_scores': {'tri_id': (0.7071428571428572, 0.6073619631901841, 0.6534653465346535), 'arg_id': (0.48059701492537316, 0.19053254437869824, 0.2728813559322034), 'arg_cls': (0.408955223880597, 0.1621301775147929, 0.23220338983050848)}}
[2025-05-01 23:36:55] - __main__ - Current best
[2025-05-01 23:36:55] - __main__ - {'best_epoch': 12, 'best_scores': {'tri_id': (0.6827586206896552, 0.6265822784810127, 0.6534653465346535), 'arg_id': (0.48725212464589235, 0.215, 0.29835212489158713), 'arg_cls': (0.40226628895184136, 0.1775, 0.24631396357328708)}}
[2025-05-01 23:36:55] - __main__ - ./output/degree_e2e_mydata/20250501_222112/train.log
[2025-05-01 23:36:55] - __main__ - Epoch 13
[2025-05-01 23:40:48] - __main__ - Saving best model
[2025-05-01 23:42:36] - __main__ - {'epoch': 13, 'dev_scores': {'tri_id': (0.6857142857142857, 0.6075949367088608, 0.6442953020134229), 'arg_id': (0.4971751412429379, 0.22, 0.3050259965337955), 'arg_cls': (0.4265536723163842, 0.18875, 0.2616984402079723)}}
[2025-05-01 23:42:36] - __main__ - {'epoch': 13, 'test_scores': {'tri_id': (0.6666666666666666, 0.6012269938650306, 0.632258064516129), 'arg_id': (0.5223463687150838, 0.22130177514792898, 0.31088944305901917), 'arg_cls': (0.441340782122905, 0.18698224852071005, 0.2626766417290108)}}
[2025-05-01 23:42:36] - __main__ - Current best
[2025-05-01 23:42:36] - __main__ - {'best_epoch': 13, 'best_scores': {'tri_id': (0.6857142857142857, 0.6075949367088608, 0.6442953020134229), 'arg_id': (0.4971751412429379, 0.22, 0.3050259965337955), 'arg_cls': (0.4265536723163842, 0.18875, 0.2616984402079723)}}
[2025-05-01 23:42:36] - __main__ - ./output/degree_e2e_mydata/20250501_222112/train.log
[2025-05-01 23:42:36] - __main__ - Epoch 14
[2025-05-01 23:46:23] - __main__ - {'epoch': 14, 'dev_scores': {'tri_id': (0.7480314960629921, 0.6012658227848101, 0.6666666666666666), 'arg_id': (0.5579937304075235, 0.2225, 0.31814119749776587), 'arg_cls': (0.45768025078369906, 0.1825, 0.2609472743521)}}
[2025-05-01 23:46:23] - __main__ - Current best
[2025-05-01 23:46:23] - __main__ - {'best_epoch': 13, 'best_scores': {'tri_id': (0.6857142857142857, 0.6075949367088608, 0.6442953020134229), 'arg_id': (0.4971751412429379, 0.22, 0.3050259965337955), 'arg_cls': (0.4265536723163842, 0.18875, 0.2616984402079723)}}
[2025-05-01 23:46:23] - __main__ - ./output/degree_e2e_mydata/20250501_222112/train.log
[2025-05-01 23:46:23] - __main__ - Epoch 15
[2025-05-01 23:50:14] - __main__ - {'epoch': 15, 'dev_scores': {'tri_id': (0.7, 0.620253164556962, 0.6577181208053692), 'arg_id': (0.5015105740181269, 0.2075, 0.29354553492484525), 'arg_cls': (0.4229607250755287, 0.175, 0.24756852343059238)}}
[2025-05-01 23:50:14] - __main__ - Current best
[2025-05-01 23:50:14] - __main__ - {'best_epoch': 13, 'best_scores': {'tri_id': (0.6857142857142857, 0.6075949367088608, 0.6442953020134229), 'arg_id': (0.4971751412429379, 0.22, 0.3050259965337955), 'arg_cls': (0.4265536723163842, 0.18875, 0.2616984402079723)}}
[2025-05-01 23:50:14] - __main__ - ./output/degree_e2e_mydata/20250501_222112/train.log
[2025-05-01 23:50:14] - __main__ - Epoch 16
[2025-05-01 23:54:04] - __main__ - {'epoch': 16, 'dev_scores': {'tri_id': (0.7709923664122137, 0.6392405063291139, 0.6989619377162629), 'arg_id': (0.5639344262295082, 0.215, 0.31131221719457014), 'arg_cls': (0.46229508196721314, 0.17625, 0.25520361990950224)}}
[2025-05-01 23:54:04] - __main__ - Current best
[2025-05-01 23:54:04] - __main__ - {'best_epoch': 13, 'best_scores': {'tri_id': (0.6857142857142857, 0.6075949367088608, 0.6442953020134229), 'arg_id': (0.4971751412429379, 0.22, 0.3050259965337955), 'arg_cls': (0.4265536723163842, 0.18875, 0.2616984402079723)}}
[2025-05-01 23:54:04] - __main__ - ./output/degree_e2e_mydata/20250501_222112/train.log
[2025-05-01 23:54:04] - __main__ - Epoch 17
[2025-05-01 23:57:54] - __main__ - {'epoch': 17, 'dev_scores': {'tri_id': (0.7459016393442623, 0.5759493670886076, 0.6499999999999999), 'arg_id': (0.5466237942122186, 0.2125, 0.306030603060306), 'arg_cls': (0.45980707395498394, 0.17875, 0.2574257425742574)}}
[2025-05-01 23:57:54] - __main__ - Current best
[2025-05-01 23:57:54] - __main__ - {'best_epoch': 13, 'best_scores': {'tri_id': (0.6857142857142857, 0.6075949367088608, 0.6442953020134229), 'arg_id': (0.4971751412429379, 0.22, 0.3050259965337955), 'arg_cls': (0.4265536723163842, 0.18875, 0.2616984402079723)}}
[2025-05-01 23:57:54] - __main__ - ./output/degree_e2e_mydata/20250501_222112/train.log
[2025-05-01 23:57:54] - __main__ - Epoch 18
[2025-05-02 00:02:04] - __main__ - {'epoch': 18, 'dev_scores': {'tri_id': (0.717391304347826, 0.6265822784810127, 0.668918918918919), 'arg_id': (0.5053763440860215, 0.235, 0.32081911262798635), 'arg_cls': (0.3951612903225806, 0.18375, 0.2508532423208191)}}
[2025-05-02 00:02:04] - __main__ - Current best
[2025-05-02 00:02:04] - __main__ - {'best_epoch': 13, 'best_scores': {'tri_id': (0.6857142857142857, 0.6075949367088608, 0.6442953020134229), 'arg_id': (0.4971751412429379, 0.22, 0.3050259965337955), 'arg_cls': (0.4265536723163842, 0.18875, 0.2616984402079723)}}
[2025-05-02 00:02:04] - __main__ - ./output/degree_e2e_mydata/20250501_222112/train.log
[2025-05-02 00:02:04] - __main__ - Epoch 19
[2025-05-02 00:06:19] - __main__ - Saving best model
[2025-05-02 00:08:07] - __main__ - {'epoch': 19, 'dev_scores': {'tri_id': (0.6956521739130435, 0.6075949367088608, 0.6486486486486486), 'arg_id': (0.5467836257309941, 0.23375, 0.3274956217162872), 'arg_cls': (0.4649122807017544, 0.19875, 0.27845884413309985)}}
[2025-05-02 00:08:07] - __main__ - {'epoch': 19, 'test_scores': {'tri_id': (0.7083333333333334, 0.6257668711656442, 0.6644951140065147), 'arg_id': (0.5404624277456648, 0.22130177514792898, 0.31402183039462633), 'arg_cls': (0.4595375722543353, 0.1881656804733728, 0.2670025188916877)}}
[2025-05-02 00:08:07] - __main__ - Current best
[2025-05-02 00:08:07] - __main__ - {'best_epoch': 19, 'best_scores': {'tri_id': (0.6956521739130435, 0.6075949367088608, 0.6486486486486486), 'arg_id': (0.5467836257309941, 0.23375, 0.3274956217162872), 'arg_cls': (0.4649122807017544, 0.19875, 0.27845884413309985)}}
[2025-05-02 00:08:07] - __main__ - ./output/degree_e2e_mydata/20250501_222112/train.log
[2025-05-02 00:08:07] - __main__ - Epoch 20
[2025-05-02 00:12:06] - __main__ - {'epoch': 20, 'dev_scores': {'tri_id': (0.7071428571428572, 0.6265822784810127, 0.6644295302013423), 'arg_id': (0.5014409221902018, 0.2175, 0.3034001743679163), 'arg_cls': (0.4265129682997118, 0.185, 0.25806451612903225)}}
[2025-05-02 00:12:06] - __main__ - Current best
[2025-05-02 00:12:06] - __main__ - {'best_epoch': 19, 'best_scores': {'tri_id': (0.6956521739130435, 0.6075949367088608, 0.6486486486486486), 'arg_id': (0.5467836257309941, 0.23375, 0.3274956217162872), 'arg_cls': (0.4649122807017544, 0.19875, 0.27845884413309985)}}
[2025-05-02 00:12:06] - __main__ - ./output/degree_e2e_mydata/20250501_222112/train.log
[2025-05-02 00:12:06] - __main__ - Epoch 21
[2025-05-02 00:15:54] - __main__ - {'epoch': 21, 'dev_scores': {'tri_id': (0.7445255474452555, 0.6455696202531646, 0.6915254237288134), 'arg_id': (0.5386904761904762, 0.22625, 0.31866197183098594), 'arg_cls': (0.46726190476190477, 0.19625, 0.2764084507042254)}}
[2025-05-02 00:15:54] - __main__ - Current best
[2025-05-02 00:15:54] - __main__ - {'best_epoch': 19, 'best_scores': {'tri_id': (0.6956521739130435, 0.6075949367088608, 0.6486486486486486), 'arg_id': (0.5467836257309941, 0.23375, 0.3274956217162872), 'arg_cls': (0.4649122807017544, 0.19875, 0.27845884413309985)}}
[2025-05-02 00:15:54] - __main__ - ./output/degree_e2e_mydata/20250501_222112/train.log
[2025-05-02 00:15:54] - __main__ - Epoch 22
[2025-05-02 00:19:41] - __main__ - {'epoch': 22, 'dev_scores': {'tri_id': (0.7348484848484849, 0.6139240506329114, 0.6689655172413793), 'arg_id': (0.5440729483282675, 0.22375, 0.3170947741364039), 'arg_cls': (0.46504559270516715, 0.19125, 0.271036315323295)}}
[2025-05-02 00:19:41] - __main__ - Current best
[2025-05-02 00:19:41] - __main__ - {'best_epoch': 19, 'best_scores': {'tri_id': (0.6956521739130435, 0.6075949367088608, 0.6486486486486486), 'arg_id': (0.5467836257309941, 0.23375, 0.3274956217162872), 'arg_cls': (0.4649122807017544, 0.19875, 0.27845884413309985)}}
[2025-05-02 00:19:41] - __main__ - ./output/degree_e2e_mydata/20250501_222112/train.log
[2025-05-02 00:19:41] - __main__ - Epoch 23
[2025-05-02 00:23:26] - __main__ - Saving best model
[2025-05-02 00:25:09] - __main__ - {'epoch': 23, 'dev_scores': {'tri_id': (0.7196969696969697, 0.6012658227848101, 0.6551724137931034), 'arg_id': (0.5502645502645502, 0.26, 0.3531409168081494), 'arg_cls': (0.4708994708994709, 0.2225, 0.30220713073005095)}}
[2025-05-02 00:25:09] - __main__ - {'epoch': 23, 'test_scores': {'tri_id': (0.7461538461538462, 0.5950920245398773, 0.6621160409556314), 'arg_id': (0.5384615384615384, 0.22366863905325443, 0.31605351170568563), 'arg_cls': (0.4700854700854701, 0.1952662721893491, 0.27591973244147155)}}
[2025-05-02 00:25:09] - __main__ - Current best
[2025-05-02 00:25:09] - __main__ - {'best_epoch': 23, 'best_scores': {'tri_id': (0.7196969696969697, 0.6012658227848101, 0.6551724137931034), 'arg_id': (0.5502645502645502, 0.26, 0.3531409168081494), 'arg_cls': (0.4708994708994709, 0.2225, 0.30220713073005095)}}
[2025-05-02 00:25:09] - __main__ - ./output/degree_e2e_mydata/20250501_222112/train.log
[2025-05-02 00:25:09] - __main__ - Epoch 24
[2025-05-02 00:28:57] - __main__ - {'epoch': 24, 'dev_scores': {'tri_id': (0.6830985915492958, 0.6139240506329114, 0.6466666666666667), 'arg_id': (0.5201005025125628, 0.25875, 0.34557595993322204), 'arg_cls': (0.4271356783919598, 0.2125, 0.2838063439065108)}}
[2025-05-02 00:28:57] - __main__ - Current best
[2025-05-02 00:28:57] - __main__ - {'best_epoch': 23, 'best_scores': {'tri_id': (0.7196969696969697, 0.6012658227848101, 0.6551724137931034), 'arg_id': (0.5502645502645502, 0.26, 0.3531409168081494), 'arg_cls': (0.4708994708994709, 0.2225, 0.30220713073005095)}}
[2025-05-02 00:28:57] - __main__ - ./output/degree_e2e_mydata/20250501_222112/train.log
[2025-05-02 00:28:57] - __main__ - Epoch 25
[2025-05-02 00:32:46] - __main__ - Saving best model
[2025-05-02 00:34:34] - __main__ - {'epoch': 25, 'dev_scores': {'tri_id': (0.7272727272727273, 0.6075949367088608, 0.6620689655172415), 'arg_id': (0.5614973262032086, 0.2625, 0.3577512776831346), 'arg_cls': (0.4919786096256685, 0.23, 0.31345826235093693)}}
[2025-05-02 00:34:34] - __main__ - {'epoch': 25, 'test_scores': {'tri_id': (0.7318840579710145, 0.6196319018404908, 0.6710963455149501), 'arg_id': (0.5580736543909348, 0.2331360946745562, 0.328881469115192), 'arg_cls': (0.49575070821529743, 0.20710059171597633, 0.2921535893155259)}}
[2025-05-02 00:34:34] - __main__ - Current best
[2025-05-02 00:34:34] - __main__ - {'best_epoch': 25, 'best_scores': {'tri_id': (0.7272727272727273, 0.6075949367088608, 0.6620689655172415), 'arg_id': (0.5614973262032086, 0.2625, 0.3577512776831346), 'arg_cls': (0.4919786096256685, 0.23, 0.31345826235093693)}}
[2025-05-02 00:34:34] - __main__ - ./output/degree_e2e_mydata/20250501_222112/train.log
[2025-05-02 00:34:34] - __main__ - Epoch 26
[2025-05-02 00:38:19] - __main__ - {'epoch': 26, 'dev_scores': {'tri_id': (0.7196969696969697, 0.6012658227848101, 0.6551724137931034), 'arg_id': (0.5568513119533528, 0.23875, 0.3342082239720035), 'arg_cls': (0.49854227405247814, 0.21375, 0.2992125984251968)}}
[2025-05-02 00:38:19] - __main__ - Current best
[2025-05-02 00:38:19] - __main__ - {'best_epoch': 25, 'best_scores': {'tri_id': (0.7272727272727273, 0.6075949367088608, 0.6620689655172415), 'arg_id': (0.5614973262032086, 0.2625, 0.3577512776831346), 'arg_cls': (0.4919786096256685, 0.23, 0.31345826235093693)}}
[2025-05-02 00:38:19] - __main__ - ./output/degree_e2e_mydata/20250501_222112/train.log
[2025-05-02 00:38:19] - __main__ - Epoch 27
[2025-05-02 00:42:07] - __main__ - {'epoch': 27, 'dev_scores': {'tri_id': (0.7163120567375887, 0.6392405063291139, 0.6755852842809364), 'arg_id': (0.5516304347826086, 0.25375, 0.3476027397260274), 'arg_cls': (0.4891304347826087, 0.225, 0.3082191780821918)}}
[2025-05-02 00:42:07] - __main__ - Current best
[2025-05-02 00:42:07] - __main__ - {'best_epoch': 25, 'best_scores': {'tri_id': (0.7272727272727273, 0.6075949367088608, 0.6620689655172415), 'arg_id': (0.5614973262032086, 0.2625, 0.3577512776831346), 'arg_cls': (0.4919786096256685, 0.23, 0.31345826235093693)}}
[2025-05-02 00:42:07] - __main__ - ./output/degree_e2e_mydata/20250501_222112/train.log
[2025-05-02 00:42:07] - __main__ - Epoch 28
[2025-05-02 00:46:10] - __main__ - Saving best model
[2025-05-02 00:47:56] - __main__ - {'epoch': 28, 'dev_scores': {'tri_id': (0.7571428571428571, 0.6708860759493671, 0.7114093959731544), 'arg_id': (0.5461346633416458, 0.27375, 0.36469608659450453), 'arg_cls': (0.486284289276808, 0.24375, 0.324729392173189)}}
[2025-05-02 00:47:56] - __main__ - {'epoch': 28, 'test_scores': {'tri_id': (0.7482014388489209, 0.6380368098159509, 0.6887417218543046), 'arg_id': (0.5294117647058824, 0.23431952662721894, 0.324856439704676), 'arg_cls': (0.45187165775401067, 0.2, 0.27727645611156687)}}
[2025-05-02 00:47:56] - __main__ - Current best
[2025-05-02 00:47:56] - __main__ - {'best_epoch': 28, 'best_scores': {'tri_id': (0.7571428571428571, 0.6708860759493671, 0.7114093959731544), 'arg_id': (0.5461346633416458, 0.27375, 0.36469608659450453), 'arg_cls': (0.486284289276808, 0.24375, 0.324729392173189)}}
[2025-05-02 00:47:56] - __main__ - ./output/degree_e2e_mydata/20250501_222112/train.log
[2025-05-02 00:47:56] - __main__ - Epoch 29
[2025-05-02 00:51:42] - __main__ - {'epoch': 29, 'dev_scores': {'tri_id': (0.7202797202797203, 0.6518987341772152, 0.6843853820598007), 'arg_id': (0.5209424083769634, 0.24875, 0.33671742808798644), 'arg_cls': (0.45287958115183247, 0.21625, 0.29272419627749574)}}
[2025-05-02 00:51:42] - __main__ - Current best
[2025-05-02 00:51:42] - __main__ - {'best_epoch': 28, 'best_scores': {'tri_id': (0.7571428571428571, 0.6708860759493671, 0.7114093959731544), 'arg_id': (0.5461346633416458, 0.27375, 0.36469608659450453), 'arg_cls': (0.486284289276808, 0.24375, 0.324729392173189)}}
[2025-05-02 00:51:42] - __main__ - ./output/degree_e2e_mydata/20250501_222112/train.log
[2025-05-02 00:51:42] - __main__ - Epoch 30
[2025-05-02 00:55:31] - __main__ - {'epoch': 30, 'dev_scores': {'tri_id': (0.7412587412587412, 0.6708860759493671, 0.7043189368770765), 'arg_id': (0.5341772151898734, 0.26375, 0.35313807531380753), 'arg_cls': (0.4860759493670886, 0.24, 0.3213389121338912)}}
[2025-05-02 00:55:31] - __main__ - Current best
[2025-05-02 00:55:31] - __main__ - {'best_epoch': 28, 'best_scores': {'tri_id': (0.7571428571428571, 0.6708860759493671, 0.7114093959731544), 'arg_id': (0.5461346633416458, 0.27375, 0.36469608659450453), 'arg_cls': (0.486284289276808, 0.24375, 0.324729392173189)}}
[2025-05-02 00:55:31] - __main__ - ./output/degree_e2e_mydata/20250501_222112/train.log
[2025-05-02 00:55:31] - __main__ - Epoch 31
[2025-05-02 00:59:15] - __main__ - Saving best model
[2025-05-02 01:00:58] - __main__ - {'epoch': 31, 'dev_scores': {'tri_id': (0.7720588235294118, 0.6645569620253164, 0.7142857142857144), 'arg_id': (0.572139303482587, 0.2875, 0.3826955074875208), 'arg_cls': (0.5024875621890548, 0.2525, 0.3361064891846922)}}
[2025-05-02 01:00:58] - __main__ - {'epoch': 31, 'test_scores': {'tri_id': (0.7518796992481203, 0.6134969325153374, 0.6756756756756757), 'arg_id': (0.5911602209944752, 0.2532544378698225, 0.3545981772990887), 'arg_cls': (0.5276243093922652, 0.22603550295857988, 0.31648715824357915)}}
[2025-05-02 01:00:58] - __main__ - Current best
[2025-05-02 01:00:58] - __main__ - {'best_epoch': 31, 'best_scores': {'tri_id': (0.7720588235294118, 0.6645569620253164, 0.7142857142857144), 'arg_id': (0.572139303482587, 0.2875, 0.3826955074875208), 'arg_cls': (0.5024875621890548, 0.2525, 0.3361064891846922)}}
[2025-05-02 01:00:58] - __main__ - ./output/degree_e2e_mydata/20250501_222112/train.log
[2025-05-02 01:00:58] - __main__ - Epoch 32
[2025-05-02 01:04:42] - __main__ - {'epoch': 32, 'dev_scores': {'tri_id': (0.6911764705882353, 0.5949367088607594, 0.6394557823129252), 'arg_id': (0.5283018867924528, 0.245, 0.33475661827497866), 'arg_cls': (0.4797843665768194, 0.2225, 0.3040136635354398)}}
[2025-05-02 01:04:42] - __main__ - Current best
[2025-05-02 01:04:42] - __main__ - {'best_epoch': 31, 'best_scores': {'tri_id': (0.7720588235294118, 0.6645569620253164, 0.7142857142857144), 'arg_id': (0.572139303482587, 0.2875, 0.3826955074875208), 'arg_cls': (0.5024875621890548, 0.2525, 0.3361064891846922)}}
[2025-05-02 01:04:42] - __main__ - ./output/degree_e2e_mydata/20250501_222112/train.log
[2025-05-02 01:04:42] - __main__ - Epoch 33
[2025-05-02 01:08:25] - __main__ - {'epoch': 33, 'dev_scores': {'tri_id': (0.7463768115942029, 0.6518987341772152, 0.6959459459459459), 'arg_id': (0.5582010582010583, 0.26375, 0.35823429541595925), 'arg_cls': (0.5026455026455027, 0.2375, 0.3225806451612903)}}
[2025-05-02 01:08:25] - __main__ - Current best
[2025-05-02 01:08:25] - __main__ - {'best_epoch': 31, 'best_scores': {'tri_id': (0.7720588235294118, 0.6645569620253164, 0.7142857142857144), 'arg_id': (0.572139303482587, 0.2875, 0.3826955074875208), 'arg_cls': (0.5024875621890548, 0.2525, 0.3361064891846922)}}
[2025-05-02 01:08:25] - __main__ - ./output/degree_e2e_mydata/20250501_222112/train.log
[2025-05-02 01:08:25] - __main__ - Epoch 34
[2025-05-02 01:12:08] - __main__ - {'epoch': 34, 'dev_scores': {'tri_id': (0.7364864864864865, 0.689873417721519, 0.7124183006535948), 'arg_id': (0.5335051546391752, 0.25875, 0.3484848484848485), 'arg_cls': (0.4845360824742268, 0.235, 0.3164983164983165)}}
[2025-05-02 01:12:08] - __main__ - Current best
[2025-05-02 01:12:08] - __main__ - {'best_epoch': 31, 'best_scores': {'tri_id': (0.7720588235294118, 0.6645569620253164, 0.7142857142857144), 'arg_id': (0.572139303482587, 0.2875, 0.3826955074875208), 'arg_cls': (0.5024875621890548, 0.2525, 0.3361064891846922)}}
[2025-05-02 01:12:08] - __main__ - ./output/degree_e2e_mydata/20250501_222112/train.log
[2025-05-02 01:12:08] - __main__ - Epoch 35
[2025-05-02 01:15:49] - __main__ - {'epoch': 35, 'dev_scores': {'tri_id': (0.75, 0.6265822784810127, 0.6827586206896552), 'arg_id': (0.5722543352601156, 0.2475, 0.3455497382198953), 'arg_cls': (0.523121387283237, 0.22625, 0.3158813263525305)}}
[2025-05-02 01:15:49] - __main__ - Current best
[2025-05-02 01:15:49] - __main__ - {'best_epoch': 31, 'best_scores': {'tri_id': (0.7720588235294118, 0.6645569620253164, 0.7142857142857144), 'arg_id': (0.572139303482587, 0.2875, 0.3826955074875208), 'arg_cls': (0.5024875621890548, 0.2525, 0.3361064891846922)}}
[2025-05-02 01:15:49] - __main__ - ./output/degree_e2e_mydata/20250501_222112/train.log
[2025-05-02 01:15:49] - __main__ - Epoch 36
[2025-05-02 01:19:30] - __main__ - {'epoch': 36, 'dev_scores': {'tri_id': (0.7318840579710145, 0.6392405063291139, 0.6824324324324325), 'arg_id': (0.5386819484240688, 0.235, 0.32724107919930373), 'arg_cls': (0.501432664756447, 0.21875, 0.30461270670147955)}}
[2025-05-02 01:19:30] - __main__ - Current best
[2025-05-02 01:19:30] - __main__ - {'best_epoch': 31, 'best_scores': {'tri_id': (0.7720588235294118, 0.6645569620253164, 0.7142857142857144), 'arg_id': (0.572139303482587, 0.2875, 0.3826955074875208), 'arg_cls': (0.5024875621890548, 0.2525, 0.3361064891846922)}}
[2025-05-02 01:19:30] - __main__ - ./output/degree_e2e_mydata/20250501_222112/train.log
[2025-05-02 01:19:30] - __main__ - Epoch 37
[2025-05-02 01:23:10] - __main__ - {'epoch': 37, 'dev_scores': {'tri_id': (0.7318840579710145, 0.6392405063291139, 0.6824324324324325), 'arg_id': (0.5311653116531165, 0.245, 0.3353293413173653), 'arg_cls': (0.4878048780487805, 0.225, 0.30795551753635586)}}
[2025-05-02 01:23:10] - __main__ - Current best
[2025-05-02 01:23:10] - __main__ - {'best_epoch': 31, 'best_scores': {'tri_id': (0.7720588235294118, 0.6645569620253164, 0.7142857142857144), 'arg_id': (0.572139303482587, 0.2875, 0.3826955074875208), 'arg_cls': (0.5024875621890548, 0.2525, 0.3361064891846922)}}
[2025-05-02 01:23:10] - __main__ - ./output/degree_e2e_mydata/20250501_222112/train.log
[2025-05-02 01:23:10] - __main__ - Epoch 38
[2025-05-02 01:26:52] - __main__ - {'epoch': 38, 'dev_scores': {'tri_id': (0.7092198581560284, 0.6329113924050633, 0.6688963210702341), 'arg_id': (0.5546875, 0.26625, 0.35979729729729726), 'arg_cls': (0.4895833333333333, 0.235, 0.31756756756756754)}}
[2025-05-02 01:26:52] - __main__ - Current best
[2025-05-02 01:26:52] - __main__ - {'best_epoch': 31, 'best_scores': {'tri_id': (0.7720588235294118, 0.6645569620253164, 0.7142857142857144), 'arg_id': (0.572139303482587, 0.2875, 0.3826955074875208), 'arg_cls': (0.5024875621890548, 0.2525, 0.3361064891846922)}}
[2025-05-02 01:26:52] - __main__ - ./output/degree_e2e_mydata/20250501_222112/train.log
[2025-05-02 01:26:52] - __main__ - Epoch 39
[2025-05-02 01:30:48] - __main__ - {'epoch': 39, 'dev_scores': {'tri_id': (0.7202797202797203, 0.6518987341772152, 0.6843853820598007), 'arg_id': (0.5601092896174863, 0.25625, 0.35162950257289877), 'arg_cls': (0.505464480874317, 0.23125, 0.3173241852487136)}}
[2025-05-02 01:30:48] - __main__ - Current best
[2025-05-02 01:30:48] - __main__ - {'best_epoch': 31, 'best_scores': {'tri_id': (0.7720588235294118, 0.6645569620253164, 0.7142857142857144), 'arg_id': (0.572139303482587, 0.2875, 0.3826955074875208), 'arg_cls': (0.5024875621890548, 0.2525, 0.3361064891846922)}}
[2025-05-02 01:30:48] - __main__ - ./output/degree_e2e_mydata/20250501_222112/train.log
[2025-05-02 01:30:48] - __main__ - Epoch 40
[2025-05-02 01:34:45] - __main__ - {'epoch': 40, 'dev_scores': {'tri_id': (0.7372262773722628, 0.6392405063291139, 0.6847457627118644), 'arg_id': (0.5666666666666667, 0.255, 0.35172413793103446), 'arg_cls': (0.5027777777777778, 0.22625, 0.31206896551724134)}}
[2025-05-02 01:34:45] - __main__ - Current best
[2025-05-02 01:34:45] - __main__ - {'best_epoch': 31, 'best_scores': {'tri_id': (0.7720588235294118, 0.6645569620253164, 0.7142857142857144), 'arg_id': (0.572139303482587, 0.2875, 0.3826955074875208), 'arg_cls': (0.5024875621890548, 0.2525, 0.3361064891846922)}}
[2025-05-02 01:34:45] - __main__ - ./output/degree_e2e_mydata/20250501_222112/train.log
[2025-05-02 01:34:45] - __main__ - Epoch 41
[2025-05-02 01:38:31] - __main__ - {'epoch': 41, 'dev_scores': {'tri_id': (0.7291666666666666, 0.6645569620253164, 0.695364238410596), 'arg_id': (0.5661375661375662, 0.2675, 0.36332767402376914), 'arg_cls': (0.5185185185185185, 0.245, 0.33276740237691)}}
[2025-05-02 01:38:31] - __main__ - Current best
[2025-05-02 01:38:31] - __main__ - {'best_epoch': 31, 'best_scores': {'tri_id': (0.7720588235294118, 0.6645569620253164, 0.7142857142857144), 'arg_id': (0.572139303482587, 0.2875, 0.3826955074875208), 'arg_cls': (0.5024875621890548, 0.2525, 0.3361064891846922)}}
[2025-05-02 01:38:31] - __main__ - ./output/degree_e2e_mydata/20250501_222112/train.log
[2025-05-02 01:38:31] - __main__ - Epoch 42
[2025-05-02 01:42:51] - __main__ - {'epoch': 42, 'dev_scores': {'tri_id': (0.7361111111111112, 0.6708860759493671, 0.7019867549668874), 'arg_id': (0.5564304461942258, 0.265, 0.3590177815410669), 'arg_cls': (0.5091863517060368, 0.2425, 0.32853513971210835)}}
[2025-05-02 01:42:51] - __main__ - Current best
[2025-05-02 01:42:51] - __main__ - {'best_epoch': 31, 'best_scores': {'tri_id': (0.7720588235294118, 0.6645569620253164, 0.7142857142857144), 'arg_id': (0.572139303482587, 0.2875, 0.3826955074875208), 'arg_cls': (0.5024875621890548, 0.2525, 0.3361064891846922)}}
[2025-05-02 01:42:51] - __main__ - ./output/degree_e2e_mydata/20250501_222112/train.log
[2025-05-02 01:42:51] - __main__ - Epoch 43
[2025-05-02 01:46:43] - __main__ - {'epoch': 43, 'dev_scores': {'tri_id': (0.7412587412587412, 0.6708860759493671, 0.7043189368770765), 'arg_id': (0.5656836461126006, 0.26375, 0.3597612958226769), 'arg_cls': (0.5281501340482574, 0.24625, 0.3358908780903666)}}
[2025-05-02 01:46:43] - __main__ - Current best
[2025-05-02 01:46:43] - __main__ - {'best_epoch': 31, 'best_scores': {'tri_id': (0.7720588235294118, 0.6645569620253164, 0.7142857142857144), 'arg_id': (0.572139303482587, 0.2875, 0.3826955074875208), 'arg_cls': (0.5024875621890548, 0.2525, 0.3361064891846922)}}
[2025-05-02 01:46:43] - __main__ - ./output/degree_e2e_mydata/20250501_222112/train.log
[2025-05-02 01:46:43] - __main__ - Epoch 44
[2025-05-02 01:50:29] - __main__ - {'epoch': 44, 'dev_scores': {'tri_id': (0.7253521126760564, 0.6518987341772152, 0.6866666666666666), 'arg_id': (0.5531914893617021, 0.26, 0.35374149659863946), 'arg_cls': (0.5079787234042553, 0.23875, 0.3248299319727891)}}
[2025-05-02 01:50:29] - __main__ - Current best
[2025-05-02 01:50:29] - __main__ - {'best_epoch': 31, 'best_scores': {'tri_id': (0.7720588235294118, 0.6645569620253164, 0.7142857142857144), 'arg_id': (0.572139303482587, 0.2875, 0.3826955074875208), 'arg_cls': (0.5024875621890548, 0.2525, 0.3361064891846922)}}
[2025-05-02 01:50:29] - __main__ - ./output/degree_e2e_mydata/20250501_222112/train.log
[2025-05-02 01:50:29] - __main__ - Epoch 45
[2025-05-02 01:54:10] - __main__ - {'epoch': 45, 'dev_scores': {'tri_id': (0.7323943661971831, 0.6582278481012658, 0.6933333333333334), 'arg_id': (0.55, 0.26125, 0.3542372881355932), 'arg_cls': (0.5105263157894737, 0.2425, 0.32881355932203393)}}
[2025-05-02 01:54:10] - __main__ - Current best
[2025-05-02 01:54:10] - __main__ - {'best_epoch': 31, 'best_scores': {'tri_id': (0.7720588235294118, 0.6645569620253164, 0.7142857142857144), 'arg_id': (0.572139303482587, 0.2875, 0.3826955074875208), 'arg_cls': (0.5024875621890548, 0.2525, 0.3361064891846922)}}
[2025-05-02 01:54:10] - __main__ - ./output/degree_e2e_mydata/20250501_222112/train.log
[2025-05-02 01:54:10] - __main__ - Done!
