[2025-09-16 23:18:41] - __main__ - 
{   'accumulate_step': 2,
    'beam_size': 3,
    'cache_dir': 'baselines/DEGREE/cache',
    'config': 'baselines/DEGREE/config/config_degree_scievent.json',
    'dataset': 'ace05e',
    'dev_file': 'SciEvent_data/DEGREE/all_splits/dev.json',
    'dev_finetune_file': 'SciEvent_data/DEGREE/finetune_data/degree_e2e_scievent/full_data/dev_all.pkl',
    'eval_batch_size': 4,
    'finetune_dir': 'SciEvent_data/DEGREE/finetune_data/degree_e2e_scievent/full_data',
    'gpu_device': 1,
    'grad_clipping': 5.0,
    'ignore_first_header': False,
    'input_style': ['event_type_sent', 'keywords', 'template'],
    'learning_rate': 1e-05,
    'max_epoch': 45,
    'max_length': 1024,
    'max_output_length': 100,
    'model_name': 'facebook/bart-large',
    'n_negative': 15,
    'output_dir': 'baselines/DEGREE/output/degree_e2e_scievent/full_data/',
    'output_style': ['trigger:sentence', 'argument:sentence'],
    'seed': 0,
    'test_file': 'SciEvent_data/DEGREE/all_splits/test.json',
    'test_finetune_file': 'SciEvent_data/DEGREE/finetune_data/degree_e2e_scievent/full_data/test_all.pkl',
    'train_batch_size': 4,
    'train_file': 'SciEvent_data/DEGREE/all_splits/train.json',
    'train_finetune_file': 'SciEvent_data/DEGREE/finetune_data/degree_e2e_scievent/full_data/train_all.pkl',
    'vocab_file': 'SciEvent_data/DEGREE/finetune_data/degree_e2e_scievent/full_data/vocab.json',
    'warmup_epoch': 5,
    'weight_decay': 1e-05}
[2025-09-16 23:18:42] - data - Loaded 5112 instances from SciEvent_data/DEGREE/finetune_data/degree_e2e_scievent/full_data/train_all.pkl
[2025-09-16 23:18:42] - data - Loaded 632 instances from SciEvent_data/DEGREE/finetune_data/degree_e2e_scievent/full_data/dev_all.pkl
[2025-09-16 23:18:42] - data - Loaded 652 instances from SciEvent_data/DEGREE/finetune_data/degree_e2e_scievent/full_data/test_all.pkl
[2025-09-16 23:18:42] - model - Loading pre-trained model facebook/bart-large
[2025-09-16 23:18:48] - __main__ - Start training ...
[2025-09-16 23:18:48] - __main__ - baselines/DEGREE/output/degree_e2e_scievent/full_data/20250916_231841/train.log
[2025-09-16 23:18:48] - __main__ - Epoch 1
[2025-09-16 23:23:01] - __main__ - {'epoch': 1, 'dev_scores': {'tri_id': (0, 0.0, 0), 'arg_id': (0, 0.0, 0), 'arg_cls': (0, 0.0, 0)}}
[2025-09-16 23:23:01] - __main__ - Current best
[2025-09-16 23:23:01] - __main__ - {'best_epoch': -1, 'best_scores': {'tri_id': (0.0, 0.0, 0.0), 'arg_id': (0.0, 0.0, 0.0), 'arg_cls': (0.0, 0.0, 0.0)}}
[2025-09-16 23:23:01] - __main__ - baselines/DEGREE/output/degree_e2e_scievent/full_data/20250916_231841/train.log
[2025-09-16 23:23:01] - __main__ - Epoch 2
[2025-09-16 23:27:14] - __main__ - {'epoch': 2, 'dev_scores': {'tri_id': (0, 0.0, 0), 'arg_id': (0, 0.0, 0), 'arg_cls': (0, 0.0, 0)}}
[2025-09-16 23:27:14] - __main__ - Current best
[2025-09-16 23:27:14] - __main__ - {'best_epoch': -1, 'best_scores': {'tri_id': (0.0, 0.0, 0.0), 'arg_id': (0.0, 0.0, 0.0), 'arg_cls': (0.0, 0.0, 0.0)}}
[2025-09-16 23:27:14] - __main__ - baselines/DEGREE/output/degree_e2e_scievent/full_data/20250916_231841/train.log
[2025-09-16 23:27:14] - __main__ - Epoch 3
[2025-09-16 23:31:28] - __main__ - {'epoch': 3, 'dev_scores': {'tri_id': (0, 0.0, 0), 'arg_id': (0, 0.0, 0), 'arg_cls': (0, 0.0, 0)}}
[2025-09-16 23:31:28] - __main__ - Current best
[2025-09-16 23:31:28] - __main__ - {'best_epoch': -1, 'best_scores': {'tri_id': (0.0, 0.0, 0.0), 'arg_id': (0.0, 0.0, 0.0), 'arg_cls': (0.0, 0.0, 0.0)}}
[2025-09-16 23:31:28] - __main__ - baselines/DEGREE/output/degree_e2e_scievent/full_data/20250916_231841/train.log
[2025-09-16 23:31:28] - __main__ - Epoch 4
[2025-09-16 23:36:00] - __main__ - Saving best model
[2025-09-16 23:38:04] - __main__ - {'epoch': 4, 'dev_scores': {'tri_id': (0.6666666666666666, 0.012658227848101266, 0.02484472049689441), 'arg_id': (0.7142857142857143, 0.00625, 0.012391573729863695), 'arg_cls': (0.42857142857142855, 0.00375, 0.007434944237918215)}}
[2025-09-16 23:38:04] - __main__ - {'epoch': 4, 'test_scores': {'tri_id': (1.0, 0.024539877300613498, 0.04790419161676646), 'arg_id': (0.7272727272727273, 0.009467455621301775, 0.018691588785046728), 'arg_cls': (0.36363636363636365, 0.004733727810650888, 0.009345794392523364)}}
[2025-09-16 23:38:04] - __main__ - Current best
[2025-09-16 23:38:04] - __main__ - {'best_epoch': 4, 'best_scores': {'tri_id': (0.6666666666666666, 0.012658227848101266, 0.02484472049689441), 'arg_id': (0.7142857142857143, 0.00625, 0.012391573729863695), 'arg_cls': (0.42857142857142855, 0.00375, 0.007434944237918215)}}
[2025-09-16 23:38:04] - __main__ - baselines/DEGREE/output/degree_e2e_scievent/full_data/20250916_231841/train.log
[2025-09-16 23:38:04] - __main__ - Epoch 5
[2025-09-16 23:42:31] - __main__ - Saving best model
[2025-09-16 23:44:52] - __main__ - {'epoch': 5, 'dev_scores': {'tri_id': (0.6666666666666666, 0.10126582278481013, 0.1758241758241758), 'arg_id': (0.6226415094339622, 0.04125, 0.07737397420867526), 'arg_cls': (0.4716981132075472, 0.03125, 0.05861664712778429)}}
[2025-09-16 23:44:52] - __main__ - {'epoch': 5, 'test_scores': {'tri_id': (0.68, 0.10429447852760736, 0.18085106382978725), 'arg_id': (0.6170212765957447, 0.03431952662721893, 0.06502242152466367), 'arg_cls': (0.48936170212765956, 0.027218934911242602, 0.0515695067264574)}}
[2025-09-16 23:44:52] - __main__ - Current best
[2025-09-16 23:44:52] - __main__ - {'best_epoch': 5, 'best_scores': {'tri_id': (0.6666666666666666, 0.10126582278481013, 0.1758241758241758), 'arg_id': (0.6226415094339622, 0.04125, 0.07737397420867526), 'arg_cls': (0.4716981132075472, 0.03125, 0.05861664712778429)}}
[2025-09-16 23:44:52] - __main__ - baselines/DEGREE/output/degree_e2e_scievent/full_data/20250916_231841/train.log
[2025-09-16 23:44:52] - __main__ - Epoch 6
[2025-09-16 23:49:42] - __main__ - Saving best model
[2025-09-16 23:51:46] - __main__ - {'epoch': 6, 'dev_scores': {'tri_id': (0.6547619047619048, 0.34810126582278483, 0.4545454545454546), 'arg_id': (0.5217391304347826, 0.12, 0.19512195121951217), 'arg_cls': (0.40217391304347827, 0.0925, 0.15040650406504064)}}
[2025-09-16 23:51:46] - __main__ - {'epoch': 6, 'test_scores': {'tri_id': (0.7108433734939759, 0.3619631901840491, 0.47967479674796737), 'arg_id': (0.47058823529411764, 0.09467455621301775, 0.15763546798029554), 'arg_cls': (0.4, 0.08047337278106509, 0.13399014778325125)}}
[2025-09-16 23:51:46] - __main__ - Current best
[2025-09-16 23:51:46] - __main__ - {'best_epoch': 6, 'best_scores': {'tri_id': (0.6547619047619048, 0.34810126582278483, 0.4545454545454546), 'arg_id': (0.5217391304347826, 0.12, 0.19512195121951217), 'arg_cls': (0.40217391304347827, 0.0925, 0.15040650406504064)}}
[2025-09-16 23:51:46] - __main__ - baselines/DEGREE/output/degree_e2e_scievent/full_data/20250916_231841/train.log
[2025-09-16 23:51:46] - __main__ - Epoch 7
[2025-09-16 23:56:35] - __main__ - {'epoch': 7, 'dev_scores': {'tri_id': (0.6101694915254238, 0.22784810126582278, 0.3317972350230415), 'arg_id': (0.5080645161290323, 0.07875, 0.13636363636363635), 'arg_cls': (0.4032258064516129, 0.0625, 0.10822510822510822)}}
[2025-09-16 23:56:35] - __main__ - Current best
[2025-09-16 23:56:35] - __main__ - {'best_epoch': 6, 'best_scores': {'tri_id': (0.6547619047619048, 0.34810126582278483, 0.4545454545454546), 'arg_id': (0.5217391304347826, 0.12, 0.19512195121951217), 'arg_cls': (0.40217391304347827, 0.0925, 0.15040650406504064)}}
[2025-09-16 23:56:35] - __main__ - baselines/DEGREE/output/degree_e2e_scievent/full_data/20250916_231841/train.log
[2025-09-16 23:56:35] - __main__ - Epoch 8
[2025-09-17 00:01:05] - __main__ - Saving best model
[2025-09-17 00:03:33] - __main__ - {'epoch': 8, 'dev_scores': {'tri_id': (0.7403846153846154, 0.4873417721518987, 0.5877862595419847), 'arg_id': (0.5141700404858299, 0.15875, 0.24259789875835722), 'arg_cls': (0.4048582995951417, 0.125, 0.1910219675262655)}}
[2025-09-17 00:03:33] - __main__ - {'epoch': 8, 'test_scores': {'tri_id': (0.7844827586206896, 0.558282208588957, 0.6523297491039427), 'arg_id': (0.5405405405405406, 0.16568047337278108, 0.2536231884057972), 'arg_cls': (0.43243243243243246, 0.13254437869822486, 0.2028985507246377)}}
[2025-09-17 00:03:33] - __main__ - Current best
[2025-09-17 00:03:33] - __main__ - {'best_epoch': 8, 'best_scores': {'tri_id': (0.7403846153846154, 0.4873417721518987, 0.5877862595419847), 'arg_id': (0.5141700404858299, 0.15875, 0.24259789875835722), 'arg_cls': (0.4048582995951417, 0.125, 0.1910219675262655)}}
[2025-09-17 00:03:33] - __main__ - baselines/DEGREE/output/degree_e2e_scievent/full_data/20250916_231841/train.log
[2025-09-17 00:03:33] - __main__ - Epoch 9
[2025-09-17 00:08:11] - __main__ - Saving best model
[2025-09-17 00:10:28] - __main__ - {'epoch': 9, 'dev_scores': {'tri_id': (0.6991150442477876, 0.5, 0.5830258302583026), 'arg_id': (0.5187713310580204, 0.19, 0.27813357731015553), 'arg_cls': (0.40955631399317405, 0.15, 0.21957913998170173)}}
[2025-09-17 00:10:28] - __main__ - {'epoch': 9, 'test_scores': {'tri_id': (0.7058823529411765, 0.5153374233128835, 0.5957446808510638), 'arg_id': (0.5220338983050847, 0.18224852071005918, 0.27017543859649124), 'arg_cls': (0.4, 0.13964497041420118, 0.2070175438596491)}}
[2025-09-17 00:10:28] - __main__ - Current best
[2025-09-17 00:10:28] - __main__ - {'best_epoch': 9, 'best_scores': {'tri_id': (0.6991150442477876, 0.5, 0.5830258302583026), 'arg_id': (0.5187713310580204, 0.19, 0.27813357731015553), 'arg_cls': (0.40955631399317405, 0.15, 0.21957913998170173)}}
[2025-09-17 00:10:28] - __main__ - baselines/DEGREE/output/degree_e2e_scievent/full_data/20250916_231841/train.log
[2025-09-17 00:10:28] - __main__ - Epoch 10
[2025-09-17 00:15:20] - __main__ - {'epoch': 10, 'dev_scores': {'tri_id': (0.6428571428571429, 0.45569620253164556, 0.5333333333333333), 'arg_id': (0.5041666666666667, 0.15125, 0.23269230769230767), 'arg_cls': (0.44583333333333336, 0.13375, 0.2057692307692308)}}
[2025-09-17 00:15:20] - __main__ - Current best
[2025-09-17 00:15:20] - __main__ - {'best_epoch': 9, 'best_scores': {'tri_id': (0.6991150442477876, 0.5, 0.5830258302583026), 'arg_id': (0.5187713310580204, 0.19, 0.27813357731015553), 'arg_cls': (0.40955631399317405, 0.15, 0.21957913998170173)}}
[2025-09-17 00:15:20] - __main__ - baselines/DEGREE/output/degree_e2e_scievent/full_data/20250916_231841/train.log
[2025-09-17 00:15:20] - __main__ - Epoch 11
[2025-09-17 00:19:50] - __main__ - {'epoch': 11, 'dev_scores': {'tri_id': (0.75, 0.45569620253164556, 0.5669291338582677), 'arg_id': (0.5508021390374331, 0.12875, 0.20871327254305974), 'arg_cls': (0.48663101604278075, 0.11375, 0.1843971631205674)}}
[2025-09-17 00:19:50] - __main__ - Current best
[2025-09-17 00:19:50] - __main__ - {'best_epoch': 9, 'best_scores': {'tri_id': (0.6991150442477876, 0.5, 0.5830258302583026), 'arg_id': (0.5187713310580204, 0.19, 0.27813357731015553), 'arg_cls': (0.40955631399317405, 0.15, 0.21957913998170173)}}
[2025-09-17 00:19:50] - __main__ - baselines/DEGREE/output/degree_e2e_scievent/full_data/20250916_231841/train.log
[2025-09-17 00:19:50] - __main__ - Epoch 12
[2025-09-17 00:24:15] - __main__ - Saving best model
[2025-09-17 00:26:26] - __main__ - {'epoch': 12, 'dev_scores': {'tri_id': (0.71875, 0.5822784810126582, 0.6433566433566433), 'arg_id': (0.562015503875969, 0.18125, 0.2741020793950851), 'arg_cls': (0.4806201550387597, 0.155, 0.23440453686200377)}}
[2025-09-17 00:26:26] - __main__ - {'epoch': 12, 'test_scores': {'tri_id': (0.753731343283582, 0.6196319018404908, 0.68013468013468), 'arg_id': (0.5604395604395604, 0.18106508875739644, 0.27370304114490157), 'arg_cls': (0.46153846153846156, 0.14911242603550295, 0.22540250447227192)}}
[2025-09-17 00:26:26] - __main__ - Current best
[2025-09-17 00:26:26] - __main__ - {'best_epoch': 12, 'best_scores': {'tri_id': (0.71875, 0.5822784810126582, 0.6433566433566433), 'arg_id': (0.562015503875969, 0.18125, 0.2741020793950851), 'arg_cls': (0.4806201550387597, 0.155, 0.23440453686200377)}}
[2025-09-17 00:26:26] - __main__ - baselines/DEGREE/output/degree_e2e_scievent/full_data/20250916_231841/train.log
[2025-09-17 00:26:26] - __main__ - Epoch 13
[2025-09-17 00:30:59] - __main__ - Saving best model
[2025-09-17 00:33:18] - __main__ - {'epoch': 13, 'dev_scores': {'tri_id': (0.7142857142857143, 0.569620253164557, 0.6338028169014085), 'arg_id': (0.5378787878787878, 0.1775, 0.26691729323308266), 'arg_cls': (0.4810606060606061, 0.15875, 0.23872180451127817)}}
[2025-09-17 00:33:18] - __main__ - {'epoch': 13, 'test_scores': {'tri_id': (0.6956521739130435, 0.588957055214724, 0.6378737541528239), 'arg_id': (0.5412186379928315, 0.178698224852071, 0.26868327402135234), 'arg_cls': (0.44086021505376344, 0.1455621301775148, 0.21886120996441283)}}
[2025-09-17 00:33:18] - __main__ - Current best
[2025-09-17 00:33:18] - __main__ - {'best_epoch': 13, 'best_scores': {'tri_id': (0.7142857142857143, 0.569620253164557, 0.6338028169014085), 'arg_id': (0.5378787878787878, 0.1775, 0.26691729323308266), 'arg_cls': (0.4810606060606061, 0.15875, 0.23872180451127817)}}
[2025-09-17 00:33:18] - __main__ - baselines/DEGREE/output/degree_e2e_scievent/full_data/20250916_231841/train.log
[2025-09-17 00:33:18] - __main__ - Epoch 14
[2025-09-17 00:37:55] - __main__ - Saving best model
[2025-09-17 00:40:07] - __main__ - {'epoch': 14, 'dev_scores': {'tri_id': (0.6805555555555556, 0.620253164556962, 0.6490066225165563), 'arg_id': (0.4891891891891892, 0.22625, 0.3094017094017094), 'arg_cls': (0.41081081081081083, 0.19, 0.25982905982905985)}}
[2025-09-17 00:40:07] - __main__ - {'epoch': 14, 'test_scores': {'tri_id': (0.6891891891891891, 0.6257668711656442, 0.6559485530546624), 'arg_id': (0.5446927374301676, 0.23076923076923078, 0.32418952618453867), 'arg_cls': (0.4273743016759777, 0.18106508875739644, 0.2543640897755611)}}
[2025-09-17 00:40:07] - __main__ - Current best
[2025-09-17 00:40:07] - __main__ - {'best_epoch': 14, 'best_scores': {'tri_id': (0.6805555555555556, 0.620253164556962, 0.6490066225165563), 'arg_id': (0.4891891891891892, 0.22625, 0.3094017094017094), 'arg_cls': (0.41081081081081083, 0.19, 0.25982905982905985)}}
[2025-09-17 00:40:07] - __main__ - baselines/DEGREE/output/degree_e2e_scievent/full_data/20250916_231841/train.log
[2025-09-17 00:40:07] - __main__ - Epoch 15
[2025-09-17 00:44:46] - __main__ - {'epoch': 15, 'dev_scores': {'tri_id': (0.7375886524822695, 0.6582278481012658, 0.6956521739130435), 'arg_id': (0.5295950155763239, 0.2125, 0.3033006244424621), 'arg_cls': (0.43613707165109034, 0.175, 0.24977698483496877)}}
[2025-09-17 00:44:46] - __main__ - Current best
[2025-09-17 00:44:46] - __main__ - {'best_epoch': 14, 'best_scores': {'tri_id': (0.6805555555555556, 0.620253164556962, 0.6490066225165563), 'arg_id': (0.4891891891891892, 0.22625, 0.3094017094017094), 'arg_cls': (0.41081081081081083, 0.19, 0.25982905982905985)}}
[2025-09-17 00:44:46] - __main__ - baselines/DEGREE/output/degree_e2e_scievent/full_data/20250916_231841/train.log
[2025-09-17 00:44:46] - __main__ - Epoch 16
[2025-09-17 00:49:23] - __main__ - {'epoch': 16, 'dev_scores': {'tri_id': (0.6923076923076923, 0.6265822784810127, 0.6578073089700996), 'arg_id': (0.515625, 0.20625, 0.2946428571428571), 'arg_cls': (0.4375, 0.175, 0.24999999999999994)}}
[2025-09-17 00:49:23] - __main__ - Current best
[2025-09-17 00:49:23] - __main__ - {'best_epoch': 14, 'best_scores': {'tri_id': (0.6805555555555556, 0.620253164556962, 0.6490066225165563), 'arg_id': (0.4891891891891892, 0.22625, 0.3094017094017094), 'arg_cls': (0.41081081081081083, 0.19, 0.25982905982905985)}}
[2025-09-17 00:49:23] - __main__ - baselines/DEGREE/output/degree_e2e_scievent/full_data/20250916_231841/train.log
[2025-09-17 00:49:23] - __main__ - Epoch 17
[2025-09-17 00:54:27] - __main__ - Saving best model
[2025-09-17 00:56:39] - __main__ - {'epoch': 17, 'dev_scores': {'tri_id': (0.7132867132867133, 0.6455696202531646, 0.6777408637873755), 'arg_id': (0.5165165165165165, 0.215, 0.3036187113857017), 'arg_cls': (0.4444444444444444, 0.185, 0.26125330979699907)}}
[2025-09-17 00:56:39] - __main__ - {'epoch': 17, 'test_scores': {'tri_id': (0.7430555555555556, 0.656441717791411, 0.6970684039087949), 'arg_id': (0.5454545454545454, 0.21301775147928995, 0.3063829787234043), 'arg_cls': (0.4484848484848485, 0.17514792899408285, 0.2519148936170213)}}
[2025-09-17 00:56:39] - __main__ - Current best
[2025-09-17 00:56:39] - __main__ - {'best_epoch': 17, 'best_scores': {'tri_id': (0.7132867132867133, 0.6455696202531646, 0.6777408637873755), 'arg_id': (0.5165165165165165, 0.215, 0.3036187113857017), 'arg_cls': (0.4444444444444444, 0.185, 0.26125330979699907)}}
[2025-09-17 00:56:39] - __main__ - baselines/DEGREE/output/degree_e2e_scievent/full_data/20250916_231841/train.log
[2025-09-17 00:56:39] - __main__ - Epoch 18
[2025-09-17 01:01:08] - __main__ - {'epoch': 18, 'dev_scores': {'tri_id': (0.7058823529411765, 0.6075949367088608, 0.653061224489796), 'arg_id': (0.503957783641161, 0.23875, 0.3240033927056828), 'arg_cls': (0.39313984168865435, 0.18625, 0.2527565733672604)}}
[2025-09-17 01:01:08] - __main__ - Current best
[2025-09-17 01:01:08] - __main__ - {'best_epoch': 17, 'best_scores': {'tri_id': (0.7132867132867133, 0.6455696202531646, 0.6777408637873755), 'arg_id': (0.5165165165165165, 0.215, 0.3036187113857017), 'arg_cls': (0.4444444444444444, 0.185, 0.26125330979699907)}}
[2025-09-17 01:01:08] - __main__ - baselines/DEGREE/output/degree_e2e_scievent/full_data/20250916_231841/train.log
[2025-09-17 01:01:08] - __main__ - Epoch 19
[2025-09-17 01:05:34] - __main__ - {'epoch': 19, 'dev_scores': {'tri_id': (0.7027027027027027, 0.6582278481012658, 0.6797385620915033), 'arg_id': (0.5186246418338109, 0.22625, 0.31505657093124456), 'arg_cls': (0.4183381088825215, 0.1825, 0.25413402959094866)}}
[2025-09-17 01:05:34] - __main__ - Current best
[2025-09-17 01:05:34] - __main__ - {'best_epoch': 17, 'best_scores': {'tri_id': (0.7132867132867133, 0.6455696202531646, 0.6777408637873755), 'arg_id': (0.5165165165165165, 0.215, 0.3036187113857017), 'arg_cls': (0.4444444444444444, 0.185, 0.26125330979699907)}}
[2025-09-17 01:05:34] - __main__ - baselines/DEGREE/output/degree_e2e_scievent/full_data/20250916_231841/train.log
[2025-09-17 01:05:34] - __main__ - Epoch 20
[2025-09-17 01:10:01] - __main__ - {'epoch': 20, 'dev_scores': {'tri_id': (0.7142857142857143, 0.6012658227848101, 0.6529209621993127), 'arg_id': (0.5, 0.20125, 0.28698752228163993), 'arg_cls': (0.391304347826087, 0.1575, 0.2245989304812834)}}
[2025-09-17 01:10:01] - __main__ - Current best
[2025-09-17 01:10:01] - __main__ - {'best_epoch': 17, 'best_scores': {'tri_id': (0.7132867132867133, 0.6455696202531646, 0.6777408637873755), 'arg_id': (0.5165165165165165, 0.215, 0.3036187113857017), 'arg_cls': (0.4444444444444444, 0.185, 0.26125330979699907)}}
[2025-09-17 01:10:01] - __main__ - baselines/DEGREE/output/degree_e2e_scievent/full_data/20250916_231841/train.log
[2025-09-17 01:10:01] - __main__ - Epoch 21
[2025-09-17 01:14:49] - __main__ - Saving best model
[2025-09-17 01:17:01] - __main__ - {'epoch': 21, 'dev_scores': {'tri_id': (0.7338129496402878, 0.6455696202531646, 0.6868686868686869), 'arg_id': (0.5396825396825397, 0.2125, 0.30493273542600896), 'arg_cls': (0.46984126984126984, 0.185, 0.26547085201793724)}}
[2025-09-17 01:17:01] - __main__ - {'epoch': 21, 'test_scores': {'tri_id': (0.8, 0.6625766871165644, 0.7248322147651006), 'arg_id': (0.6027397260273972, 0.20828402366863905, 0.3095866314863676), 'arg_cls': (0.5, 0.1727810650887574, 0.256816182937555)}}
[2025-09-17 01:17:01] - __main__ - Current best
[2025-09-17 01:17:01] - __main__ - {'best_epoch': 21, 'best_scores': {'tri_id': (0.7338129496402878, 0.6455696202531646, 0.6868686868686869), 'arg_id': (0.5396825396825397, 0.2125, 0.30493273542600896), 'arg_cls': (0.46984126984126984, 0.185, 0.26547085201793724)}}
[2025-09-17 01:17:01] - __main__ - baselines/DEGREE/output/degree_e2e_scievent/full_data/20250916_231841/train.log
[2025-09-17 01:17:01] - __main__ - Epoch 22
[2025-09-17 01:21:34] - __main__ - {'epoch': 22, 'dev_scores': {'tri_id': (0.697986577181208, 0.6582278481012658, 0.6775244299674267), 'arg_id': (0.5211726384364821, 0.2, 0.2890695573622403), 'arg_cls': (0.46579804560260585, 0.17875, 0.25835591689250226)}}
[2025-09-17 01:21:34] - __main__ - Current best
[2025-09-17 01:21:34] - __main__ - {'best_epoch': 21, 'best_scores': {'tri_id': (0.7338129496402878, 0.6455696202531646, 0.6868686868686869), 'arg_id': (0.5396825396825397, 0.2125, 0.30493273542600896), 'arg_cls': (0.46984126984126984, 0.185, 0.26547085201793724)}}
[2025-09-17 01:21:34] - __main__ - baselines/DEGREE/output/degree_e2e_scievent/full_data/20250916_231841/train.log
[2025-09-17 01:21:34] - __main__ - Epoch 23
[2025-09-17 01:26:06] - __main__ - Saving best model
[2025-09-17 01:28:25] - __main__ - {'epoch': 23, 'dev_scores': {'tri_id': (0.7424242424242424, 0.620253164556962, 0.6758620689655171), 'arg_id': (0.570957095709571, 0.21625, 0.31368993653671806), 'arg_cls': (0.48514851485148514, 0.18375, 0.2665457842248413)}}
[2025-09-17 01:28:25] - __main__ - {'epoch': 23, 'test_scores': {'tri_id': (0.7794117647058824, 0.6503067484662577, 0.709030100334448), 'arg_id': (0.5695364238410596, 0.20355029585798817, 0.2999128160418483), 'arg_cls': (0.49337748344370863, 0.17633136094674556, 0.2598081952920663)}}
[2025-09-17 01:28:25] - __main__ - Current best
[2025-09-17 01:28:25] - __main__ - {'best_epoch': 23, 'best_scores': {'tri_id': (0.7424242424242424, 0.620253164556962, 0.6758620689655171), 'arg_id': (0.570957095709571, 0.21625, 0.31368993653671806), 'arg_cls': (0.48514851485148514, 0.18375, 0.2665457842248413)}}
[2025-09-17 01:28:25] - __main__ - baselines/DEGREE/output/degree_e2e_scievent/full_data/20250916_231841/train.log
[2025-09-17 01:28:25] - __main__ - Epoch 24
[2025-09-17 01:32:54] - __main__ - Saving best model
[2025-09-17 01:35:15] - __main__ - {'epoch': 24, 'dev_scores': {'tri_id': (0.7142857142857143, 0.6012658227848101, 0.6529209621993127), 'arg_id': (0.56047197640118, 0.2375, 0.33362598770851626), 'arg_cls': (0.49852507374631266, 0.21125, 0.2967515364354697)}}
[2025-09-17 01:35:15] - __main__ - {'epoch': 24, 'test_scores': {'tri_id': (0.7686567164179104, 0.6319018404907976, 0.6936026936026937), 'arg_id': (0.6190476190476191, 0.24615384615384617, 0.3522438611346317), 'arg_cls': (0.5476190476190477, 0.21775147928994082, 0.3116003386960203)}}
[2025-09-17 01:35:15] - __main__ - Current best
[2025-09-17 01:35:15] - __main__ - {'best_epoch': 24, 'best_scores': {'tri_id': (0.7142857142857143, 0.6012658227848101, 0.6529209621993127), 'arg_id': (0.56047197640118, 0.2375, 0.33362598770851626), 'arg_cls': (0.49852507374631266, 0.21125, 0.2967515364354697)}}
[2025-09-17 01:35:15] - __main__ - baselines/DEGREE/output/degree_e2e_scievent/full_data/20250916_231841/train.log
[2025-09-17 01:35:15] - __main__ - Epoch 25
[2025-09-17 01:39:51] - __main__ - Saving best model
[2025-09-17 01:42:02] - __main__ - {'epoch': 25, 'dev_scores': {'tri_id': (0.7857142857142857, 0.6962025316455697, 0.738255033557047), 'arg_id': (0.5638888888888889, 0.25375, 0.35), 'arg_cls': (0.4861111111111111, 0.21875, 0.3017241379310345)}}
[2025-09-17 01:42:02] - __main__ - {'epoch': 25, 'test_scores': {'tri_id': (0.7835820895522388, 0.6441717791411042, 0.7070707070707071), 'arg_id': (0.577639751552795, 0.22011834319526627, 0.3187660668380463), 'arg_cls': (0.5031055900621118, 0.19171597633136095, 0.27763496143958866)}}
[2025-09-17 01:42:02] - __main__ - Current best
[2025-09-17 01:42:02] - __main__ - {'best_epoch': 25, 'best_scores': {'tri_id': (0.7857142857142857, 0.6962025316455697, 0.738255033557047), 'arg_id': (0.5638888888888889, 0.25375, 0.35), 'arg_cls': (0.4861111111111111, 0.21875, 0.3017241379310345)}}
[2025-09-17 01:42:02] - __main__ - baselines/DEGREE/output/degree_e2e_scievent/full_data/20250916_231841/train.log
[2025-09-17 01:42:02] - __main__ - Epoch 26
[2025-09-17 01:46:37] - __main__ - {'epoch': 26, 'dev_scores': {'tri_id': (0.7297297297297297, 0.6835443037974683, 0.7058823529411764), 'arg_id': (0.5243553008595988, 0.22875, 0.3185378590078329), 'arg_cls': (0.4383954154727794, 0.19125, 0.26631853785900783)}}
[2025-09-17 01:46:37] - __main__ - Current best
[2025-09-17 01:46:37] - __main__ - {'best_epoch': 25, 'best_scores': {'tri_id': (0.7857142857142857, 0.6962025316455697, 0.738255033557047), 'arg_id': (0.5638888888888889, 0.25375, 0.35), 'arg_cls': (0.4861111111111111, 0.21875, 0.3017241379310345)}}
[2025-09-17 01:46:37] - __main__ - baselines/DEGREE/output/degree_e2e_scievent/full_data/20250916_231841/train.log
[2025-09-17 01:46:37] - __main__ - Epoch 27
[2025-09-17 01:51:07] - __main__ - {'epoch': 27, 'dev_scores': {'tri_id': (0.7162162162162162, 0.6708860759493671, 0.6928104575163399), 'arg_id': (0.5380577427821522, 0.25625, 0.3471634208298052), 'arg_cls': (0.45931758530183725, 0.21875, 0.2963590177815411)}}
[2025-09-17 01:51:07] - __main__ - Current best
[2025-09-17 01:51:07] - __main__ - {'best_epoch': 25, 'best_scores': {'tri_id': (0.7857142857142857, 0.6962025316455697, 0.738255033557047), 'arg_id': (0.5638888888888889, 0.25375, 0.35), 'arg_cls': (0.4861111111111111, 0.21875, 0.3017241379310345)}}
[2025-09-17 01:51:07] - __main__ - baselines/DEGREE/output/degree_e2e_scievent/full_data/20250916_231841/train.log
[2025-09-17 01:51:07] - __main__ - Epoch 28
[2025-09-17 01:55:38] - __main__ - {'epoch': 28, 'dev_scores': {'tri_id': (0.7318840579710145, 0.6392405063291139, 0.6824324324324325), 'arg_id': (0.5714285714285714, 0.23, 0.32798573975044565), 'arg_cls': (0.4782608695652174, 0.1925, 0.27450980392156865)}}
[2025-09-17 01:55:38] - __main__ - Current best
[2025-09-17 01:55:38] - __main__ - {'best_epoch': 25, 'best_scores': {'tri_id': (0.7857142857142857, 0.6962025316455697, 0.738255033557047), 'arg_id': (0.5638888888888889, 0.25375, 0.35), 'arg_cls': (0.4861111111111111, 0.21875, 0.3017241379310345)}}
[2025-09-17 01:55:38] - __main__ - baselines/DEGREE/output/degree_e2e_scievent/full_data/20250916_231841/train.log
[2025-09-17 01:55:38] - __main__ - Epoch 29
[2025-09-17 02:00:13] - __main__ - {'epoch': 29, 'dev_scores': {'tri_id': (0.7338129496402878, 0.6455696202531646, 0.6868686868686869), 'arg_id': (0.5508474576271186, 0.24375, 0.3379549393414211), 'arg_cls': (0.4689265536723164, 0.2075, 0.2876949740034662)}}
[2025-09-17 02:00:13] - __main__ - Current best
[2025-09-17 02:00:13] - __main__ - {'best_epoch': 25, 'best_scores': {'tri_id': (0.7857142857142857, 0.6962025316455697, 0.738255033557047), 'arg_id': (0.5638888888888889, 0.25375, 0.35), 'arg_cls': (0.4861111111111111, 0.21875, 0.3017241379310345)}}
[2025-09-17 02:00:13] - __main__ - baselines/DEGREE/output/degree_e2e_scievent/full_data/20250916_231841/train.log
[2025-09-17 02:00:13] - __main__ - Epoch 30
[2025-09-17 02:04:44] - __main__ - {'epoch': 30, 'dev_scores': {'tri_id': (0.7352941176470589, 0.6329113924050633, 0.6802721088435374), 'arg_id': (0.5769230769230769, 0.24375, 0.34270650263620384), 'arg_cls': (0.4940828402366864, 0.20875, 0.29349736379613356)}}
[2025-09-17 02:04:44] - __main__ - Current best
[2025-09-17 02:04:44] - __main__ - {'best_epoch': 25, 'best_scores': {'tri_id': (0.7857142857142857, 0.6962025316455697, 0.738255033557047), 'arg_id': (0.5638888888888889, 0.25375, 0.35), 'arg_cls': (0.4861111111111111, 0.21875, 0.3017241379310345)}}
[2025-09-17 02:04:44] - __main__ - baselines/DEGREE/output/degree_e2e_scievent/full_data/20250916_231841/train.log
[2025-09-17 02:04:44] - __main__ - Epoch 31
[2025-09-17 02:09:18] - __main__ - {'epoch': 31, 'dev_scores': {'tri_id': (0.7379310344827587, 0.6772151898734177, 0.7062706270627063), 'arg_id': (0.5638629283489096, 0.22625, 0.32292595896520965), 'arg_cls': (0.4953271028037383, 0.19875, 0.2836752899197145)}}
[2025-09-17 02:09:18] - __main__ - Current best
[2025-09-17 02:09:18] - __main__ - {'best_epoch': 25, 'best_scores': {'tri_id': (0.7857142857142857, 0.6962025316455697, 0.738255033557047), 'arg_id': (0.5638888888888889, 0.25375, 0.35), 'arg_cls': (0.4861111111111111, 0.21875, 0.3017241379310345)}}
[2025-09-17 02:09:18] - __main__ - baselines/DEGREE/output/degree_e2e_scievent/full_data/20250916_231841/train.log
[2025-09-17 02:09:18] - __main__ - Epoch 32
[2025-09-17 02:13:53] - __main__ - {'epoch': 32, 'dev_scores': {'tri_id': (0.6906474820143885, 0.6075949367088608, 0.6464646464646465), 'arg_id': (0.5487804878048781, 0.225, 0.3191489361702128), 'arg_cls': (0.4847560975609756, 0.19875, 0.28191489361702127)}}
[2025-09-17 02:13:53] - __main__ - Current best
[2025-09-17 02:13:53] - __main__ - {'best_epoch': 25, 'best_scores': {'tri_id': (0.7857142857142857, 0.6962025316455697, 0.738255033557047), 'arg_id': (0.5638888888888889, 0.25375, 0.35), 'arg_cls': (0.4861111111111111, 0.21875, 0.3017241379310345)}}
[2025-09-17 02:13:53] - __main__ - baselines/DEGREE/output/degree_e2e_scievent/full_data/20250916_231841/train.log
[2025-09-17 02:13:53] - __main__ - Epoch 33
[2025-09-17 02:18:39] - __main__ - {'epoch': 33, 'dev_scores': {'tri_id': (0.7202797202797203, 0.6518987341772152, 0.6843853820598007), 'arg_id': (0.5634218289085545, 0.23875, 0.3353819139596137), 'arg_cls': (0.4749262536873156, 0.20125, 0.28270412642669007)}}
[2025-09-17 02:18:39] - __main__ - Current best
[2025-09-17 02:18:39] - __main__ - {'best_epoch': 25, 'best_scores': {'tri_id': (0.7857142857142857, 0.6962025316455697, 0.738255033557047), 'arg_id': (0.5638888888888889, 0.25375, 0.35), 'arg_cls': (0.4861111111111111, 0.21875, 0.3017241379310345)}}
[2025-09-17 02:18:39] - __main__ - baselines/DEGREE/output/degree_e2e_scievent/full_data/20250916_231841/train.log
[2025-09-17 02:18:39] - __main__ - Epoch 34
[2025-09-17 02:23:14] - __main__ - {'epoch': 34, 'dev_scores': {'tri_id': (0.7046979865771812, 0.6645569620253164, 0.6840390879478827), 'arg_id': (0.5480225988700564, 0.2425, 0.3362218370883882), 'arg_cls': (0.4830508474576271, 0.21375, 0.29636048526863085)}}
[2025-09-17 02:23:14] - __main__ - Current best
[2025-09-17 02:23:14] - __main__ - {'best_epoch': 25, 'best_scores': {'tri_id': (0.7857142857142857, 0.6962025316455697, 0.738255033557047), 'arg_id': (0.5638888888888889, 0.25375, 0.35), 'arg_cls': (0.4861111111111111, 0.21875, 0.3017241379310345)}}
[2025-09-17 02:23:14] - __main__ - baselines/DEGREE/output/degree_e2e_scievent/full_data/20250916_231841/train.log
[2025-09-17 02:23:14] - __main__ - Epoch 35
[2025-09-17 02:27:47] - __main__ - {'epoch': 35, 'dev_scores': {'tri_id': (0.7086092715231788, 0.6772151898734177, 0.692556634304207), 'arg_id': (0.5284552845528455, 0.24375, 0.3336184773310522), 'arg_cls': (0.46612466124661245, 0.215, 0.29426860564585117)}}
[2025-09-17 02:27:47] - __main__ - Current best
[2025-09-17 02:27:47] - __main__ - {'best_epoch': 25, 'best_scores': {'tri_id': (0.7857142857142857, 0.6962025316455697, 0.738255033557047), 'arg_id': (0.5638888888888889, 0.25375, 0.35), 'arg_cls': (0.4861111111111111, 0.21875, 0.3017241379310345)}}
[2025-09-17 02:27:47] - __main__ - baselines/DEGREE/output/degree_e2e_scievent/full_data/20250916_231841/train.log
[2025-09-17 02:27:47] - __main__ - Epoch 36
[2025-09-17 02:32:19] - __main__ - Saving best model
[2025-09-17 02:34:43] - __main__ - {'epoch': 36, 'dev_scores': {'tri_id': (0.7278911564625851, 0.6772151898734177, 0.7016393442622951), 'arg_id': (0.547945205479452, 0.25, 0.34334763948497854), 'arg_cls': (0.4849315068493151, 0.22125, 0.303862660944206)}}
[2025-09-17 02:34:43] - __main__ - {'epoch': 36, 'test_scores': {'tri_id': (0.7832167832167832, 0.6871165644171779, 0.7320261437908496), 'arg_id': (0.5521126760563381, 0.2319526627218935, 0.32666666666666666), 'arg_cls': (0.48169014084507045, 0.20236686390532543, 0.285)}}
[2025-09-17 02:34:43] - __main__ - Current best
[2025-09-17 02:34:43] - __main__ - {'best_epoch': 36, 'best_scores': {'tri_id': (0.7278911564625851, 0.6772151898734177, 0.7016393442622951), 'arg_id': (0.547945205479452, 0.25, 0.34334763948497854), 'arg_cls': (0.4849315068493151, 0.22125, 0.303862660944206)}}
[2025-09-17 02:34:43] - __main__ - baselines/DEGREE/output/degree_e2e_scievent/full_data/20250916_231841/train.log
[2025-09-17 02:34:43] - __main__ - Epoch 37
[2025-09-17 02:39:10] - __main__ - {'epoch': 37, 'dev_scores': {'tri_id': (0.75, 0.6265822784810127, 0.6827586206896552), 'arg_id': (0.56957928802589, 0.22, 0.31740306582506767), 'arg_cls': (0.5080906148867314, 0.19625, 0.28313796212804326)}}
[2025-09-17 02:39:10] - __main__ - Current best
[2025-09-17 02:39:10] - __main__ - {'best_epoch': 36, 'best_scores': {'tri_id': (0.7278911564625851, 0.6772151898734177, 0.7016393442622951), 'arg_id': (0.547945205479452, 0.25, 0.34334763948497854), 'arg_cls': (0.4849315068493151, 0.22125, 0.303862660944206)}}
[2025-09-17 02:39:10] - __main__ - baselines/DEGREE/output/degree_e2e_scievent/full_data/20250916_231841/train.log
[2025-09-17 02:39:10] - __main__ - Epoch 38
[2025-09-17 02:43:41] - __main__ - Saving best model
[2025-09-17 02:45:54] - __main__ - {'epoch': 38, 'dev_scores': {'tri_id': (0.723404255319149, 0.6455696202531646, 0.6822742474916389), 'arg_id': (0.5631578947368421, 0.2675, 0.36271186440677966), 'arg_cls': (0.5078947368421053, 0.24125, 0.3271186440677966)}}
[2025-09-17 02:45:54] - __main__ - {'epoch': 38, 'test_scores': {'tri_id': (0.7361111111111112, 0.6503067484662577, 0.6905537459283388), 'arg_id': (0.5494791666666666, 0.24970414201183433, 0.3433685923515053), 'arg_cls': (0.4947916666666667, 0.22485207100591717, 0.3091944670463792)}}
[2025-09-17 02:45:54] - __main__ - Current best
[2025-09-17 02:45:54] - __main__ - {'best_epoch': 38, 'best_scores': {'tri_id': (0.723404255319149, 0.6455696202531646, 0.6822742474916389), 'arg_id': (0.5631578947368421, 0.2675, 0.36271186440677966), 'arg_cls': (0.5078947368421053, 0.24125, 0.3271186440677966)}}
[2025-09-17 02:45:54] - __main__ - baselines/DEGREE/output/degree_e2e_scievent/full_data/20250916_231841/train.log
[2025-09-17 02:45:54] - __main__ - Epoch 39
[2025-09-17 02:50:19] - __main__ - {'epoch': 39, 'dev_scores': {'tri_id': (0.7379310344827587, 0.6772151898734177, 0.7062706270627063), 'arg_id': (0.5567282321899736, 0.26375, 0.357930449533503), 'arg_cls': (0.49604221635883905, 0.235, 0.3189143341815097)}}
[2025-09-17 02:50:19] - __main__ - Current best
[2025-09-17 02:50:19] - __main__ - {'best_epoch': 38, 'best_scores': {'tri_id': (0.723404255319149, 0.6455696202531646, 0.6822742474916389), 'arg_id': (0.5631578947368421, 0.2675, 0.36271186440677966), 'arg_cls': (0.5078947368421053, 0.24125, 0.3271186440677966)}}
[2025-09-17 02:50:19] - __main__ - baselines/DEGREE/output/degree_e2e_scievent/full_data/20250916_231841/train.log
[2025-09-17 02:50:19] - __main__ - Epoch 40
[2025-09-17 02:54:48] - __main__ - {'epoch': 40, 'dev_scores': {'tri_id': (0.7310344827586207, 0.6708860759493671, 0.6996699669966997), 'arg_id': (0.5597826086956522, 0.2575, 0.35273972602739734), 'arg_cls': (0.5, 0.23, 0.31506849315068497)}}
[2025-09-17 02:54:48] - __main__ - Current best
[2025-09-17 02:54:48] - __main__ - {'best_epoch': 38, 'best_scores': {'tri_id': (0.723404255319149, 0.6455696202531646, 0.6822742474916389), 'arg_id': (0.5631578947368421, 0.2675, 0.36271186440677966), 'arg_cls': (0.5078947368421053, 0.24125, 0.3271186440677966)}}
[2025-09-17 02:54:48] - __main__ - baselines/DEGREE/output/degree_e2e_scievent/full_data/20250916_231841/train.log
[2025-09-17 02:54:48] - __main__ - Epoch 41
[2025-09-17 02:59:17] - __main__ - {'epoch': 41, 'dev_scores': {'tri_id': (0.7338129496402878, 0.6455696202531646, 0.6868686868686869), 'arg_id': (0.5840220385674931, 0.265, 0.3645743766122098), 'arg_cls': (0.5206611570247934, 0.23625, 0.3250214961306965)}}
[2025-09-17 02:59:17] - __main__ - Current best
[2025-09-17 02:59:17] - __main__ - {'best_epoch': 38, 'best_scores': {'tri_id': (0.723404255319149, 0.6455696202531646, 0.6822742474916389), 'arg_id': (0.5631578947368421, 0.2675, 0.36271186440677966), 'arg_cls': (0.5078947368421053, 0.24125, 0.3271186440677966)}}
[2025-09-17 02:59:17] - __main__ - baselines/DEGREE/output/degree_e2e_scievent/full_data/20250916_231841/train.log
[2025-09-17 02:59:17] - __main__ - Epoch 42
[2025-09-17 03:04:00] - __main__ - {'epoch': 42, 'dev_scores': {'tri_id': (0.7361111111111112, 0.6708860759493671, 0.7019867549668874), 'arg_id': (0.5679347826086957, 0.26125, 0.35787671232876717), 'arg_cls': (0.5027173913043478, 0.23125, 0.3167808219178082)}}
[2025-09-17 03:04:00] - __main__ - Current best
[2025-09-17 03:04:00] - __main__ - {'best_epoch': 38, 'best_scores': {'tri_id': (0.723404255319149, 0.6455696202531646, 0.6822742474916389), 'arg_id': (0.5631578947368421, 0.2675, 0.36271186440677966), 'arg_cls': (0.5078947368421053, 0.24125, 0.3271186440677966)}}
[2025-09-17 03:04:00] - __main__ - baselines/DEGREE/output/degree_e2e_scievent/full_data/20250916_231841/train.log
[2025-09-17 03:04:00] - __main__ - Epoch 43
[2025-09-17 03:08:31] - __main__ - {'epoch': 43, 'dev_scores': {'tri_id': (0.7253521126760564, 0.6518987341772152, 0.6866666666666666), 'arg_id': (0.5737704918032787, 0.2625, 0.3602058319039451), 'arg_cls': (0.505464480874317, 0.23125, 0.3173241852487136)}}
[2025-09-17 03:08:31] - __main__ - Current best
[2025-09-17 03:08:31] - __main__ - {'best_epoch': 38, 'best_scores': {'tri_id': (0.723404255319149, 0.6455696202531646, 0.6822742474916389), 'arg_id': (0.5631578947368421, 0.2675, 0.36271186440677966), 'arg_cls': (0.5078947368421053, 0.24125, 0.3271186440677966)}}
[2025-09-17 03:08:31] - __main__ - baselines/DEGREE/output/degree_e2e_scievent/full_data/20250916_231841/train.log
[2025-09-17 03:08:31] - __main__ - Epoch 44
[2025-09-17 03:13:02] - __main__ - {'epoch': 44, 'dev_scores': {'tri_id': (0.7013888888888888, 0.6392405063291139, 0.6688741721854304), 'arg_id': (0.5645161290322581, 0.2625, 0.35836177474402725), 'arg_cls': (0.4946236559139785, 0.23, 0.31399317406143346)}}
[2025-09-17 03:13:02] - __main__ - Current best
[2025-09-17 03:13:02] - __main__ - {'best_epoch': 38, 'best_scores': {'tri_id': (0.723404255319149, 0.6455696202531646, 0.6822742474916389), 'arg_id': (0.5631578947368421, 0.2675, 0.36271186440677966), 'arg_cls': (0.5078947368421053, 0.24125, 0.3271186440677966)}}
[2025-09-17 03:13:02] - __main__ - baselines/DEGREE/output/degree_e2e_scievent/full_data/20250916_231841/train.log
[2025-09-17 03:13:02] - __main__ - Epoch 45
[2025-09-17 03:17:30] - __main__ - {'epoch': 45, 'dev_scores': {'tri_id': (0.7112676056338029, 0.6392405063291139, 0.6733333333333333), 'arg_id': (0.5676392572944297, 0.2675, 0.3636363636363637), 'arg_cls': (0.5013262599469496, 0.23625, 0.3211554800339847)}}
[2025-09-17 03:17:30] - __main__ - Current best
[2025-09-17 03:17:30] - __main__ - {'best_epoch': 38, 'best_scores': {'tri_id': (0.723404255319149, 0.6455696202531646, 0.6822742474916389), 'arg_id': (0.5631578947368421, 0.2675, 0.36271186440677966), 'arg_cls': (0.5078947368421053, 0.24125, 0.3271186440677966)}}
[2025-09-17 03:17:30] - __main__ - baselines/DEGREE/output/degree_e2e_scievent/full_data/20250916_231841/train.log
[2025-09-17 03:17:30] - __main__ - Done!
