[2025-04-26 20:01:25] - __main__ - 
{   'accumulate_step': 2,
    'beam_size': 3,
    'cache_dir': './cache',
    'config': 'config/config_degree_e2e_no_jmir.json',
    'dataset': 'ace05e',
    'dev_file': './aaa_my_data_conversion/splitted_data/dev.oneie.json',
    'dev_finetune_file': './data/degree_e2e_mydata/no_jmir/dev_all.pkl',
    'eval_batch_size': 4,
    'finetune_dir': './data/degree_e2e_mydata/no_jmir/',
    'gpu_device': 0,
    'grad_clipping': 5.0,
    'ignore_first_header': False,
    'input_style': ['event_type_sent', 'keywords', 'template'],
    'learning_rate': 1e-05,
    'max_epoch': 45,
    'max_length': 1024,
    'max_output_length': 100,
    'model_name': 'facebook/bart-large',
    'n_negative': 15,
    'output_dir': './output/degree_e2e_mydata/no_jmir/',
    'output_style': ['trigger:sentence', 'argument:sentence'],
    'seed': 0,
    'test_file': './aaa_my_data_conversion/splitted_data/test.oneie.json',
    'test_finetune_file': './data/degree_e2e_mydata/no_jmir/test_all.pkl',
    'train_batch_size': 4,
    'train_file': './aaa_my_data_conversion/splitted_data/no_jmir/train.oneie.json',
    'train_finetune_file': './data/degree_e2e_mydata/no_jmir/train_all.pkl',
    'vocab_file': './data/degree_e2e_mydata/no_jmir/vocab.json',
    'warmup_epoch': 5,
    'weight_decay': 1e-05}
[2025-04-26 20:01:26] - data - Loaded 4084 instances from ./data/degree_e2e_mydata/no_jmir/train_all.pkl
[2025-04-26 20:01:26] - data - Loaded 632 instances from ./data/degree_e2e_mydata/no_jmir/dev_all.pkl
[2025-04-26 20:01:26] - data - Loaded 652 instances from ./data/degree_e2e_mydata/no_jmir/test_all.pkl
[2025-04-26 20:01:26] - model - Loading pre-trained model facebook/bart-large
[2025-04-26 20:01:31] - __main__ - Start training ...
[2025-04-26 20:01:31] - __main__ - ./output/degree_e2e_mydata/no_jmir/20250426_200125/train.log
[2025-04-26 20:01:31] - __main__ - Epoch 1
[2025-04-26 20:05:00] - __main__ - {'epoch': 1, 'dev_scores': {'tri_id': (0, 0.0, 0), 'arg_id': (0, 0.0, 0), 'arg_cls': (0, 0.0, 0)}}
[2025-04-26 20:05:00] - __main__ - Current best
[2025-04-26 20:05:00] - __main__ - {'best_epoch': -1, 'best_scores': {'tri_id': (0.0, 0.0, 0.0), 'arg_id': (0.0, 0.0, 0.0), 'arg_cls': (0.0, 0.0, 0.0)}}
[2025-04-26 20:05:00] - __main__ - ./output/degree_e2e_mydata/no_jmir/20250426_200125/train.log
[2025-04-26 20:05:00] - __main__ - Epoch 2
[2025-04-26 20:08:36] - __main__ - {'epoch': 2, 'dev_scores': {'tri_id': (0, 0.0, 0), 'arg_id': (0, 0.0, 0), 'arg_cls': (0, 0.0, 0)}}
[2025-04-26 20:08:36] - __main__ - Current best
[2025-04-26 20:08:36] - __main__ - {'best_epoch': -1, 'best_scores': {'tri_id': (0.0, 0.0, 0.0), 'arg_id': (0.0, 0.0, 0.0), 'arg_cls': (0.0, 0.0, 0.0)}}
[2025-04-26 20:08:36] - __main__ - ./output/degree_e2e_mydata/no_jmir/20250426_200125/train.log
[2025-04-26 20:08:36] - __main__ - Epoch 3
[2025-04-26 20:12:13] - __main__ - {'epoch': 3, 'dev_scores': {'tri_id': (0, 0.0, 0), 'arg_id': (0, 0.0, 0), 'arg_cls': (0, 0.0, 0)}}
[2025-04-26 20:12:13] - __main__ - Current best
[2025-04-26 20:12:13] - __main__ - {'best_epoch': -1, 'best_scores': {'tri_id': (0.0, 0.0, 0.0), 'arg_id': (0.0, 0.0, 0.0), 'arg_cls': (0.0, 0.0, 0.0)}}
[2025-04-26 20:12:13] - __main__ - ./output/degree_e2e_mydata/no_jmir/20250426_200125/train.log
[2025-04-26 20:12:13] - __main__ - Epoch 4
[2025-04-26 20:15:44] - __main__ - {'epoch': 4, 'dev_scores': {'tri_id': (0, 0.0, 0), 'arg_id': (0, 0.0, 0), 'arg_cls': (0, 0.0, 0)}}
[2025-04-26 20:15:44] - __main__ - Current best
[2025-04-26 20:15:44] - __main__ - {'best_epoch': -1, 'best_scores': {'tri_id': (0.0, 0.0, 0.0), 'arg_id': (0.0, 0.0, 0.0), 'arg_cls': (0.0, 0.0, 0.0)}}
[2025-04-26 20:15:44] - __main__ - ./output/degree_e2e_mydata/no_jmir/20250426_200125/train.log
[2025-04-26 20:15:44] - __main__ - Epoch 5
[2025-04-26 20:19:35] - __main__ - Saving best model
[2025-04-26 20:21:27] - __main__ - {'epoch': 5, 'dev_scores': {'tri_id': (0.6666666666666666, 0.0379746835443038, 0.07185628742514971), 'arg_id': (0.42857142857142855, 0.01125, 0.02192448233861145), 'arg_cls': (0.2857142857142857, 0.0075, 0.014616321559074297)}}
[2025-04-26 20:21:27] - __main__ - {'epoch': 5, 'test_scores': {'tri_id': (0.9, 0.05521472392638037, 0.10404624277456648), 'arg_id': (0.6666666666666666, 0.016568047337278107, 0.03233256351039261), 'arg_cls': (0.5238095238095238, 0.01301775147928994, 0.025404157043879907)}}
[2025-04-26 20:21:27] - __main__ - Current best
[2025-04-26 20:21:27] - __main__ - {'best_epoch': 5, 'best_scores': {'tri_id': (0.6666666666666666, 0.0379746835443038, 0.07185628742514971), 'arg_id': (0.42857142857142855, 0.01125, 0.02192448233861145), 'arg_cls': (0.2857142857142857, 0.0075, 0.014616321559074297)}}
[2025-04-26 20:21:27] - __main__ - ./output/degree_e2e_mydata/no_jmir/20250426_200125/train.log
[2025-04-26 20:21:27] - __main__ - Epoch 6
[2025-04-26 20:25:08] - __main__ - Saving best model
[2025-04-26 20:26:57] - __main__ - {'epoch': 6, 'dev_scores': {'tri_id': (0.7017543859649122, 0.25316455696202533, 0.37209302325581395), 'arg_id': (0.625, 0.0875, 0.15350877192982457), 'arg_cls': (0.48214285714285715, 0.0675, 0.11842105263157897)}}
[2025-04-26 20:26:57] - __main__ - {'epoch': 6, 'test_scores': {'tri_id': (0.7755102040816326, 0.2331288343558282, 0.3584905660377358), 'arg_id': (0.5918367346938775, 0.06863905325443787, 0.12301166489925767), 'arg_cls': (0.5204081632653061, 0.06035502958579882, 0.10816542948038176)}}
[2025-04-26 20:26:57] - __main__ - Current best
[2025-04-26 20:26:57] - __main__ - {'best_epoch': 6, 'best_scores': {'tri_id': (0.7017543859649122, 0.25316455696202533, 0.37209302325581395), 'arg_id': (0.625, 0.0875, 0.15350877192982457), 'arg_cls': (0.48214285714285715, 0.0675, 0.11842105263157897)}}
[2025-04-26 20:26:57] - __main__ - ./output/degree_e2e_mydata/no_jmir/20250426_200125/train.log
[2025-04-26 20:26:57] - __main__ - Epoch 7
[2025-04-26 20:30:39] - __main__ - Saving best model
[2025-04-26 20:32:29] - __main__ - {'epoch': 7, 'dev_scores': {'tri_id': (0.6376811594202898, 0.27848101265822783, 0.3876651982378855), 'arg_id': (0.5211267605633803, 0.0925, 0.15711252653927812), 'arg_cls': (0.43661971830985913, 0.0775, 0.13163481953290868)}}
[2025-04-26 20:32:29] - __main__ - {'epoch': 7, 'test_scores': {'tri_id': (0.6428571428571429, 0.3312883435582822, 0.43724696356275305), 'arg_id': (0.5057471264367817, 0.10414201183431952, 0.17271835132482827), 'arg_cls': (0.40804597701149425, 0.08402366863905325, 0.1393523061825319)}}
[2025-04-26 20:32:29] - __main__ - Current best
[2025-04-26 20:32:29] - __main__ - {'best_epoch': 7, 'best_scores': {'tri_id': (0.6376811594202898, 0.27848101265822783, 0.3876651982378855), 'arg_id': (0.5211267605633803, 0.0925, 0.15711252653927812), 'arg_cls': (0.43661971830985913, 0.0775, 0.13163481953290868)}}
[2025-04-26 20:32:29] - __main__ - ./output/degree_e2e_mydata/no_jmir/20250426_200125/train.log
[2025-04-26 20:32:29] - __main__ - Epoch 8
[2025-04-26 20:36:07] - __main__ - {'epoch': 8, 'dev_scores': {'tri_id': (0.7017543859649122, 0.25316455696202533, 0.37209302325581395), 'arg_id': (0.6239316239316239, 0.09125, 0.15921483097055614), 'arg_cls': (0.5128205128205128, 0.075, 0.13086150490730644)}}
[2025-04-26 20:36:07] - __main__ - Current best
[2025-04-26 20:36:07] - __main__ - {'best_epoch': 7, 'best_scores': {'tri_id': (0.6376811594202898, 0.27848101265822783, 0.3876651982378855), 'arg_id': (0.5211267605633803, 0.0925, 0.15711252653927812), 'arg_cls': (0.43661971830985913, 0.0775, 0.13163481953290868)}}
[2025-04-26 20:36:07] - __main__ - ./output/degree_e2e_mydata/no_jmir/20250426_200125/train.log
[2025-04-26 20:36:07] - __main__ - Epoch 9
[2025-04-26 20:39:40] - __main__ - Saving best model
[2025-04-26 20:41:35] - __main__ - {'epoch': 9, 'dev_scores': {'tri_id': (0.7228915662650602, 0.379746835443038, 0.49792531120331956), 'arg_id': (0.5789473684210527, 0.1375, 0.22222222222222227), 'arg_cls': (0.5, 0.11875, 0.1919191919191919)}}
[2025-04-26 20:41:35] - __main__ - {'epoch': 9, 'test_scores': {'tri_id': (0.7692307692307693, 0.4294478527607362, 0.5511811023622047), 'arg_id': (0.6382978723404256, 0.14201183431952663, 0.23233301064859632), 'arg_cls': (0.5585106382978723, 0.1242603550295858, 0.20329138431752178)}}
[2025-04-26 20:41:35] - __main__ - Current best
[2025-04-26 20:41:35] - __main__ - {'best_epoch': 9, 'best_scores': {'tri_id': (0.7228915662650602, 0.379746835443038, 0.49792531120331956), 'arg_id': (0.5789473684210527, 0.1375, 0.22222222222222227), 'arg_cls': (0.5, 0.11875, 0.1919191919191919)}}
[2025-04-26 20:41:35] - __main__ - ./output/degree_e2e_mydata/no_jmir/20250426_200125/train.log
[2025-04-26 20:41:35] - __main__ - Epoch 10
[2025-04-26 20:45:05] - __main__ - Saving best model
[2025-04-26 20:46:48] - __main__ - {'epoch': 10, 'dev_scores': {'tri_id': (0.6902654867256637, 0.4936708860759494, 0.5756457564575646), 'arg_id': (0.5933609958506224, 0.17875, 0.2747358309317963), 'arg_cls': (0.5062240663900415, 0.1525, 0.23439000960614795)}}
[2025-04-26 20:46:48] - __main__ - {'epoch': 10, 'test_scores': {'tri_id': (0.7391304347826086, 0.5214723926380368, 0.6115107913669064), 'arg_id': (0.5879828326180258, 0.1621301775147929, 0.2541743970315399), 'arg_cls': (0.47639484978540775, 0.13136094674556212, 0.2059369202226345)}}
[2025-04-26 20:46:48] - __main__ - Current best
[2025-04-26 20:46:48] - __main__ - {'best_epoch': 10, 'best_scores': {'tri_id': (0.6902654867256637, 0.4936708860759494, 0.5756457564575646), 'arg_id': (0.5933609958506224, 0.17875, 0.2747358309317963), 'arg_cls': (0.5062240663900415, 0.1525, 0.23439000960614795)}}
[2025-04-26 20:46:48] - __main__ - ./output/degree_e2e_mydata/no_jmir/20250426_200125/train.log
[2025-04-26 20:46:48] - __main__ - Epoch 11
[2025-04-26 20:50:26] - __main__ - Saving best model
[2025-04-26 20:52:18] - __main__ - {'epoch': 11, 'dev_scores': {'tri_id': (0.7230769230769231, 0.5949367088607594, 0.6527777777777777), 'arg_id': (0.5603715170278638, 0.22625, 0.3223508459483526), 'arg_cls': (0.44891640866873067, 0.18125, 0.25823686553873554)}}
[2025-04-26 20:52:18] - __main__ - {'epoch': 11, 'test_scores': {'tri_id': (0.732824427480916, 0.588957055214724, 0.653061224489796), 'arg_id': (0.5562913907284768, 0.19881656804733727, 0.29293809938971227), 'arg_cls': (0.4602649006622517, 0.16449704142011834, 0.24237140366172624)}}
[2025-04-26 20:52:18] - __main__ - Current best
[2025-04-26 20:52:18] - __main__ - {'best_epoch': 11, 'best_scores': {'tri_id': (0.7230769230769231, 0.5949367088607594, 0.6527777777777777), 'arg_id': (0.5603715170278638, 0.22625, 0.3223508459483526), 'arg_cls': (0.44891640866873067, 0.18125, 0.25823686553873554)}}
[2025-04-26 20:52:18] - __main__ - ./output/degree_e2e_mydata/no_jmir/20250426_200125/train.log
[2025-04-26 20:52:18] - __main__ - Epoch 12
[2025-04-26 20:55:53] - __main__ - {'epoch': 12, 'dev_scores': {'tri_id': (0.6716417910447762, 0.569620253164557, 0.6164383561643836), 'arg_id': (0.5261538461538462, 0.21375, 0.304), 'arg_cls': (0.4153846153846154, 0.16875, 0.24)}}
[2025-04-26 20:55:53] - __main__ - Current best
[2025-04-26 20:55:53] - __main__ - {'best_epoch': 11, 'best_scores': {'tri_id': (0.7230769230769231, 0.5949367088607594, 0.6527777777777777), 'arg_id': (0.5603715170278638, 0.22625, 0.3223508459483526), 'arg_cls': (0.44891640866873067, 0.18125, 0.25823686553873554)}}
[2025-04-26 20:55:53] - __main__ - ./output/degree_e2e_mydata/no_jmir/20250426_200125/train.log
[2025-04-26 20:55:53] - __main__ - Epoch 13
[2025-04-26 20:59:27] - __main__ - {'epoch': 13, 'dev_scores': {'tri_id': (0.7105263157894737, 0.5126582278481012, 0.5955882352941176), 'arg_id': (0.5636363636363636, 0.19375, 0.28837209302325584), 'arg_cls': (0.4290909090909091, 0.1475, 0.21953488372093025)}}
[2025-04-26 20:59:27] - __main__ - Current best
[2025-04-26 20:59:27] - __main__ - {'best_epoch': 11, 'best_scores': {'tri_id': (0.7230769230769231, 0.5949367088607594, 0.6527777777777777), 'arg_id': (0.5603715170278638, 0.22625, 0.3223508459483526), 'arg_cls': (0.44891640866873067, 0.18125, 0.25823686553873554)}}
[2025-04-26 20:59:27] - __main__ - ./output/degree_e2e_mydata/no_jmir/20250426_200125/train.log
[2025-04-26 20:59:27] - __main__ - Epoch 14
[2025-04-26 21:03:04] - __main__ - {'epoch': 14, 'dev_scores': {'tri_id': (0.71875, 0.5822784810126582, 0.6433566433566433), 'arg_id': (0.5309446254071661, 0.20375, 0.2944896115627823), 'arg_cls': (0.44299674267100975, 0.17, 0.24570912375790427)}}
[2025-04-26 21:03:04] - __main__ - Current best
[2025-04-26 21:03:04] - __main__ - {'best_epoch': 11, 'best_scores': {'tri_id': (0.7230769230769231, 0.5949367088607594, 0.6527777777777777), 'arg_id': (0.5603715170278638, 0.22625, 0.3223508459483526), 'arg_cls': (0.44891640866873067, 0.18125, 0.25823686553873554)}}
[2025-04-26 21:03:04] - __main__ - ./output/degree_e2e_mydata/no_jmir/20250426_200125/train.log
[2025-04-26 21:03:04] - __main__ - Epoch 15
[2025-04-26 21:06:46] - __main__ - {'epoch': 15, 'dev_scores': {'tri_id': (0.7251908396946565, 0.6012658227848101, 0.657439446366782), 'arg_id': (0.528052805280528, 0.2, 0.29011786038077975), 'arg_cls': (0.44224422442244227, 0.1675, 0.24297370806890303)}}
[2025-04-26 21:06:46] - __main__ - Current best
[2025-04-26 21:06:46] - __main__ - {'best_epoch': 11, 'best_scores': {'tri_id': (0.7230769230769231, 0.5949367088607594, 0.6527777777777777), 'arg_id': (0.5603715170278638, 0.22625, 0.3223508459483526), 'arg_cls': (0.44891640866873067, 0.18125, 0.25823686553873554)}}
[2025-04-26 21:06:46] - __main__ - ./output/degree_e2e_mydata/no_jmir/20250426_200125/train.log
[2025-04-26 21:06:46] - __main__ - Epoch 16
[2025-04-26 21:10:38] - __main__ - {'epoch': 16, 'dev_scores': {'tri_id': (0.7222222222222222, 0.5759493670886076, 0.6408450704225351), 'arg_id': (0.6053639846743295, 0.1975, 0.29783223374175305), 'arg_cls': (0.4904214559386973, 0.16, 0.24128180961357212)}}
[2025-04-26 21:10:38] - __main__ - Current best
[2025-04-26 21:10:38] - __main__ - {'best_epoch': 11, 'best_scores': {'tri_id': (0.7230769230769231, 0.5949367088607594, 0.6527777777777777), 'arg_id': (0.5603715170278638, 0.22625, 0.3223508459483526), 'arg_cls': (0.44891640866873067, 0.18125, 0.25823686553873554)}}
[2025-04-26 21:10:38] - __main__ - ./output/degree_e2e_mydata/no_jmir/20250426_200125/train.log
[2025-04-26 21:10:38] - __main__ - Epoch 17
[2025-04-26 21:14:22] - __main__ - {'epoch': 17, 'dev_scores': {'tri_id': (0.6744186046511628, 0.5506329113924051, 0.6062717770034842), 'arg_id': (0.538235294117647, 0.22875, 0.32105263157894737), 'arg_cls': (0.4264705882352941, 0.18125, 0.25438596491228066)}}
[2025-04-26 21:14:22] - __main__ - Current best
[2025-04-26 21:14:22] - __main__ - {'best_epoch': 11, 'best_scores': {'tri_id': (0.7230769230769231, 0.5949367088607594, 0.6527777777777777), 'arg_id': (0.5603715170278638, 0.22625, 0.3223508459483526), 'arg_cls': (0.44891640866873067, 0.18125, 0.25823686553873554)}}
[2025-04-26 21:14:22] - __main__ - ./output/degree_e2e_mydata/no_jmir/20250426_200125/train.log
[2025-04-26 21:14:22] - __main__ - Epoch 18
[2025-04-26 21:18:04] - __main__ - {'epoch': 18, 'dev_scores': {'tri_id': (0.7107438016528925, 0.5443037974683544, 0.6164874551971326), 'arg_id': (0.5463576158940397, 0.20625, 0.29945553539019965), 'arg_cls': (0.4337748344370861, 0.16375, 0.23774954627949185)}}
[2025-04-26 21:18:04] - __main__ - Current best
[2025-04-26 21:18:04] - __main__ - {'best_epoch': 11, 'best_scores': {'tri_id': (0.7230769230769231, 0.5949367088607594, 0.6527777777777777), 'arg_id': (0.5603715170278638, 0.22625, 0.3223508459483526), 'arg_cls': (0.44891640866873067, 0.18125, 0.25823686553873554)}}
[2025-04-26 21:18:04] - __main__ - ./output/degree_e2e_mydata/no_jmir/20250426_200125/train.log
[2025-04-26 21:18:04] - __main__ - Epoch 19
[2025-04-26 21:21:45] - __main__ - {'epoch': 19, 'dev_scores': {'tri_id': (0.696969696969697, 0.5822784810126582, 0.6344827586206897), 'arg_id': (0.5264705882352941, 0.22375, 0.3140350877192983), 'arg_cls': (0.4147058823529412, 0.17625, 0.24736842105263157)}}
[2025-04-26 21:21:45] - __main__ - Current best
[2025-04-26 21:21:45] - __main__ - {'best_epoch': 11, 'best_scores': {'tri_id': (0.7230769230769231, 0.5949367088607594, 0.6527777777777777), 'arg_id': (0.5603715170278638, 0.22625, 0.3223508459483526), 'arg_cls': (0.44891640866873067, 0.18125, 0.25823686553873554)}}
[2025-04-26 21:21:45] - __main__ - ./output/degree_e2e_mydata/no_jmir/20250426_200125/train.log
[2025-04-26 21:21:45] - __main__ - Epoch 20
[2025-04-26 21:25:25] - __main__ - Saving best model
[2025-04-26 21:27:22] - __main__ - {'epoch': 20, 'dev_scores': {'tri_id': (0.7424242424242424, 0.620253164556962, 0.6758620689655171), 'arg_id': (0.5727272727272728, 0.23625, 0.33451327433628314), 'arg_cls': (0.4696969696969697, 0.19375, 0.27433628318584075)}}
[2025-04-26 21:27:22] - __main__ - {'epoch': 20, 'test_scores': {'tri_id': (0.6940298507462687, 0.5705521472392638, 0.6262626262626262), 'arg_id': (0.525974025974026, 0.19171597633136095, 0.2810060711188205), 'arg_cls': (0.41883116883116883, 0.15266272189349112, 0.22376409366869038)}}
[2025-04-26 21:27:22] - __main__ - Current best
[2025-04-26 21:27:22] - __main__ - {'best_epoch': 20, 'best_scores': {'tri_id': (0.7424242424242424, 0.620253164556962, 0.6758620689655171), 'arg_id': (0.5727272727272728, 0.23625, 0.33451327433628314), 'arg_cls': (0.4696969696969697, 0.19375, 0.27433628318584075)}}
[2025-04-26 21:27:22] - __main__ - ./output/degree_e2e_mydata/no_jmir/20250426_200125/train.log
[2025-04-26 21:27:22] - __main__ - Epoch 21
[2025-04-26 21:30:58] - __main__ - {'epoch': 21, 'dev_scores': {'tri_id': (0.678082191780822, 0.6265822784810127, 0.6513157894736842), 'arg_id': (0.5175438596491229, 0.22125, 0.3099824868651489), 'arg_cls': (0.41812865497076024, 0.17875, 0.2504378283712784)}}
[2025-04-26 21:30:58] - __main__ - Current best
[2025-04-26 21:30:58] - __main__ - {'best_epoch': 20, 'best_scores': {'tri_id': (0.7424242424242424, 0.620253164556962, 0.6758620689655171), 'arg_id': (0.5727272727272728, 0.23625, 0.33451327433628314), 'arg_cls': (0.4696969696969697, 0.19375, 0.27433628318584075)}}
[2025-04-26 21:30:58] - __main__ - ./output/degree_e2e_mydata/no_jmir/20250426_200125/train.log
[2025-04-26 21:30:58] - __main__ - Epoch 22
[2025-04-26 21:34:40] - __main__ - {'epoch': 22, 'dev_scores': {'tri_id': (0.7226277372262774, 0.6265822784810127, 0.6711864406779662), 'arg_id': (0.5119760479041916, 0.21375, 0.30158730158730157), 'arg_cls': (0.4311377245508982, 0.18, 0.25396825396825395)}}
[2025-04-26 21:34:40] - __main__ - Current best
[2025-04-26 21:34:40] - __main__ - {'best_epoch': 20, 'best_scores': {'tri_id': (0.7424242424242424, 0.620253164556962, 0.6758620689655171), 'arg_id': (0.5727272727272728, 0.23625, 0.33451327433628314), 'arg_cls': (0.4696969696969697, 0.19375, 0.27433628318584075)}}
[2025-04-26 21:34:40] - __main__ - ./output/degree_e2e_mydata/no_jmir/20250426_200125/train.log
[2025-04-26 21:34:40] - __main__ - Epoch 23
[2025-04-26 21:38:33] - __main__ - {'epoch': 23, 'dev_scores': {'tri_id': (0.7045454545454546, 0.5886075949367089, 0.6413793103448276), 'arg_id': (0.5416666666666666, 0.21125, 0.30395683453237404), 'arg_cls': (0.4775641025641026, 0.18625, 0.26798561151079137)}}
[2025-04-26 21:38:33] - __main__ - Current best
[2025-04-26 21:38:33] - __main__ - {'best_epoch': 20, 'best_scores': {'tri_id': (0.7424242424242424, 0.620253164556962, 0.6758620689655171), 'arg_id': (0.5727272727272728, 0.23625, 0.33451327433628314), 'arg_cls': (0.4696969696969697, 0.19375, 0.27433628318584075)}}
[2025-04-26 21:38:33] - __main__ - ./output/degree_e2e_mydata/no_jmir/20250426_200125/train.log
[2025-04-26 21:38:33] - __main__ - Epoch 24
[2025-04-26 21:42:14] - __main__ - Saving best model
[2025-04-26 21:44:12] - __main__ - {'epoch': 24, 'dev_scores': {'tri_id': (0.732824427480916, 0.6075949367088608, 0.6643598615916955), 'arg_id': (0.56875, 0.2275, 0.325), 'arg_cls': (0.484375, 0.19375, 0.2767857142857143)}}
[2025-04-26 21:44:12] - __main__ - {'epoch': 24, 'test_scores': {'tri_id': (0.6893939393939394, 0.558282208588957, 0.6169491525423729), 'arg_id': (0.5252525252525253, 0.18461538461538463, 0.27320490367775835), 'arg_cls': (0.4781144781144781, 0.1680473372781065, 0.24868651488616464)}}
[2025-04-26 21:44:12] - __main__ - Current best
[2025-04-26 21:44:12] - __main__ - {'best_epoch': 24, 'best_scores': {'tri_id': (0.732824427480916, 0.6075949367088608, 0.6643598615916955), 'arg_id': (0.56875, 0.2275, 0.325), 'arg_cls': (0.484375, 0.19375, 0.2767857142857143)}}
[2025-04-26 21:44:12] - __main__ - ./output/degree_e2e_mydata/no_jmir/20250426_200125/train.log
[2025-04-26 21:44:12] - __main__ - Epoch 25
[2025-04-26 21:47:53] - __main__ - {'epoch': 25, 'dev_scores': {'tri_id': (0.7152777777777778, 0.6518987341772152, 0.6821192052980133), 'arg_id': (0.5473372781065089, 0.23125, 0.32513181019332166), 'arg_cls': (0.46153846153846156, 0.195, 0.2741652021089631)}}
[2025-04-26 21:47:53] - __main__ - Current best
[2025-04-26 21:47:53] - __main__ - {'best_epoch': 24, 'best_scores': {'tri_id': (0.732824427480916, 0.6075949367088608, 0.6643598615916955), 'arg_id': (0.56875, 0.2275, 0.325), 'arg_cls': (0.484375, 0.19375, 0.2767857142857143)}}
[2025-04-26 21:47:53] - __main__ - ./output/degree_e2e_mydata/no_jmir/20250426_200125/train.log
[2025-04-26 21:47:53] - __main__ - Epoch 26
[2025-04-26 21:51:29] - __main__ - {'epoch': 26, 'dev_scores': {'tri_id': (0.6992481203007519, 0.5886075949367089, 0.6391752577319588), 'arg_id': (0.5700325732899023, 0.21875, 0.31616982836495033), 'arg_cls': (0.4820846905537459, 0.185, 0.26738934056007224)}}
[2025-04-26 21:51:29] - __main__ - Current best
[2025-04-26 21:51:29] - __main__ - {'best_epoch': 24, 'best_scores': {'tri_id': (0.732824427480916, 0.6075949367088608, 0.6643598615916955), 'arg_id': (0.56875, 0.2275, 0.325), 'arg_cls': (0.484375, 0.19375, 0.2767857142857143)}}
[2025-04-26 21:51:29] - __main__ - ./output/degree_e2e_mydata/no_jmir/20250426_200125/train.log
[2025-04-26 21:51:29] - __main__ - Epoch 27
[2025-04-26 21:55:08] - __main__ - {'epoch': 27, 'dev_scores': {'tri_id': (0.6884057971014492, 0.6012658227848101, 0.6418918918918918), 'arg_id': (0.5214285714285715, 0.1825, 0.27037037037037037), 'arg_cls': (0.4607142857142857, 0.16125, 0.23888888888888887)}}
[2025-04-26 21:55:08] - __main__ - Current best
[2025-04-26 21:55:08] - __main__ - {'best_epoch': 24, 'best_scores': {'tri_id': (0.732824427480916, 0.6075949367088608, 0.6643598615916955), 'arg_id': (0.56875, 0.2275, 0.325), 'arg_cls': (0.484375, 0.19375, 0.2767857142857143)}}
[2025-04-26 21:55:08] - __main__ - ./output/degree_e2e_mydata/no_jmir/20250426_200125/train.log
[2025-04-26 21:55:08] - __main__ - Epoch 28
[2025-04-26 21:58:46] - __main__ - {'epoch': 28, 'dev_scores': {'tri_id': (0.7153284671532847, 0.620253164556962, 0.6644067796610169), 'arg_id': (0.52, 0.2275, 0.31652173913043474), 'arg_cls': (0.43714285714285717, 0.19125, 0.26608695652173914)}}
[2025-04-26 21:58:46] - __main__ - Current best
[2025-04-26 21:58:46] - __main__ - {'best_epoch': 24, 'best_scores': {'tri_id': (0.732824427480916, 0.6075949367088608, 0.6643598615916955), 'arg_id': (0.56875, 0.2275, 0.325), 'arg_cls': (0.484375, 0.19375, 0.2767857142857143)}}
[2025-04-26 21:58:46] - __main__ - ./output/degree_e2e_mydata/no_jmir/20250426_200125/train.log
[2025-04-26 21:58:46] - __main__ - Epoch 29
[2025-04-26 22:02:22] - __main__ - Saving best model
[2025-04-26 22:04:19] - __main__ - {'epoch': 29, 'dev_scores': {'tri_id': (0.7410071942446043, 0.6518987341772152, 0.6936026936026936), 'arg_id': (0.5565749235474006, 0.2275, 0.32298136645962733), 'arg_cls': (0.4923547400611621, 0.20125, 0.2857142857142857)}}
[2025-04-26 22:04:19] - __main__ - {'epoch': 29, 'test_scores': {'tri_id': (0.7083333333333334, 0.6257668711656442, 0.6644951140065147), 'arg_id': (0.5414012738853503, 0.20118343195266272, 0.29335634167385677), 'arg_cls': (0.49044585987261147, 0.18224852071005918, 0.2657463330457291)}}
[2025-04-26 22:04:19] - __main__ - Current best
[2025-04-26 22:04:19] - __main__ - {'best_epoch': 29, 'best_scores': {'tri_id': (0.7410071942446043, 0.6518987341772152, 0.6936026936026936), 'arg_id': (0.5565749235474006, 0.2275, 0.32298136645962733), 'arg_cls': (0.4923547400611621, 0.20125, 0.2857142857142857)}}
[2025-04-26 22:04:19] - __main__ - ./output/degree_e2e_mydata/no_jmir/20250426_200125/train.log
[2025-04-26 22:04:19] - __main__ - Epoch 30
[2025-04-26 22:08:00] - __main__ - {'epoch': 30, 'dev_scores': {'tri_id': (0.7428571428571429, 0.6582278481012658, 0.697986577181208), 'arg_id': (0.56656346749226, 0.22875, 0.3259127337488869), 'arg_cls': (0.49226006191950467, 0.19875, 0.2831700801424755)}}
[2025-04-26 22:08:00] - __main__ - Current best
[2025-04-26 22:08:00] - __main__ - {'best_epoch': 29, 'best_scores': {'tri_id': (0.7410071942446043, 0.6518987341772152, 0.6936026936026936), 'arg_id': (0.5565749235474006, 0.2275, 0.32298136645962733), 'arg_cls': (0.4923547400611621, 0.20125, 0.2857142857142857)}}
[2025-04-26 22:08:00] - __main__ - ./output/degree_e2e_mydata/no_jmir/20250426_200125/train.log
[2025-04-26 22:08:00] - __main__ - Epoch 31
[2025-04-26 22:11:43] - __main__ - {'epoch': 31, 'dev_scores': {'tri_id': (0.7062937062937062, 0.6392405063291139, 0.6710963455149501), 'arg_id': (0.538961038961039, 0.2075, 0.2996389891696751), 'arg_cls': (0.4805194805194805, 0.185, 0.2671480144404332)}}
[2025-04-26 22:11:43] - __main__ - Current best
[2025-04-26 22:11:43] - __main__ - {'best_epoch': 29, 'best_scores': {'tri_id': (0.7410071942446043, 0.6518987341772152, 0.6936026936026936), 'arg_id': (0.5565749235474006, 0.2275, 0.32298136645962733), 'arg_cls': (0.4923547400611621, 0.20125, 0.2857142857142857)}}
[2025-04-26 22:11:43] - __main__ - ./output/degree_e2e_mydata/no_jmir/20250426_200125/train.log
[2025-04-26 22:11:43] - __main__ - Epoch 32
[2025-04-26 22:15:25] - __main__ - Saving best model
[2025-04-26 22:17:17] - __main__ - {'epoch': 32, 'dev_scores': {'tri_id': (0.7596899224806202, 0.620253164556962, 0.6829268292682927), 'arg_id': (0.5734870317002881, 0.24875, 0.3469921534437663), 'arg_cls': (0.4899135446685879, 0.2125, 0.29642545771578027)}}
[2025-04-26 22:17:17] - __main__ - {'epoch': 32, 'test_scores': {'tri_id': (0.746268656716418, 0.6134969325153374, 0.6734006734006734), 'arg_id': (0.5425219941348973, 0.21893491124260356, 0.31197301854974707), 'arg_cls': (0.4838709677419355, 0.1952662721893491, 0.2782462057335582)}}
[2025-04-26 22:17:17] - __main__ - Current best
[2025-04-26 22:17:17] - __main__ - {'best_epoch': 32, 'best_scores': {'tri_id': (0.7596899224806202, 0.620253164556962, 0.6829268292682927), 'arg_id': (0.5734870317002881, 0.24875, 0.3469921534437663), 'arg_cls': (0.4899135446685879, 0.2125, 0.29642545771578027)}}
[2025-04-26 22:17:17] - __main__ - ./output/degree_e2e_mydata/no_jmir/20250426_200125/train.log
[2025-04-26 22:17:17] - __main__ - Epoch 33
[2025-04-26 22:20:53] - __main__ - {'epoch': 33, 'dev_scores': {'tri_id': (0.7238805970149254, 0.6139240506329114, 0.6643835616438356), 'arg_id': (0.5661016949152542, 0.20875, 0.3050228310502283), 'arg_cls': (0.49491525423728816, 0.1825, 0.26666666666666666)}}
[2025-04-26 22:20:53] - __main__ - Current best
[2025-04-26 22:20:53] - __main__ - {'best_epoch': 32, 'best_scores': {'tri_id': (0.7596899224806202, 0.620253164556962, 0.6829268292682927), 'arg_id': (0.5734870317002881, 0.24875, 0.3469921534437663), 'arg_cls': (0.4899135446685879, 0.2125, 0.29642545771578027)}}
[2025-04-26 22:20:53] - __main__ - ./output/degree_e2e_mydata/no_jmir/20250426_200125/train.log
[2025-04-26 22:20:53] - __main__ - Epoch 34
[2025-04-26 22:24:30] - __main__ - {'epoch': 34, 'dev_scores': {'tri_id': (0.751937984496124, 0.6139240506329114, 0.6759581881533101), 'arg_id': (0.5665529010238908, 0.2075, 0.303751143641354), 'arg_cls': (0.49829351535836175, 0.1825, 0.26715462031107046)}}
[2025-04-26 22:24:30] - __main__ - Current best
[2025-04-26 22:24:30] - __main__ - {'best_epoch': 32, 'best_scores': {'tri_id': (0.7596899224806202, 0.620253164556962, 0.6829268292682927), 'arg_id': (0.5734870317002881, 0.24875, 0.3469921534437663), 'arg_cls': (0.4899135446685879, 0.2125, 0.29642545771578027)}}
[2025-04-26 22:24:30] - __main__ - ./output/degree_e2e_mydata/no_jmir/20250426_200125/train.log
[2025-04-26 22:24:30] - __main__ - Epoch 35
[2025-04-26 22:28:10] - __main__ - {'epoch': 35, 'dev_scores': {'tri_id': (0.7163120567375887, 0.6392405063291139, 0.6755852842809364), 'arg_id': (0.5239520958083832, 0.21875, 0.308641975308642), 'arg_cls': (0.46107784431137727, 0.1925, 0.2716049382716049)}}
[2025-04-26 22:28:10] - __main__ - Current best
[2025-04-26 22:28:10] - __main__ - {'best_epoch': 32, 'best_scores': {'tri_id': (0.7596899224806202, 0.620253164556962, 0.6829268292682927), 'arg_id': (0.5734870317002881, 0.24875, 0.3469921534437663), 'arg_cls': (0.4899135446685879, 0.2125, 0.29642545771578027)}}
[2025-04-26 22:28:10] - __main__ - ./output/degree_e2e_mydata/no_jmir/20250426_200125/train.log
[2025-04-26 22:28:10] - __main__ - Epoch 36
[2025-04-26 22:31:52] - __main__ - {'epoch': 36, 'dev_scores': {'tri_id': (0.7183098591549296, 0.6455696202531646, 0.6799999999999999), 'arg_id': (0.5314465408805031, 0.21125, 0.3023255813953488), 'arg_cls': (0.4716981132075472, 0.1875, 0.26833631484794274)}}
[2025-04-26 22:31:52] - __main__ - Current best
[2025-04-26 22:31:52] - __main__ - {'best_epoch': 32, 'best_scores': {'tri_id': (0.7596899224806202, 0.620253164556962, 0.6829268292682927), 'arg_id': (0.5734870317002881, 0.24875, 0.3469921534437663), 'arg_cls': (0.4899135446685879, 0.2125, 0.29642545771578027)}}
[2025-04-26 22:31:52] - __main__ - ./output/degree_e2e_mydata/no_jmir/20250426_200125/train.log
[2025-04-26 22:31:52] - __main__ - Epoch 37
[2025-04-26 22:35:28] - __main__ - {'epoch': 37, 'dev_scores': {'tri_id': (0.717391304347826, 0.6265822784810127, 0.668918918918919), 'arg_id': (0.5373134328358209, 0.225, 0.31718061674008813), 'arg_cls': (0.47761194029850745, 0.2, 0.28193832599118945)}}
[2025-04-26 22:35:28] - __main__ - Current best
[2025-04-26 22:35:28] - __main__ - {'best_epoch': 32, 'best_scores': {'tri_id': (0.7596899224806202, 0.620253164556962, 0.6829268292682927), 'arg_id': (0.5734870317002881, 0.24875, 0.3469921534437663), 'arg_cls': (0.4899135446685879, 0.2125, 0.29642545771578027)}}
[2025-04-26 22:35:28] - __main__ - ./output/degree_e2e_mydata/no_jmir/20250426_200125/train.log
[2025-04-26 22:35:28] - __main__ - Epoch 38
[2025-04-26 22:39:07] - __main__ - {'epoch': 38, 'dev_scores': {'tri_id': (0.7214285714285714, 0.6392405063291139, 0.6778523489932886), 'arg_id': (0.5309734513274337, 0.225, 0.31606672519754175), 'arg_cls': (0.4837758112094395, 0.205, 0.28797190517998245)}}
[2025-04-26 22:39:07] - __main__ - Current best
[2025-04-26 22:39:07] - __main__ - {'best_epoch': 32, 'best_scores': {'tri_id': (0.7596899224806202, 0.620253164556962, 0.6829268292682927), 'arg_id': (0.5734870317002881, 0.24875, 0.3469921534437663), 'arg_cls': (0.4899135446685879, 0.2125, 0.29642545771578027)}}
[2025-04-26 22:39:07] - __main__ - ./output/degree_e2e_mydata/no_jmir/20250426_200125/train.log
[2025-04-26 22:39:07] - __main__ - Epoch 39
[2025-04-26 22:42:44] - __main__ - {'epoch': 39, 'dev_scores': {'tri_id': (0.7164179104477612, 0.6075949367088608, 0.6575342465753424), 'arg_id': (0.5335365853658537, 0.21875, 0.3102836879432624), 'arg_cls': (0.49085365853658536, 0.20125, 0.2854609929078014)}}
[2025-04-26 22:42:44] - __main__ - Current best
[2025-04-26 22:42:44] - __main__ - {'best_epoch': 32, 'best_scores': {'tri_id': (0.7596899224806202, 0.620253164556962, 0.6829268292682927), 'arg_id': (0.5734870317002881, 0.24875, 0.3469921534437663), 'arg_cls': (0.4899135446685879, 0.2125, 0.29642545771578027)}}
[2025-04-26 22:42:44] - __main__ - ./output/degree_e2e_mydata/no_jmir/20250426_200125/train.log
[2025-04-26 22:42:44] - __main__ - Epoch 40
[2025-04-26 22:46:31] - __main__ - Saving best model
[2025-04-26 22:48:26] - __main__ - {'epoch': 40, 'dev_scores': {'tri_id': (0.7338129496402878, 0.6455696202531646, 0.6868686868686869), 'arg_id': (0.5530085959885387, 0.24125, 0.3359442993907746), 'arg_cls': (0.498567335243553, 0.2175, 0.30287206266318534)}}
[2025-04-26 22:48:26] - __main__ - {'epoch': 40, 'test_scores': {'tri_id': (0.696551724137931, 0.6196319018404908, 0.6558441558441559), 'arg_id': (0.5524691358024691, 0.2118343195266272, 0.30624465355004277), 'arg_cls': (0.5061728395061729, 0.1940828402366864, 0.2805816937553464)}}
[2025-04-26 22:48:26] - __main__ - Current best
[2025-04-26 22:48:26] - __main__ - {'best_epoch': 40, 'best_scores': {'tri_id': (0.7338129496402878, 0.6455696202531646, 0.6868686868686869), 'arg_id': (0.5530085959885387, 0.24125, 0.3359442993907746), 'arg_cls': (0.498567335243553, 0.2175, 0.30287206266318534)}}
[2025-04-26 22:48:26] - __main__ - ./output/degree_e2e_mydata/no_jmir/20250426_200125/train.log
[2025-04-26 22:48:26] - __main__ - Epoch 41
[2025-04-26 22:51:56] - __main__ - {'epoch': 41, 'dev_scores': {'tri_id': (0.746268656716418, 0.6329113924050633, 0.684931506849315), 'arg_id': (0.554858934169279, 0.22125, 0.3163538873994638), 'arg_cls': (0.49843260188087773, 0.19875, 0.28418230563002683)}}
[2025-04-26 22:51:56] - __main__ - Current best
[2025-04-26 22:51:56] - __main__ - {'best_epoch': 40, 'best_scores': {'tri_id': (0.7338129496402878, 0.6455696202531646, 0.6868686868686869), 'arg_id': (0.5530085959885387, 0.24125, 0.3359442993907746), 'arg_cls': (0.498567335243553, 0.2175, 0.30287206266318534)}}
[2025-04-26 22:51:56] - __main__ - ./output/degree_e2e_mydata/no_jmir/20250426_200125/train.log
[2025-04-26 22:51:56] - __main__ - Epoch 42
[2025-04-26 22:55:28] - __main__ - {'epoch': 42, 'dev_scores': {'tri_id': (0.7333333333333333, 0.6265822784810127, 0.6757679180887372), 'arg_id': (0.5479041916167665, 0.22875, 0.3227513227513228), 'arg_cls': (0.48502994011976047, 0.2025, 0.2857142857142857)}}
[2025-04-26 22:55:28] - __main__ - Current best
[2025-04-26 22:55:28] - __main__ - {'best_epoch': 40, 'best_scores': {'tri_id': (0.7338129496402878, 0.6455696202531646, 0.6868686868686869), 'arg_id': (0.5530085959885387, 0.24125, 0.3359442993907746), 'arg_cls': (0.498567335243553, 0.2175, 0.30287206266318534)}}
[2025-04-26 22:55:28] - __main__ - ./output/degree_e2e_mydata/no_jmir/20250426_200125/train.log
[2025-04-26 22:55:28] - __main__ - Epoch 43
[2025-04-26 22:58:58] - __main__ - {'epoch': 43, 'dev_scores': {'tri_id': (0.7279411764705882, 0.6265822784810127, 0.6734693877551021), 'arg_id': (0.5529411764705883, 0.235, 0.32982456140350874), 'arg_cls': (0.48823529411764705, 0.2075, 0.2912280701754386)}}
[2025-04-26 22:58:58] - __main__ - Current best
[2025-04-26 22:58:58] - __main__ - {'best_epoch': 40, 'best_scores': {'tri_id': (0.7338129496402878, 0.6455696202531646, 0.6868686868686869), 'arg_id': (0.5530085959885387, 0.24125, 0.3359442993907746), 'arg_cls': (0.498567335243553, 0.2175, 0.30287206266318534)}}
[2025-04-26 22:58:58] - __main__ - ./output/degree_e2e_mydata/no_jmir/20250426_200125/train.log
[2025-04-26 22:58:58] - __main__ - Epoch 44
[2025-04-26 23:02:32] - __main__ - {'epoch': 44, 'dev_scores': {'tri_id': (0.717391304347826, 0.6265822784810127, 0.668918918918919), 'arg_id': (0.5552325581395349, 0.23875, 0.3339160839160839), 'arg_cls': (0.4796511627906977, 0.20625, 0.2884615384615385)}}
[2025-04-26 23:02:32] - __main__ - Current best
[2025-04-26 23:02:32] - __main__ - {'best_epoch': 40, 'best_scores': {'tri_id': (0.7338129496402878, 0.6455696202531646, 0.6868686868686869), 'arg_id': (0.5530085959885387, 0.24125, 0.3359442993907746), 'arg_cls': (0.498567335243553, 0.2175, 0.30287206266318534)}}
[2025-04-26 23:02:32] - __main__ - ./output/degree_e2e_mydata/no_jmir/20250426_200125/train.log
[2025-04-26 23:02:32] - __main__ - Epoch 45
[2025-04-26 23:06:23] - __main__ - {'epoch': 45, 'dev_scores': {'tri_id': (0.7122302158273381, 0.6265822784810127, 0.6666666666666667), 'arg_id': (0.5406976744186046, 0.2325, 0.32517482517482516), 'arg_cls': (0.4738372093023256, 0.20375, 0.28496503496503495)}}
[2025-04-26 23:06:23] - __main__ - Current best
[2025-04-26 23:06:23] - __main__ - {'best_epoch': 40, 'best_scores': {'tri_id': (0.7338129496402878, 0.6455696202531646, 0.6868686868686869), 'arg_id': (0.5530085959885387, 0.24125, 0.3359442993907746), 'arg_cls': (0.498567335243553, 0.2175, 0.30287206266318534)}}
[2025-04-26 23:06:23] - __main__ - ./output/degree_e2e_mydata/no_jmir/20250426_200125/train.log
[2025-04-26 23:06:23] - __main__ - Done!
