[2025-04-26 16:34:44] - __main__ - 
{   'accumulate_step': 2,
    'beam_size': 3,
    'cache_dir': './cache',
    'config': 'config/config_degree_e2e_no_cscw.json',
    'dataset': 'ace05e',
    'dev_file': './aaa_my_data_conversion/splitted_data/dev.oneie.json',
    'dev_finetune_file': './data/degree_e2e_mydata/no_cscw/dev_all.pkl',
    'eval_batch_size': 4,
    'finetune_dir': './data/degree_e2e_mydata/no_cscw/',
    'gpu_device': 0,
    'grad_clipping': 5.0,
    'ignore_first_header': False,
    'input_style': ['event_type_sent', 'keywords', 'template'],
    'learning_rate': 1e-05,
    'max_epoch': 45,
    'max_length': 1024,
    'max_output_length': 100,
    'model_name': 'facebook/bart-large',
    'n_negative': 15,
    'output_dir': './output/degree_e2e_mydata/no_cscw/',
    'output_style': ['trigger:sentence', 'argument:sentence'],
    'seed': 0,
    'test_file': './aaa_my_data_conversion/splitted_data/test.oneie.json',
    'test_finetune_file': './data/degree_e2e_mydata/no_cscw/test_all.pkl',
    'train_batch_size': 4,
    'train_file': './aaa_my_data_conversion/splitted_data/no_cscw/train.oneie.json',
    'train_finetune_file': './data/degree_e2e_mydata/no_cscw/train_all.pkl',
    'vocab_file': './data/degree_e2e_mydata/no_cscw/vocab.json',
    'warmup_epoch': 5,
    'weight_decay': 1e-05}
[2025-04-26 16:34:45] - data - Loaded 3944 instances from ./data/degree_e2e_mydata/no_cscw/train_all.pkl
[2025-04-26 16:34:45] - data - Loaded 632 instances from ./data/degree_e2e_mydata/no_cscw/dev_all.pkl
[2025-04-26 16:34:45] - data - Loaded 652 instances from ./data/degree_e2e_mydata/no_cscw/test_all.pkl
[2025-04-26 16:34:45] - model - Loading pre-trained model facebook/bart-large
[2025-04-26 16:34:50] - __main__ - Start training ...
[2025-04-26 16:34:50] - __main__ - ./output/degree_e2e_mydata/no_cscw/20250426_163444/train.log
[2025-04-26 16:34:50] - __main__ - Epoch 1
[2025-04-26 16:38:10] - __main__ - {'epoch': 1, 'dev_scores': {'tri_id': (0, 0.0, 0), 'arg_id': (0, 0.0, 0), 'arg_cls': (0, 0.0, 0)}}
[2025-04-26 16:38:10] - __main__ - Current best
[2025-04-26 16:38:10] - __main__ - {'best_epoch': -1, 'best_scores': {'tri_id': (0.0, 0.0, 0.0), 'arg_id': (0.0, 0.0, 0.0), 'arg_cls': (0.0, 0.0, 0.0)}}
[2025-04-26 16:38:10] - __main__ - ./output/degree_e2e_mydata/no_cscw/20250426_163444/train.log
[2025-04-26 16:38:10] - __main__ - Epoch 2
[2025-04-26 16:41:45] - __main__ - {'epoch': 2, 'dev_scores': {'tri_id': (0, 0.0, 0), 'arg_id': (0, 0.0, 0), 'arg_cls': (0, 0.0, 0)}}
[2025-04-26 16:41:45] - __main__ - Current best
[2025-04-26 16:41:45] - __main__ - {'best_epoch': -1, 'best_scores': {'tri_id': (0.0, 0.0, 0.0), 'arg_id': (0.0, 0.0, 0.0), 'arg_cls': (0.0, 0.0, 0.0)}}
[2025-04-26 16:41:45] - __main__ - ./output/degree_e2e_mydata/no_cscw/20250426_163444/train.log
[2025-04-26 16:41:45] - __main__ - Epoch 3
[2025-04-26 16:45:18] - __main__ - {'epoch': 3, 'dev_scores': {'tri_id': (0, 0.0, 0), 'arg_id': (0, 0.0, 0), 'arg_cls': (0, 0.0, 0)}}
[2025-04-26 16:45:18] - __main__ - Current best
[2025-04-26 16:45:18] - __main__ - {'best_epoch': -1, 'best_scores': {'tri_id': (0.0, 0.0, 0.0), 'arg_id': (0.0, 0.0, 0.0), 'arg_cls': (0.0, 0.0, 0.0)}}
[2025-04-26 16:45:18] - __main__ - ./output/degree_e2e_mydata/no_cscw/20250426_163444/train.log
[2025-04-26 16:45:18] - __main__ - Epoch 4
[2025-04-26 16:48:54] - __main__ - Saving best model
[2025-04-26 16:50:44] - __main__ - {'epoch': 4, 'dev_scores': {'tri_id': (1.0, 0.006329113924050633, 0.012578616352201257), 'arg_id': (1.0, 0.0025, 0.004987531172069826), 'arg_cls': (1.0, 0.0025, 0.004987531172069826)}}
[2025-04-26 16:50:44] - __main__ - {'epoch': 4, 'test_scores': {'tri_id': (1.0, 0.03067484662576687, 0.05952380952380952), 'arg_id': (0.9, 0.010650887573964497, 0.021052631578947368), 'arg_cls': (0.9, 0.010650887573964497, 0.021052631578947368)}}
[2025-04-26 16:50:44] - __main__ - Current best
[2025-04-26 16:50:44] - __main__ - {'best_epoch': 4, 'best_scores': {'tri_id': (1.0, 0.006329113924050633, 0.012578616352201257), 'arg_id': (1.0, 0.0025, 0.004987531172069826), 'arg_cls': (1.0, 0.0025, 0.004987531172069826)}}
[2025-04-26 16:50:44] - __main__ - ./output/degree_e2e_mydata/no_cscw/20250426_163444/train.log
[2025-04-26 16:50:44] - __main__ - Epoch 5
[2025-04-26 16:54:21] - __main__ - Saving best model
[2025-04-26 16:56:16] - __main__ - {'epoch': 5, 'dev_scores': {'tri_id': (1.0, 0.0189873417721519, 0.03726708074534161), 'arg_id': (0.6, 0.00375, 0.007453416149068322), 'arg_cls': (0.6, 0.00375, 0.007453416149068322)}}
[2025-04-26 16:56:16] - __main__ - {'epoch': 5, 'test_scores': {'tri_id': (1.0, 0.012269938650306749, 0.024242424242424246), 'arg_id': (1.0, 0.004733727810650888, 0.009422850412249705), 'arg_cls': (1.0, 0.004733727810650888, 0.009422850412249705)}}
[2025-04-26 16:56:16] - __main__ - Current best
[2025-04-26 16:56:16] - __main__ - {'best_epoch': 5, 'best_scores': {'tri_id': (1.0, 0.0189873417721519, 0.03726708074534161), 'arg_id': (0.6, 0.00375, 0.007453416149068322), 'arg_cls': (0.6, 0.00375, 0.007453416149068322)}}
[2025-04-26 16:56:16] - __main__ - ./output/degree_e2e_mydata/no_cscw/20250426_163444/train.log
[2025-04-26 16:56:16] - __main__ - Epoch 6
[2025-04-26 16:59:54] - __main__ - {'epoch': 6, 'dev_scores': {'tri_id': (0, 0.0, 0), 'arg_id': (0, 0.0, 0), 'arg_cls': (0, 0.0, 0)}}
[2025-04-26 16:59:54] - __main__ - Current best
[2025-04-26 16:59:54] - __main__ - {'best_epoch': 5, 'best_scores': {'tri_id': (1.0, 0.0189873417721519, 0.03726708074534161), 'arg_id': (0.6, 0.00375, 0.007453416149068322), 'arg_cls': (0.6, 0.00375, 0.007453416149068322)}}
[2025-04-26 16:59:54] - __main__ - ./output/degree_e2e_mydata/no_cscw/20250426_163444/train.log
[2025-04-26 16:59:54] - __main__ - Epoch 7
[2025-04-26 17:03:17] - __main__ - Saving best model
[2025-04-26 17:04:59] - __main__ - {'epoch': 7, 'dev_scores': {'tri_id': (0.875, 0.04430379746835443, 0.08433734939759036), 'arg_id': (0.8181818181818182, 0.01125, 0.02219482120838471), 'arg_cls': (0.7272727272727273, 0.01, 0.01972872996300863)}}
[2025-04-26 17:04:59] - __main__ - {'epoch': 7, 'test_scores': {'tri_id': (0.8888888888888888, 0.049079754601226995, 0.09302325581395349), 'arg_id': (0.75, 0.010650887573964497, 0.02100350058343057), 'arg_cls': (0.75, 0.010650887573964497, 0.02100350058343057)}}
[2025-04-26 17:04:59] - __main__ - Current best
[2025-04-26 17:04:59] - __main__ - {'best_epoch': 7, 'best_scores': {'tri_id': (0.875, 0.04430379746835443, 0.08433734939759036), 'arg_id': (0.8181818181818182, 0.01125, 0.02219482120838471), 'arg_cls': (0.7272727272727273, 0.01, 0.01972872996300863)}}
[2025-04-26 17:04:59] - __main__ - ./output/degree_e2e_mydata/no_cscw/20250426_163444/train.log
[2025-04-26 17:04:59] - __main__ - Epoch 8
[2025-04-26 17:08:44] - __main__ - Saving best model
[2025-04-26 17:10:46] - __main__ - {'epoch': 8, 'dev_scores': {'tri_id': (0.6666666666666666, 0.13924050632911392, 0.23036649214659685), 'arg_id': (0.546875, 0.04375, 0.08101851851851853), 'arg_cls': (0.5, 0.04, 0.07407407407407407)}}
[2025-04-26 17:10:46] - __main__ - {'epoch': 8, 'test_scores': {'tri_id': (0.75, 0.147239263803681, 0.24615384615384614), 'arg_id': (0.5671641791044776, 0.04497041420118343, 0.08333333333333333), 'arg_cls': (0.4626865671641791, 0.036686390532544376, 0.06798245614035088)}}
[2025-04-26 17:10:46] - __main__ - Current best
[2025-04-26 17:10:46] - __main__ - {'best_epoch': 8, 'best_scores': {'tri_id': (0.6666666666666666, 0.13924050632911392, 0.23036649214659685), 'arg_id': (0.546875, 0.04375, 0.08101851851851853), 'arg_cls': (0.5, 0.04, 0.07407407407407407)}}
[2025-04-26 17:10:46] - __main__ - ./output/degree_e2e_mydata/no_cscw/20250426_163444/train.log
[2025-04-26 17:10:46] - __main__ - Epoch 9
[2025-04-26 17:14:38] - __main__ - Saving best model
[2025-04-26 17:16:40] - __main__ - {'epoch': 9, 'dev_scores': {'tri_id': (0.6385542168674698, 0.33544303797468356, 0.43983402489626555), 'arg_id': (0.4864864864864865, 0.1125, 0.18274111675126903), 'arg_cls': (0.42162162162162165, 0.0975, 0.15837563451776648)}}
[2025-04-26 17:16:40] - __main__ - {'epoch': 9, 'test_scores': {'tri_id': (0.7282608695652174, 0.4110429447852761, 0.5254901960784314), 'arg_id': (0.5416666666666666, 0.13846153846153847, 0.22054665409990573), 'arg_cls': (0.3888888888888889, 0.09940828402366864, 0.1583411875589067)}}
[2025-04-26 17:16:40] - __main__ - Current best
[2025-04-26 17:16:40] - __main__ - {'best_epoch': 9, 'best_scores': {'tri_id': (0.6385542168674698, 0.33544303797468356, 0.43983402489626555), 'arg_id': (0.4864864864864865, 0.1125, 0.18274111675126903), 'arg_cls': (0.42162162162162165, 0.0975, 0.15837563451776648)}}
[2025-04-26 17:16:40] - __main__ - ./output/degree_e2e_mydata/no_cscw/20250426_163444/train.log
[2025-04-26 17:16:40] - __main__ - Epoch 10
[2025-04-26 17:20:13] - __main__ - Saving best model
[2025-04-26 17:22:13] - __main__ - {'epoch': 10, 'dev_scores': {'tri_id': (0.8554216867469879, 0.44936708860759494, 0.5892116182572614), 'arg_id': (0.7019867549668874, 0.1325, 0.22292323869610936), 'arg_cls': (0.5827814569536424, 0.11, 0.185068349106204)}}
[2025-04-26 17:22:13] - __main__ - {'epoch': 10, 'test_scores': {'tri_id': (0.7625, 0.37423312883435583, 0.5020576131687242), 'arg_id': (0.631578947368421, 0.1136094674556213, 0.1925777331995988), 'arg_cls': (0.5197368421052632, 0.09349112426035502, 0.1584754262788365)}}
[2025-04-26 17:22:13] - __main__ - Current best
[2025-04-26 17:22:13] - __main__ - {'best_epoch': 10, 'best_scores': {'tri_id': (0.8554216867469879, 0.44936708860759494, 0.5892116182572614), 'arg_id': (0.7019867549668874, 0.1325, 0.22292323869610936), 'arg_cls': (0.5827814569536424, 0.11, 0.185068349106204)}}
[2025-04-26 17:22:13] - __main__ - ./output/degree_e2e_mydata/no_cscw/20250426_163444/train.log
[2025-04-26 17:22:13] - __main__ - Epoch 11
[2025-04-26 17:25:48] - __main__ - {'epoch': 11, 'dev_scores': {'tri_id': (0.7142857142857143, 0.31645569620253167, 0.43859649122807015), 'arg_id': (0.5182926829268293, 0.10625, 0.17634854771784234), 'arg_cls': (0.4451219512195122, 0.09125, 0.15145228215767637)}}
[2025-04-26 17:25:48] - __main__ - Current best
[2025-04-26 17:25:48] - __main__ - {'best_epoch': 10, 'best_scores': {'tri_id': (0.8554216867469879, 0.44936708860759494, 0.5892116182572614), 'arg_id': (0.7019867549668874, 0.1325, 0.22292323869610936), 'arg_cls': (0.5827814569536424, 0.11, 0.185068349106204)}}
[2025-04-26 17:25:48] - __main__ - ./output/degree_e2e_mydata/no_cscw/20250426_163444/train.log
[2025-04-26 17:25:48] - __main__ - Epoch 12
[2025-04-26 17:29:24] - __main__ - Saving best model
[2025-04-26 17:31:46] - __main__ - {'epoch': 12, 'dev_scores': {'tri_id': (0.7227722772277227, 0.4620253164556962, 0.5637065637065638), 'arg_id': (0.5523012552301255, 0.165, 0.25409047160731474), 'arg_cls': (0.41841004184100417, 0.125, 0.19249278152069296)}}
[2025-04-26 17:31:46] - __main__ - {'epoch': 12, 'test_scores': {'tri_id': (0.8148148148148148, 0.5398773006134969, 0.6494464944649446), 'arg_id': (0.5819672131147541, 0.1680473372781065, 0.26078971533516987), 'arg_cls': (0.4672131147540984, 0.1349112426035503, 0.20936639118457304)}}
[2025-04-26 17:31:46] - __main__ - Current best
[2025-04-26 17:31:46] - __main__ - {'best_epoch': 12, 'best_scores': {'tri_id': (0.7227722772277227, 0.4620253164556962, 0.5637065637065638), 'arg_id': (0.5523012552301255, 0.165, 0.25409047160731474), 'arg_cls': (0.41841004184100417, 0.125, 0.19249278152069296)}}
[2025-04-26 17:31:46] - __main__ - ./output/degree_e2e_mydata/no_cscw/20250426_163444/train.log
[2025-04-26 17:31:46] - __main__ - Epoch 13
[2025-04-26 17:35:30] - __main__ - Saving best model
[2025-04-26 17:37:29] - __main__ - {'epoch': 13, 'dev_scores': {'tri_id': (0.7064220183486238, 0.4873417721518987, 0.5767790262172284), 'arg_id': (0.5263157894736842, 0.1625, 0.2483285577841452), 'arg_cls': (0.4291497975708502, 0.1325, 0.20248328557784148)}}
[2025-04-26 17:37:29] - __main__ - {'epoch': 13, 'test_scores': {'tri_id': (0.7758620689655172, 0.5521472392638037, 0.6451612903225806), 'arg_id': (0.5737051792828686, 0.17041420118343195, 0.26277372262773724), 'arg_cls': (0.50199203187251, 0.14911242603550295, 0.22992700729927007)}}
[2025-04-26 17:37:29] - __main__ - Current best
[2025-04-26 17:37:29] - __main__ - {'best_epoch': 13, 'best_scores': {'tri_id': (0.7064220183486238, 0.4873417721518987, 0.5767790262172284), 'arg_id': (0.5263157894736842, 0.1625, 0.2483285577841452), 'arg_cls': (0.4291497975708502, 0.1325, 0.20248328557784148)}}
[2025-04-26 17:37:29] - __main__ - ./output/degree_e2e_mydata/no_cscw/20250426_163444/train.log
[2025-04-26 17:37:29] - __main__ - Epoch 14
[2025-04-26 17:41:13] - __main__ - Saving best model
[2025-04-26 17:43:12] - __main__ - {'epoch': 14, 'dev_scores': {'tri_id': (0.7543859649122807, 0.5443037974683544, 0.6323529411764707), 'arg_id': (0.5202702702702703, 0.1925, 0.281021897810219), 'arg_cls': (0.4189189189189189, 0.155, 0.22627737226277375)}}
[2025-04-26 17:43:12] - __main__ - {'epoch': 14, 'test_scores': {'tri_id': (0.7154471544715447, 0.5398773006134969, 0.6153846153846154), 'arg_id': (0.5408163265306123, 0.1881656804733728, 0.2791922739244952), 'arg_cls': (0.43537414965986393, 0.1514792899408284, 0.22475856014047407)}}
[2025-04-26 17:43:12] - __main__ - Current best
[2025-04-26 17:43:12] - __main__ - {'best_epoch': 14, 'best_scores': {'tri_id': (0.7543859649122807, 0.5443037974683544, 0.6323529411764707), 'arg_id': (0.5202702702702703, 0.1925, 0.281021897810219), 'arg_cls': (0.4189189189189189, 0.155, 0.22627737226277375)}}
[2025-04-26 17:43:12] - __main__ - ./output/degree_e2e_mydata/no_cscw/20250426_163444/train.log
[2025-04-26 17:43:12] - __main__ - Epoch 15
[2025-04-26 17:47:11] - __main__ - {'epoch': 15, 'dev_scores': {'tri_id': (0.7019230769230769, 0.4620253164556962, 0.5572519083969466), 'arg_id': (0.5327868852459017, 0.1625, 0.24904214559386975), 'arg_cls': (0.4672131147540984, 0.1425, 0.21839080459770113)}}
[2025-04-26 17:47:11] - __main__ - Current best
[2025-04-26 17:47:11] - __main__ - {'best_epoch': 14, 'best_scores': {'tri_id': (0.7543859649122807, 0.5443037974683544, 0.6323529411764707), 'arg_id': (0.5202702702702703, 0.1925, 0.281021897810219), 'arg_cls': (0.4189189189189189, 0.155, 0.22627737226277375)}}
[2025-04-26 17:47:11] - __main__ - ./output/degree_e2e_mydata/no_cscw/20250426_163444/train.log
[2025-04-26 17:47:11] - __main__ - Epoch 16
[2025-04-26 17:51:17] - __main__ - Saving best model
[2025-04-26 17:53:11] - __main__ - {'epoch': 16, 'dev_scores': {'tri_id': (0.7238805970149254, 0.6139240506329114, 0.6643835616438356), 'arg_id': (0.5242718446601942, 0.2025, 0.2921550946798918), 'arg_cls': (0.4401294498381877, 0.17, 0.24526600541027954)}}
[2025-04-26 17:53:11] - __main__ - {'epoch': 16, 'test_scores': {'tri_id': (0.7266187050359713, 0.6196319018404908, 0.6688741721854305), 'arg_id': (0.5205047318611987, 0.1952662721893491, 0.28399311531841653), 'arg_cls': (0.444794952681388, 0.1668639053254438, 0.24268502581755597)}}
[2025-04-26 17:53:11] - __main__ - Current best
[2025-04-26 17:53:11] - __main__ - {'best_epoch': 16, 'best_scores': {'tri_id': (0.7238805970149254, 0.6139240506329114, 0.6643835616438356), 'arg_id': (0.5242718446601942, 0.2025, 0.2921550946798918), 'arg_cls': (0.4401294498381877, 0.17, 0.24526600541027954)}}
[2025-04-26 17:53:11] - __main__ - ./output/degree_e2e_mydata/no_cscw/20250426_163444/train.log
[2025-04-26 17:53:11] - __main__ - Epoch 17
[2025-04-26 17:56:36] - __main__ - {'epoch': 17, 'dev_scores': {'tri_id': (0.7155172413793104, 0.5253164556962026, 0.6058394160583942), 'arg_id': (0.493006993006993, 0.17625, 0.25966850828729277), 'arg_cls': (0.3951048951048951, 0.14125, 0.20810313075506445)}}
[2025-04-26 17:56:36] - __main__ - Current best
[2025-04-26 17:56:36] - __main__ - {'best_epoch': 16, 'best_scores': {'tri_id': (0.7238805970149254, 0.6139240506329114, 0.6643835616438356), 'arg_id': (0.5242718446601942, 0.2025, 0.2921550946798918), 'arg_cls': (0.4401294498381877, 0.17, 0.24526600541027954)}}
[2025-04-26 17:56:36] - __main__ - ./output/degree_e2e_mydata/no_cscw/20250426_163444/train.log
[2025-04-26 17:56:36] - __main__ - Epoch 18
[2025-04-26 18:00:04] - __main__ - Saving best model
[2025-04-26 18:01:56] - __main__ - {'epoch': 18, 'dev_scores': {'tri_id': (0.7050359712230215, 0.620253164556962, 0.6599326599326599), 'arg_id': (0.49014084507042255, 0.2175, 0.3012987012987013), 'arg_cls': (0.4169014084507042, 0.185, 0.25627705627705627)}}
[2025-04-26 18:01:56] - __main__ - {'epoch': 18, 'test_scores': {'tri_id': (0.7375886524822695, 0.6380368098159509, 0.6842105263157894), 'arg_id': (0.5373134328358209, 0.21301775147928995, 0.3050847457627119), 'arg_cls': (0.4417910447761194, 0.17514792899408285, 0.2508474576271187)}}
[2025-04-26 18:01:56] - __main__ - Current best
[2025-04-26 18:01:56] - __main__ - {'best_epoch': 18, 'best_scores': {'tri_id': (0.7050359712230215, 0.620253164556962, 0.6599326599326599), 'arg_id': (0.49014084507042255, 0.2175, 0.3012987012987013), 'arg_cls': (0.4169014084507042, 0.185, 0.25627705627705627)}}
[2025-04-26 18:01:56] - __main__ - ./output/degree_e2e_mydata/no_cscw/20250426_163444/train.log
[2025-04-26 18:01:56] - __main__ - Epoch 19
[2025-04-26 18:05:17] - __main__ - {'epoch': 19, 'dev_scores': {'tri_id': (0.7323943661971831, 0.6582278481012658, 0.6933333333333334), 'arg_id': (0.4885057471264368, 0.2125, 0.2961672473867596), 'arg_cls': (0.3879310344827586, 0.16875, 0.23519163763066203)}}
[2025-04-26 18:05:17] - __main__ - Current best
[2025-04-26 18:05:17] - __main__ - {'best_epoch': 18, 'best_scores': {'tri_id': (0.7050359712230215, 0.620253164556962, 0.6599326599326599), 'arg_id': (0.49014084507042255, 0.2175, 0.3012987012987013), 'arg_cls': (0.4169014084507042, 0.185, 0.25627705627705627)}}
[2025-04-26 18:05:17] - __main__ - ./output/degree_e2e_mydata/no_cscw/20250426_163444/train.log
[2025-04-26 18:05:17] - __main__ - Epoch 20
[2025-04-26 18:08:41] - __main__ - Saving best model
[2025-04-26 18:10:32] - __main__ - {'epoch': 20, 'dev_scores': {'tri_id': (0.7681159420289855, 0.6708860759493671, 0.7162162162162162), 'arg_id': (0.5057142857142857, 0.22125, 0.3078260869565217), 'arg_cls': (0.43142857142857144, 0.18875, 0.2626086956521739)}}
[2025-04-26 18:10:32] - __main__ - {'epoch': 20, 'test_scores': {'tri_id': (0.6453900709219859, 0.558282208588957, 0.5986842105263158), 'arg_id': (0.47988505747126436, 0.19763313609467456, 0.2799664710813076), 'arg_cls': (0.3879310344827586, 0.15976331360946747, 0.22632020117351218)}}
[2025-04-26 18:10:32] - __main__ - Current best
[2025-04-26 18:10:32] - __main__ - {'best_epoch': 20, 'best_scores': {'tri_id': (0.7681159420289855, 0.6708860759493671, 0.7162162162162162), 'arg_id': (0.5057142857142857, 0.22125, 0.3078260869565217), 'arg_cls': (0.43142857142857144, 0.18875, 0.2626086956521739)}}
[2025-04-26 18:10:32] - __main__ - ./output/degree_e2e_mydata/no_cscw/20250426_163444/train.log
[2025-04-26 18:10:32] - __main__ - Epoch 21
[2025-04-26 18:13:58] - __main__ - {'epoch': 21, 'dev_scores': {'tri_id': (0.7846153846153846, 0.6455696202531646, 0.7083333333333334), 'arg_id': (0.47774480712166173, 0.20125, 0.2832014072119613), 'arg_cls': (0.39762611275964393, 0.1675, 0.2357080035180299)}}
[2025-04-26 18:13:58] - __main__ - Current best
[2025-04-26 18:13:58] - __main__ - {'best_epoch': 20, 'best_scores': {'tri_id': (0.7681159420289855, 0.6708860759493671, 0.7162162162162162), 'arg_id': (0.5057142857142857, 0.22125, 0.3078260869565217), 'arg_cls': (0.43142857142857144, 0.18875, 0.2626086956521739)}}
[2025-04-26 18:13:58] - __main__ - ./output/degree_e2e_mydata/no_cscw/20250426_163444/train.log
[2025-04-26 18:13:58] - __main__ - Epoch 22
[2025-04-26 18:17:18] - __main__ - {'epoch': 22, 'dev_scores': {'tri_id': (0.7164179104477612, 0.6075949367088608, 0.6575342465753424), 'arg_id': (0.4835820895522388, 0.2025, 0.2854625550660793), 'arg_cls': (0.4208955223880597, 0.17625, 0.24845814977973565)}}
[2025-04-26 18:17:18] - __main__ - Current best
[2025-04-26 18:17:18] - __main__ - {'best_epoch': 20, 'best_scores': {'tri_id': (0.7681159420289855, 0.6708860759493671, 0.7162162162162162), 'arg_id': (0.5057142857142857, 0.22125, 0.3078260869565217), 'arg_cls': (0.43142857142857144, 0.18875, 0.2626086956521739)}}
[2025-04-26 18:17:18] - __main__ - ./output/degree_e2e_mydata/no_cscw/20250426_163444/train.log
[2025-04-26 18:17:18] - __main__ - Epoch 23
[2025-04-26 18:20:42] - __main__ - Saving best model
[2025-04-26 18:22:31] - __main__ - {'epoch': 23, 'dev_scores': {'tri_id': (0.7443609022556391, 0.6265822784810127, 0.6804123711340205), 'arg_id': (0.5487804878048781, 0.225, 0.3191489361702128), 'arg_cls': (0.4695121951219512, 0.1925, 0.2730496453900709)}}
[2025-04-26 18:22:31] - __main__ - {'epoch': 23, 'test_scores': {'tri_id': (0.723404255319149, 0.6257668711656442, 0.6710526315789475), 'arg_id': (0.5046153846153846, 0.1940828402366864, 0.28034188034188035), 'arg_cls': (0.4523076923076923, 0.1739644970414201, 0.2512820512820513)}}
[2025-04-26 18:22:31] - __main__ - Current best
[2025-04-26 18:22:31] - __main__ - {'best_epoch': 23, 'best_scores': {'tri_id': (0.7443609022556391, 0.6265822784810127, 0.6804123711340205), 'arg_id': (0.5487804878048781, 0.225, 0.3191489361702128), 'arg_cls': (0.4695121951219512, 0.1925, 0.2730496453900709)}}
[2025-04-26 18:22:31] - __main__ - ./output/degree_e2e_mydata/no_cscw/20250426_163444/train.log
[2025-04-26 18:22:31] - __main__ - Epoch 24
[2025-04-26 18:25:52] - __main__ - Saving best model
[2025-04-26 18:27:39] - __main__ - {'epoch': 24, 'dev_scores': {'tri_id': (0.7046979865771812, 0.6645569620253164, 0.6840390879478827), 'arg_id': (0.5139240506329114, 0.25375, 0.33974895397489535), 'arg_cls': (0.4607594936708861, 0.2275, 0.30460251046025105)}}
[2025-04-26 18:27:39] - __main__ - {'epoch': 24, 'test_scores': {'tri_id': (0.6917808219178082, 0.6196319018404908, 0.6537216828478964), 'arg_id': (0.48663101604278075, 0.2153846153846154, 0.29860541427399506), 'arg_cls': (0.4385026737967914, 0.1940828402366864, 0.2690730106644791)}}
[2025-04-26 18:27:39] - __main__ - Current best
[2025-04-26 18:27:39] - __main__ - {'best_epoch': 24, 'best_scores': {'tri_id': (0.7046979865771812, 0.6645569620253164, 0.6840390879478827), 'arg_id': (0.5139240506329114, 0.25375, 0.33974895397489535), 'arg_cls': (0.4607594936708861, 0.2275, 0.30460251046025105)}}
[2025-04-26 18:27:39] - __main__ - ./output/degree_e2e_mydata/no_cscw/20250426_163444/train.log
[2025-04-26 18:27:39] - __main__ - Epoch 25
[2025-04-26 18:31:01] - __main__ - {'epoch': 25, 'dev_scores': {'tri_id': (0.7368421052631579, 0.620253164556962, 0.6735395189003437), 'arg_id': (0.5120643431635389, 0.23875, 0.32566069906223355), 'arg_cls': (0.4289544235924933, 0.2, 0.2728047740835465)}}
[2025-04-26 18:31:01] - __main__ - Current best
[2025-04-26 18:31:01] - __main__ - {'best_epoch': 24, 'best_scores': {'tri_id': (0.7046979865771812, 0.6645569620253164, 0.6840390879478827), 'arg_id': (0.5139240506329114, 0.25375, 0.33974895397489535), 'arg_cls': (0.4607594936708861, 0.2275, 0.30460251046025105)}}
[2025-04-26 18:31:01] - __main__ - ./output/degree_e2e_mydata/no_cscw/20250426_163444/train.log
[2025-04-26 18:31:01] - __main__ - Epoch 26
[2025-04-26 18:34:24] - __main__ - {'epoch': 26, 'dev_scores': {'tri_id': (0.7543859649122807, 0.5443037974683544, 0.6323529411764707), 'arg_id': (0.5429447852760736, 0.22125, 0.3143872113676732), 'arg_cls': (0.4601226993865031, 0.1875, 0.2664298401420959)}}
[2025-04-26 18:34:24] - __main__ - Current best
[2025-04-26 18:34:24] - __main__ - {'best_epoch': 24, 'best_scores': {'tri_id': (0.7046979865771812, 0.6645569620253164, 0.6840390879478827), 'arg_id': (0.5139240506329114, 0.25375, 0.33974895397489535), 'arg_cls': (0.4607594936708861, 0.2275, 0.30460251046025105)}}
[2025-04-26 18:34:24] - __main__ - ./output/degree_e2e_mydata/no_cscw/20250426_163444/train.log
[2025-04-26 18:34:24] - __main__ - Epoch 27
[2025-04-26 18:37:50] - __main__ - {'epoch': 27, 'dev_scores': {'tri_id': (0.7163120567375887, 0.6392405063291139, 0.6755852842809364), 'arg_id': (0.5140449438202247, 0.22875, 0.3166089965397924), 'arg_cls': (0.4410112359550562, 0.19625, 0.27162629757785467)}}
[2025-04-26 18:37:50] - __main__ - Current best
[2025-04-26 18:37:50] - __main__ - {'best_epoch': 24, 'best_scores': {'tri_id': (0.7046979865771812, 0.6645569620253164, 0.6840390879478827), 'arg_id': (0.5139240506329114, 0.25375, 0.33974895397489535), 'arg_cls': (0.4607594936708861, 0.2275, 0.30460251046025105)}}
[2025-04-26 18:37:50] - __main__ - ./output/degree_e2e_mydata/no_cscw/20250426_163444/train.log
[2025-04-26 18:37:50] - __main__ - Epoch 28
[2025-04-26 18:41:17] - __main__ - Saving best model
[2025-04-26 18:43:07] - __main__ - {'epoch': 28, 'dev_scores': {'tri_id': (0.7535211267605634, 0.6772151898734177, 0.7133333333333333), 'arg_id': (0.5347043701799485, 0.26, 0.3498738435660219), 'arg_cls': (0.4755784061696658, 0.23125, 0.31118587047939444)}}
[2025-04-26 18:43:07] - __main__ - {'epoch': 28, 'test_scores': {'tri_id': (0.7, 0.6441717791411042, 0.6709265175718849), 'arg_id': (0.519893899204244, 0.2319526627218935, 0.32078559738134205), 'arg_cls': (0.4588859416445623, 0.20473372781065088, 0.28314238952536824)}}
[2025-04-26 18:43:07] - __main__ - Current best
[2025-04-26 18:43:07] - __main__ - {'best_epoch': 28, 'best_scores': {'tri_id': (0.7535211267605634, 0.6772151898734177, 0.7133333333333333), 'arg_id': (0.5347043701799485, 0.26, 0.3498738435660219), 'arg_cls': (0.4755784061696658, 0.23125, 0.31118587047939444)}}
[2025-04-26 18:43:07] - __main__ - ./output/degree_e2e_mydata/no_cscw/20250426_163444/train.log
[2025-04-26 18:43:07] - __main__ - Epoch 29
[2025-04-26 18:46:31] - __main__ - {'epoch': 29, 'dev_scores': {'tri_id': (0.7482014388489209, 0.6582278481012658, 0.7003367003367003), 'arg_id': (0.5295774647887324, 0.235, 0.3255411255411255), 'arg_cls': (0.4535211267605634, 0.20125, 0.2787878787878788)}}
[2025-04-26 18:46:31] - __main__ - Current best
[2025-04-26 18:46:31] - __main__ - {'best_epoch': 28, 'best_scores': {'tri_id': (0.7535211267605634, 0.6772151898734177, 0.7133333333333333), 'arg_id': (0.5347043701799485, 0.26, 0.3498738435660219), 'arg_cls': (0.4755784061696658, 0.23125, 0.31118587047939444)}}
[2025-04-26 18:46:31] - __main__ - ./output/degree_e2e_mydata/no_cscw/20250426_163444/train.log
[2025-04-26 18:46:31] - __main__ - Epoch 30
[2025-04-26 18:49:53] - __main__ - {'epoch': 30, 'dev_scores': {'tri_id': (0.732824427480916, 0.6075949367088608, 0.6643598615916955), 'arg_id': (0.5419354838709678, 0.21, 0.3027027027027027), 'arg_cls': (0.45806451612903226, 0.1775, 0.25585585585585585)}}
[2025-04-26 18:49:53] - __main__ - Current best
[2025-04-26 18:49:53] - __main__ - {'best_epoch': 28, 'best_scores': {'tri_id': (0.7535211267605634, 0.6772151898734177, 0.7133333333333333), 'arg_id': (0.5347043701799485, 0.26, 0.3498738435660219), 'arg_cls': (0.4755784061696658, 0.23125, 0.31118587047939444)}}
[2025-04-26 18:49:53] - __main__ - ./output/degree_e2e_mydata/no_cscw/20250426_163444/train.log
[2025-04-26 18:49:53] - __main__ - Epoch 31
[2025-04-26 18:53:15] - __main__ - {'epoch': 31, 'dev_scores': {'tri_id': (0.7352941176470589, 0.6329113924050633, 0.6802721088435374), 'arg_id': (0.5295774647887324, 0.235, 0.3255411255411255), 'arg_cls': (0.4676056338028169, 0.2075, 0.28744588744588745)}}
[2025-04-26 18:53:15] - __main__ - Current best
[2025-04-26 18:53:15] - __main__ - {'best_epoch': 28, 'best_scores': {'tri_id': (0.7535211267605634, 0.6772151898734177, 0.7133333333333333), 'arg_id': (0.5347043701799485, 0.26, 0.3498738435660219), 'arg_cls': (0.4755784061696658, 0.23125, 0.31118587047939444)}}
[2025-04-26 18:53:15] - __main__ - ./output/degree_e2e_mydata/no_cscw/20250426_163444/train.log
[2025-04-26 18:53:15] - __main__ - Epoch 32
[2025-04-26 18:56:38] - __main__ - {'epoch': 32, 'dev_scores': {'tri_id': (0.734375, 0.5949367088607594, 0.6573426573426573), 'arg_id': (0.5446153846153846, 0.22125, 0.31466666666666665), 'arg_cls': (0.48, 0.195, 0.2773333333333333)}}
[2025-04-26 18:56:38] - __main__ - Current best
[2025-04-26 18:56:38] - __main__ - {'best_epoch': 28, 'best_scores': {'tri_id': (0.7535211267605634, 0.6772151898734177, 0.7133333333333333), 'arg_id': (0.5347043701799485, 0.26, 0.3498738435660219), 'arg_cls': (0.4755784061696658, 0.23125, 0.31118587047939444)}}
[2025-04-26 18:56:38] - __main__ - ./output/degree_e2e_mydata/no_cscw/20250426_163444/train.log
[2025-04-26 18:56:38] - __main__ - Epoch 33
[2025-04-26 19:00:01] - __main__ - {'epoch': 33, 'dev_scores': {'tri_id': (0.7153284671532847, 0.620253164556962, 0.6644067796610169), 'arg_id': (0.5333333333333333, 0.23, 0.32139737991266376), 'arg_cls': (0.47246376811594204, 0.20375, 0.2847161572052402)}}
[2025-04-26 19:00:01] - __main__ - Current best
[2025-04-26 19:00:01] - __main__ - {'best_epoch': 28, 'best_scores': {'tri_id': (0.7535211267605634, 0.6772151898734177, 0.7133333333333333), 'arg_id': (0.5347043701799485, 0.26, 0.3498738435660219), 'arg_cls': (0.4755784061696658, 0.23125, 0.31118587047939444)}}
[2025-04-26 19:00:01] - __main__ - ./output/degree_e2e_mydata/no_cscw/20250426_163444/train.log
[2025-04-26 19:00:01] - __main__ - Epoch 34
[2025-04-26 19:03:21] - __main__ - {'epoch': 34, 'dev_scores': {'tri_id': (0.744, 0.5886075949367089, 0.657243816254417), 'arg_id': (0.5483870967741935, 0.23375, 0.3277826468010517), 'arg_cls': (0.4838709677419355, 0.20625, 0.28921998247151615)}}
[2025-04-26 19:03:21] - __main__ - Current best
[2025-04-26 19:03:21] - __main__ - {'best_epoch': 28, 'best_scores': {'tri_id': (0.7535211267605634, 0.6772151898734177, 0.7133333333333333), 'arg_id': (0.5347043701799485, 0.26, 0.3498738435660219), 'arg_cls': (0.4755784061696658, 0.23125, 0.31118587047939444)}}
[2025-04-26 19:03:21] - __main__ - ./output/degree_e2e_mydata/no_cscw/20250426_163444/train.log
[2025-04-26 19:03:21] - __main__ - Epoch 35
[2025-04-26 19:06:44] - __main__ - {'epoch': 35, 'dev_scores': {'tri_id': (0.7333333333333333, 0.6265822784810127, 0.6757679180887372), 'arg_id': (0.5300859598853869, 0.23125, 0.32201914708442125), 'arg_cls': (0.4469914040114613, 0.195, 0.2715404699738903)}}
[2025-04-26 19:06:44] - __main__ - Current best
[2025-04-26 19:06:44] - __main__ - {'best_epoch': 28, 'best_scores': {'tri_id': (0.7535211267605634, 0.6772151898734177, 0.7133333333333333), 'arg_id': (0.5347043701799485, 0.26, 0.3498738435660219), 'arg_cls': (0.4755784061696658, 0.23125, 0.31118587047939444)}}
[2025-04-26 19:06:44] - __main__ - ./output/degree_e2e_mydata/no_cscw/20250426_163444/train.log
[2025-04-26 19:06:44] - __main__ - Epoch 36
[2025-04-26 19:10:04] - __main__ - {'epoch': 36, 'dev_scores': {'tri_id': (0.7226277372262774, 0.6265822784810127, 0.6711864406779662), 'arg_id': (0.5300859598853869, 0.23125, 0.32201914708442125), 'arg_cls': (0.47277936962750716, 0.20625, 0.28720626631853785)}}
[2025-04-26 19:10:04] - __main__ - Current best
[2025-04-26 19:10:04] - __main__ - {'best_epoch': 28, 'best_scores': {'tri_id': (0.7535211267605634, 0.6772151898734177, 0.7133333333333333), 'arg_id': (0.5347043701799485, 0.26, 0.3498738435660219), 'arg_cls': (0.4755784061696658, 0.23125, 0.31118587047939444)}}
[2025-04-26 19:10:04] - __main__ - ./output/degree_e2e_mydata/no_cscw/20250426_163444/train.log
[2025-04-26 19:10:04] - __main__ - Epoch 37
[2025-04-26 19:13:25] - __main__ - {'epoch': 37, 'dev_scores': {'tri_id': (0.71875, 0.5822784810126582, 0.6433566433566433), 'arg_id': (0.5589123867069486, 0.23125, 0.3271441202475685), 'arg_cls': (0.4984894259818731, 0.20625, 0.2917771883289125)}}
[2025-04-26 19:13:25] - __main__ - Current best
[2025-04-26 19:13:25] - __main__ - {'best_epoch': 28, 'best_scores': {'tri_id': (0.7535211267605634, 0.6772151898734177, 0.7133333333333333), 'arg_id': (0.5347043701799485, 0.26, 0.3498738435660219), 'arg_cls': (0.4755784061696658, 0.23125, 0.31118587047939444)}}
[2025-04-26 19:13:25] - __main__ - ./output/degree_e2e_mydata/no_cscw/20250426_163444/train.log
[2025-04-26 19:13:25] - __main__ - Epoch 38
[2025-04-26 19:16:47] - __main__ - {'epoch': 38, 'dev_scores': {'tri_id': (0.6838235294117647, 0.5886075949367089, 0.6326530612244898), 'arg_id': (0.5457142857142857, 0.23875, 0.33217391304347826), 'arg_cls': (0.4742857142857143, 0.2075, 0.288695652173913)}}
[2025-04-26 19:16:47] - __main__ - Current best
[2025-04-26 19:16:47] - __main__ - {'best_epoch': 28, 'best_scores': {'tri_id': (0.7535211267605634, 0.6772151898734177, 0.7133333333333333), 'arg_id': (0.5347043701799485, 0.26, 0.3498738435660219), 'arg_cls': (0.4755784061696658, 0.23125, 0.31118587047939444)}}
[2025-04-26 19:16:47] - __main__ - ./output/degree_e2e_mydata/no_cscw/20250426_163444/train.log
[2025-04-26 19:16:47] - __main__ - Epoch 39
[2025-04-26 19:20:08] - __main__ - {'epoch': 39, 'dev_scores': {'tri_id': (0.732824427480916, 0.6075949367088608, 0.6643598615916955), 'arg_id': (0.5658682634730539, 0.23625, 0.3333333333333333), 'arg_cls': (0.49700598802395207, 0.2075, 0.2927689594356261)}}
[2025-04-26 19:20:08] - __main__ - Current best
[2025-04-26 19:20:08] - __main__ - {'best_epoch': 28, 'best_scores': {'tri_id': (0.7535211267605634, 0.6772151898734177, 0.7133333333333333), 'arg_id': (0.5347043701799485, 0.26, 0.3498738435660219), 'arg_cls': (0.4755784061696658, 0.23125, 0.31118587047939444)}}
[2025-04-26 19:20:08] - __main__ - ./output/degree_e2e_mydata/no_cscw/20250426_163444/train.log
[2025-04-26 19:20:08] - __main__ - Epoch 40
[2025-04-26 19:23:29] - __main__ - {'epoch': 40, 'dev_scores': {'tri_id': (0.7368421052631579, 0.620253164556962, 0.6735395189003437), 'arg_id': (0.5388888888888889, 0.2425, 0.33448275862068966), 'arg_cls': (0.4777777777777778, 0.215, 0.296551724137931)}}
[2025-04-26 19:23:29] - __main__ - Current best
[2025-04-26 19:23:29] - __main__ - {'best_epoch': 28, 'best_scores': {'tri_id': (0.7535211267605634, 0.6772151898734177, 0.7133333333333333), 'arg_id': (0.5347043701799485, 0.26, 0.3498738435660219), 'arg_cls': (0.4755784061696658, 0.23125, 0.31118587047939444)}}
[2025-04-26 19:23:29] - __main__ - ./output/degree_e2e_mydata/no_cscw/20250426_163444/train.log
[2025-04-26 19:23:29] - __main__ - Epoch 41
[2025-04-26 19:26:50] - __main__ - Saving best model
[2025-04-26 19:28:36] - __main__ - {'epoch': 41, 'dev_scores': {'tri_id': (0.7318840579710145, 0.6392405063291139, 0.6824324324324325), 'arg_id': (0.5486486486486486, 0.25375, 0.347008547008547), 'arg_cls': (0.4945945945945946, 0.22875, 0.3128205128205128)}}
[2025-04-26 19:28:36] - __main__ - {'epoch': 41, 'test_scores': {'tri_id': (0.7214285714285714, 0.6196319018404908, 0.6666666666666666), 'arg_id': (0.5403899721448467, 0.22958579881656804, 0.3222591362126246), 'arg_cls': (0.5013927576601671, 0.21301775147928995, 0.29900332225913623)}}
[2025-04-26 19:28:36] - __main__ - Current best
[2025-04-26 19:28:36] - __main__ - {'best_epoch': 41, 'best_scores': {'tri_id': (0.7318840579710145, 0.6392405063291139, 0.6824324324324325), 'arg_id': (0.5486486486486486, 0.25375, 0.347008547008547), 'arg_cls': (0.4945945945945946, 0.22875, 0.3128205128205128)}}
[2025-04-26 19:28:36] - __main__ - ./output/degree_e2e_mydata/no_cscw/20250426_163444/train.log
[2025-04-26 19:28:36] - __main__ - Epoch 42
[2025-04-26 19:31:57] - __main__ - {'epoch': 42, 'dev_scores': {'tri_id': (0.7575757575757576, 0.6329113924050633, 0.6896551724137931), 'arg_id': (0.5507246376811594, 0.2375, 0.3318777292576419), 'arg_cls': (0.5072463768115942, 0.21875, 0.3056768558951965)}}
[2025-04-26 19:31:57] - __main__ - Current best
[2025-04-26 19:31:57] - __main__ - {'best_epoch': 41, 'best_scores': {'tri_id': (0.7318840579710145, 0.6392405063291139, 0.6824324324324325), 'arg_id': (0.5486486486486486, 0.25375, 0.347008547008547), 'arg_cls': (0.4945945945945946, 0.22875, 0.3128205128205128)}}
[2025-04-26 19:31:57] - __main__ - ./output/degree_e2e_mydata/no_cscw/20250426_163444/train.log
[2025-04-26 19:31:57] - __main__ - Epoch 43
[2025-04-26 19:35:17] - __main__ - {'epoch': 43, 'dev_scores': {'tri_id': (0.7238805970149254, 0.6139240506329114, 0.6643835616438356), 'arg_id': (0.5193370165745856, 0.235, 0.3235800344234079), 'arg_cls': (0.47790055248618785, 0.21625, 0.2977624784853701)}}
[2025-04-26 19:35:17] - __main__ - Current best
[2025-04-26 19:35:17] - __main__ - {'best_epoch': 41, 'best_scores': {'tri_id': (0.7318840579710145, 0.6392405063291139, 0.6824324324324325), 'arg_id': (0.5486486486486486, 0.25375, 0.347008547008547), 'arg_cls': (0.4945945945945946, 0.22875, 0.3128205128205128)}}
[2025-04-26 19:35:17] - __main__ - ./output/degree_e2e_mydata/no_cscw/20250426_163444/train.log
[2025-04-26 19:35:17] - __main__ - Epoch 44
[2025-04-26 19:38:38] - __main__ - {'epoch': 44, 'dev_scores': {'tri_id': (0.7424242424242424, 0.620253164556962, 0.6758620689655171), 'arg_id': (0.546742209631728, 0.24125, 0.33477883781439727), 'arg_cls': (0.49008498583569404, 0.21625, 0.30008673026886384)}}
[2025-04-26 19:38:38] - __main__ - Current best
[2025-04-26 19:38:38] - __main__ - {'best_epoch': 41, 'best_scores': {'tri_id': (0.7318840579710145, 0.6392405063291139, 0.6824324324324325), 'arg_id': (0.5486486486486486, 0.25375, 0.347008547008547), 'arg_cls': (0.4945945945945946, 0.22875, 0.3128205128205128)}}
[2025-04-26 19:38:38] - __main__ - ./output/degree_e2e_mydata/no_cscw/20250426_163444/train.log
[2025-04-26 19:38:38] - __main__ - Epoch 45
[2025-04-26 19:41:59] - __main__ - {'epoch': 45, 'dev_scores': {'tri_id': (0.7424242424242424, 0.620253164556962, 0.6758620689655171), 'arg_id': (0.5454545454545454, 0.24, 0.3333333333333333), 'arg_cls': (0.4971590909090909, 0.21875, 0.3038194444444445)}}
[2025-04-26 19:41:59] - __main__ - Current best
[2025-04-26 19:41:59] - __main__ - {'best_epoch': 41, 'best_scores': {'tri_id': (0.7318840579710145, 0.6392405063291139, 0.6824324324324325), 'arg_id': (0.5486486486486486, 0.25375, 0.347008547008547), 'arg_cls': (0.4945945945945946, 0.22875, 0.3128205128205128)}}
[2025-04-26 19:41:59] - __main__ - ./output/degree_e2e_mydata/no_cscw/20250426_163444/train.log
[2025-04-26 19:41:59] - __main__ - Done!
