[2025-04-26 09:14:29] - __main__ - 
{   'accumulate_step': 2,
    'beam_size': 3,
    'cache_dir': './cache',
    'config': 'config/config_degree_e2e_no_acl.json',
    'dataset': 'ace05e',
    'dev_file': './aaa_my_data_conversion/splitted_data/dev.oneie.json',
    'dev_finetune_file': './data/degree_e2e_mydata/no_acl/dev_all.pkl',
    'eval_batch_size': 4,
    'finetune_dir': './data/degree_e2e_mydata/no_acl/',
    'gpu_device': 0,
    'grad_clipping': 5.0,
    'ignore_first_header': False,
    'input_style': ['event_type_sent', 'keywords', 'template'],
    'learning_rate': 1e-05,
    'max_epoch': 45,
    'max_length': 1024,
    'max_output_length': 100,
    'model_name': 'facebook/bart-large',
    'n_negative': 15,
    'output_dir': './output/degree_e2e_mydata/no_acl/',
    'output_style': ['trigger:sentence', 'argument:sentence'],
    'seed': 0,
    'test_file': './aaa_my_data_conversion/splitted_data/test.oneie.json',
    'test_finetune_file': './data/degree_e2e_mydata/no_acl/test_all.pkl',
    'train_batch_size': 4,
    'train_file': './aaa_my_data_conversion/splitted_data/no_acl/train.oneie.json',
    'train_finetune_file': './data/degree_e2e_mydata/no_acl/train_all.pkl',
    'vocab_file': './data/degree_e2e_mydata/no_acl/vocab.json',
    'warmup_epoch': 5,
    'weight_decay': 1e-05}
[2025-04-26 09:14:29] - data - Loaded 4136 instances from ./data/degree_e2e_mydata/no_acl/train_all.pkl
[2025-04-26 09:14:29] - data - Loaded 632 instances from ./data/degree_e2e_mydata/no_acl/dev_all.pkl
[2025-04-26 09:14:29] - data - Loaded 652 instances from ./data/degree_e2e_mydata/no_acl/test_all.pkl
[2025-04-26 09:14:29] - model - Loading pre-trained model facebook/bart-large
[2025-04-26 09:14:34] - __main__ - Start training ...
[2025-04-26 09:14:34] - __main__ - ./output/degree_e2e_mydata/no_acl/20250426_091429/train.log
[2025-04-26 09:14:34] - __main__ - Epoch 1
[2025-04-26 09:18:13] - __main__ - {'epoch': 1, 'dev_scores': {'tri_id': (0, 0.0, 0), 'arg_id': (0, 0.0, 0), 'arg_cls': (0, 0.0, 0)}}
[2025-04-26 09:18:13] - __main__ - Current best
[2025-04-26 09:18:13] - __main__ - {'best_epoch': -1, 'best_scores': {'tri_id': (0.0, 0.0, 0.0), 'arg_id': (0.0, 0.0, 0.0), 'arg_cls': (0.0, 0.0, 0.0)}}
[2025-04-26 09:18:13] - __main__ - ./output/degree_e2e_mydata/no_acl/20250426_091429/train.log
[2025-04-26 09:18:13] - __main__ - Epoch 2
[2025-04-26 09:21:50] - __main__ - {'epoch': 2, 'dev_scores': {'tri_id': (0, 0.0, 0), 'arg_id': (0, 0.0, 0), 'arg_cls': (0, 0.0, 0)}}
[2025-04-26 09:21:50] - __main__ - Current best
[2025-04-26 09:21:50] - __main__ - {'best_epoch': -1, 'best_scores': {'tri_id': (0.0, 0.0, 0.0), 'arg_id': (0.0, 0.0, 0.0), 'arg_cls': (0.0, 0.0, 0.0)}}
[2025-04-26 09:21:50] - __main__ - ./output/degree_e2e_mydata/no_acl/20250426_091429/train.log
[2025-04-26 09:21:50] - __main__ - Epoch 3
[2025-04-26 09:25:30] - __main__ - {'epoch': 3, 'dev_scores': {'tri_id': (0.25, 0.012658227848101266, 0.024096385542168672), 'arg_id': (0.0, 0.0, 0), 'arg_cls': (0.0, 0.0, 0)}}
[2025-04-26 09:25:30] - __main__ - Current best
[2025-04-26 09:25:30] - __main__ - {'best_epoch': -1, 'best_scores': {'tri_id': (0.0, 0.0, 0.0), 'arg_id': (0.0, 0.0, 0.0), 'arg_cls': (0.0, 0.0, 0.0)}}
[2025-04-26 09:25:30] - __main__ - ./output/degree_e2e_mydata/no_acl/20250426_091429/train.log
[2025-04-26 09:25:30] - __main__ - Epoch 4
[2025-04-26 09:29:16] - __main__ - {'epoch': 4, 'dev_scores': {'tri_id': (0, 0.0, 0), 'arg_id': (0, 0.0, 0), 'arg_cls': (0, 0.0, 0)}}
[2025-04-26 09:29:16] - __main__ - Current best
[2025-04-26 09:29:16] - __main__ - {'best_epoch': -1, 'best_scores': {'tri_id': (0.0, 0.0, 0.0), 'arg_id': (0.0, 0.0, 0.0), 'arg_cls': (0.0, 0.0, 0.0)}}
[2025-04-26 09:29:16] - __main__ - ./output/degree_e2e_mydata/no_acl/20250426_091429/train.log
[2025-04-26 09:29:16] - __main__ - Epoch 5
[2025-04-26 09:33:00] - __main__ - Saving best model
[2025-04-26 09:34:47] - __main__ - {'epoch': 5, 'dev_scores': {'tri_id': (0.6666666666666666, 0.012658227848101266, 0.02484472049689441), 'arg_id': (0.7142857142857143, 0.00625, 0.012391573729863695), 'arg_cls': (0.42857142857142855, 0.00375, 0.007434944237918215)}}
[2025-04-26 09:34:47] - __main__ - {'epoch': 5, 'test_scores': {'tri_id': (0.8571428571428571, 0.03680981595092025, 0.07058823529411765), 'arg_id': (0.5714285714285714, 0.009467455621301775, 0.018626309662398137), 'arg_cls': (0.5714285714285714, 0.009467455621301775, 0.018626309662398137)}}
[2025-04-26 09:34:47] - __main__ - Current best
[2025-04-26 09:34:47] - __main__ - {'best_epoch': 5, 'best_scores': {'tri_id': (0.6666666666666666, 0.012658227848101266, 0.02484472049689441), 'arg_id': (0.7142857142857143, 0.00625, 0.012391573729863695), 'arg_cls': (0.42857142857142855, 0.00375, 0.007434944237918215)}}
[2025-04-26 09:34:47] - __main__ - ./output/degree_e2e_mydata/no_acl/20250426_091429/train.log
[2025-04-26 09:34:47] - __main__ - Epoch 6
[2025-04-26 09:38:33] - __main__ - Saving best model
[2025-04-26 09:40:31] - __main__ - {'epoch': 6, 'dev_scores': {'tri_id': (0.8333333333333334, 0.15822784810126583, 0.2659574468085107), 'arg_id': (0.6625, 0.06625, 0.12045454545454547), 'arg_cls': (0.4875, 0.04875, 0.08863636363636362)}}
[2025-04-26 09:40:31] - __main__ - {'epoch': 6, 'test_scores': {'tri_id': (0.9117647058823529, 0.1901840490797546, 0.3147208121827411), 'arg_id': (0.5977011494252874, 0.06153846153846154, 0.11158798283261803), 'arg_cls': (0.45977011494252873, 0.047337278106508875, 0.08583690987124463)}}
[2025-04-26 09:40:31] - __main__ - Current best
[2025-04-26 09:40:31] - __main__ - {'best_epoch': 6, 'best_scores': {'tri_id': (0.8333333333333334, 0.15822784810126583, 0.2659574468085107), 'arg_id': (0.6625, 0.06625, 0.12045454545454547), 'arg_cls': (0.4875, 0.04875, 0.08863636363636362)}}
[2025-04-26 09:40:31] - __main__ - ./output/degree_e2e_mydata/no_acl/20250426_091429/train.log
[2025-04-26 09:40:31] - __main__ - Epoch 7
[2025-04-26 09:44:24] - __main__ - Saving best model
[2025-04-26 09:46:18] - __main__ - {'epoch': 7, 'dev_scores': {'tri_id': (0.7317073170731707, 0.189873417721519, 0.30150753768844224), 'arg_id': (0.6736842105263158, 0.08, 0.14301675977653633), 'arg_cls': (0.5789473684210527, 0.06875, 0.12290502793296092)}}
[2025-04-26 09:46:18] - __main__ - {'epoch': 7, 'test_scores': {'tri_id': (0.875, 0.2147239263803681, 0.3448275862068965), 'arg_id': (0.65, 0.06153846153846154, 0.11243243243243244), 'arg_cls': (0.5375, 0.05088757396449704, 0.09297297297297298)}}
[2025-04-26 09:46:18] - __main__ - Current best
[2025-04-26 09:46:18] - __main__ - {'best_epoch': 7, 'best_scores': {'tri_id': (0.7317073170731707, 0.189873417721519, 0.30150753768844224), 'arg_id': (0.6736842105263158, 0.08, 0.14301675977653633), 'arg_cls': (0.5789473684210527, 0.06875, 0.12290502793296092)}}
[2025-04-26 09:46:18] - __main__ - ./output/degree_e2e_mydata/no_acl/20250426_091429/train.log
[2025-04-26 09:46:18] - __main__ - Epoch 8
[2025-04-26 09:49:58] - __main__ - Saving best model
[2025-04-26 09:51:49] - __main__ - {'epoch': 8, 'dev_scores': {'tri_id': (0.6767676767676768, 0.4240506329113924, 0.5214007782101168), 'arg_id': (0.5265700483091788, 0.13625, 0.21648460774577957), 'arg_cls': (0.47342995169082125, 0.1225, 0.19463753723932475)}}
[2025-04-26 09:51:49] - __main__ - {'epoch': 8, 'test_scores': {'tri_id': (0.7307692307692307, 0.4662576687116564, 0.5692883895131086), 'arg_id': (0.5787037037037037, 0.14792899408284024, 0.23562676720075404), 'arg_cls': (0.5, 0.12781065088757396, 0.20358152686145145)}}
[2025-04-26 09:51:49] - __main__ - Current best
[2025-04-26 09:51:49] - __main__ - {'best_epoch': 8, 'best_scores': {'tri_id': (0.6767676767676768, 0.4240506329113924, 0.5214007782101168), 'arg_id': (0.5265700483091788, 0.13625, 0.21648460774577957), 'arg_cls': (0.47342995169082125, 0.1225, 0.19463753723932475)}}
[2025-04-26 09:51:49] - __main__ - ./output/degree_e2e_mydata/no_acl/20250426_091429/train.log
[2025-04-26 09:51:49] - __main__ - Epoch 9
[2025-04-26 09:55:25] - __main__ - {'epoch': 9, 'dev_scores': {'tri_id': (0.6923076923076923, 0.3987341772151899, 0.5060240963855421), 'arg_id': (0.5181818181818182, 0.1425, 0.22352941176470587), 'arg_cls': (0.39545454545454545, 0.10875, 0.17058823529411765)}}
[2025-04-26 09:55:25] - __main__ - Current best
[2025-04-26 09:55:25] - __main__ - {'best_epoch': 8, 'best_scores': {'tri_id': (0.6767676767676768, 0.4240506329113924, 0.5214007782101168), 'arg_id': (0.5265700483091788, 0.13625, 0.21648460774577957), 'arg_cls': (0.47342995169082125, 0.1225, 0.19463753723932475)}}
[2025-04-26 09:55:25] - __main__ - ./output/degree_e2e_mydata/no_acl/20250426_091429/train.log
[2025-04-26 09:55:25] - __main__ - Epoch 10
[2025-04-26 09:59:05] - __main__ - {'epoch': 10, 'dev_scores': {'tri_id': (0.7538461538461538, 0.310126582278481, 0.4394618834080718), 'arg_id': (0.6029411764705882, 0.1025, 0.17521367521367517), 'arg_cls': (0.5, 0.085, 0.1452991452991453)}}
[2025-04-26 09:59:05] - __main__ - Current best
[2025-04-26 09:59:05] - __main__ - {'best_epoch': 8, 'best_scores': {'tri_id': (0.6767676767676768, 0.4240506329113924, 0.5214007782101168), 'arg_id': (0.5265700483091788, 0.13625, 0.21648460774577957), 'arg_cls': (0.47342995169082125, 0.1225, 0.19463753723932475)}}
[2025-04-26 09:59:05] - __main__ - ./output/degree_e2e_mydata/no_acl/20250426_091429/train.log
[2025-04-26 09:59:05] - __main__ - Epoch 11
[2025-04-26 10:03:01] - __main__ - Saving best model
[2025-04-26 10:04:54] - __main__ - {'epoch': 11, 'dev_scores': {'tri_id': (0.6578947368421053, 0.47468354430379744, 0.5514705882352942), 'arg_id': (0.48484848484848486, 0.18, 0.2625341841385597), 'arg_cls': (0.367003367003367, 0.13625, 0.1987237921604376)}}
[2025-04-26 10:04:54] - __main__ - {'epoch': 11, 'test_scores': {'tri_id': (0.6691729323308271, 0.5460122699386503, 0.6013513513513513), 'arg_id': (0.4870967741935484, 0.178698224852071, 0.26147186147186147), 'arg_cls': (0.3967741935483871, 0.1455621301775148, 0.21298701298701297)}}
[2025-04-26 10:04:54] - __main__ - Current best
[2025-04-26 10:04:54] - __main__ - {'best_epoch': 11, 'best_scores': {'tri_id': (0.6578947368421053, 0.47468354430379744, 0.5514705882352942), 'arg_id': (0.48484848484848486, 0.18, 0.2625341841385597), 'arg_cls': (0.367003367003367, 0.13625, 0.1987237921604376)}}
[2025-04-26 10:04:54] - __main__ - ./output/degree_e2e_mydata/no_acl/20250426_091429/train.log
[2025-04-26 10:04:54] - __main__ - Epoch 12
[2025-04-26 10:08:31] - __main__ - {'epoch': 12, 'dev_scores': {'tri_id': (0.6777777777777778, 0.3860759493670886, 0.4919354838709677), 'arg_id': (0.5376884422110553, 0.13375, 0.21421421421421424), 'arg_cls': (0.4472361809045226, 0.11125, 0.1781781781781782)}}
[2025-04-26 10:08:31] - __main__ - Current best
[2025-04-26 10:08:31] - __main__ - {'best_epoch': 11, 'best_scores': {'tri_id': (0.6578947368421053, 0.47468354430379744, 0.5514705882352942), 'arg_id': (0.48484848484848486, 0.18, 0.2625341841385597), 'arg_cls': (0.367003367003367, 0.13625, 0.1987237921604376)}}
[2025-04-26 10:08:31] - __main__ - ./output/degree_e2e_mydata/no_acl/20250426_091429/train.log
[2025-04-26 10:08:31] - __main__ - Epoch 13
[2025-04-26 10:12:17] - __main__ - Saving best model
[2025-04-26 10:14:06] - __main__ - {'epoch': 13, 'dev_scores': {'tri_id': (0.7631578947368421, 0.5506329113924051, 0.6397058823529411), 'arg_id': (0.5447470817120622, 0.175, 0.2649006622516556), 'arg_cls': (0.48638132295719844, 0.15625, 0.2365184484389782)}}
[2025-04-26 10:14:06] - __main__ - {'epoch': 13, 'test_scores': {'tri_id': (0.7024793388429752, 0.5214723926380368, 0.5985915492957746), 'arg_id': (0.5390334572490706, 0.17159763313609466, 0.2603231597845601), 'arg_cls': (0.4349442379182156, 0.13846153846153847, 0.21005385996409337)}}
[2025-04-26 10:14:06] - __main__ - Current best
[2025-04-26 10:14:06] - __main__ - {'best_epoch': 13, 'best_scores': {'tri_id': (0.7631578947368421, 0.5506329113924051, 0.6397058823529411), 'arg_id': (0.5447470817120622, 0.175, 0.2649006622516556), 'arg_cls': (0.48638132295719844, 0.15625, 0.2365184484389782)}}
[2025-04-26 10:14:06] - __main__ - ./output/degree_e2e_mydata/no_acl/20250426_091429/train.log
[2025-04-26 10:14:06] - __main__ - Epoch 14
[2025-04-26 10:17:44] - __main__ - {'epoch': 14, 'dev_scores': {'tri_id': (0.6541353383458647, 0.5506329113924051, 0.597938144329897), 'arg_id': (0.5319148936170213, 0.1875, 0.27726432532347506), 'arg_cls': (0.4397163120567376, 0.155, 0.2292051756007394)}}
[2025-04-26 10:17:44] - __main__ - Current best
[2025-04-26 10:17:44] - __main__ - {'best_epoch': 13, 'best_scores': {'tri_id': (0.7631578947368421, 0.5506329113924051, 0.6397058823529411), 'arg_id': (0.5447470817120622, 0.175, 0.2649006622516556), 'arg_cls': (0.48638132295719844, 0.15625, 0.2365184484389782)}}
[2025-04-26 10:17:44] - __main__ - ./output/degree_e2e_mydata/no_acl/20250426_091429/train.log
[2025-04-26 10:17:44] - __main__ - Epoch 15
[2025-04-26 10:21:42] - __main__ - Saving best model
[2025-04-26 10:23:32] - __main__ - {'epoch': 15, 'dev_scores': {'tri_id': (0.7073170731707317, 0.5506329113924051, 0.6192170818505338), 'arg_id': (0.538235294117647, 0.22875, 0.32105263157894737), 'arg_cls': (0.43529411764705883, 0.185, 0.2596491228070175)}}
[2025-04-26 10:23:32] - __main__ - {'epoch': 15, 'test_scores': {'tri_id': (0.7076923076923077, 0.5644171779141104, 0.6279863481228669), 'arg_id': (0.5060240963855421, 0.19881656804733727, 0.2854715378079864), 'arg_cls': (0.39457831325301207, 0.15502958579881657, 0.2225998300764656)}}
[2025-04-26 10:23:32] - __main__ - Current best
[2025-04-26 10:23:32] - __main__ - {'best_epoch': 15, 'best_scores': {'tri_id': (0.7073170731707317, 0.5506329113924051, 0.6192170818505338), 'arg_id': (0.538235294117647, 0.22875, 0.32105263157894737), 'arg_cls': (0.43529411764705883, 0.185, 0.2596491228070175)}}
[2025-04-26 10:23:32] - __main__ - ./output/degree_e2e_mydata/no_acl/20250426_091429/train.log
[2025-04-26 10:23:32] - __main__ - Epoch 16
[2025-04-26 10:38:48] - __main__ - Saving best model
[2025-04-26 10:41:15] - __main__ - {'epoch': 16, 'dev_scores': {'tri_id': (0.734375, 0.5949367088607594, 0.6573426573426573), 'arg_id': (0.5559105431309904, 0.2175, 0.31266846361185985), 'arg_cls': (0.4728434504792332, 0.185, 0.26594788858939805)}}
[2025-04-26 10:41:15] - __main__ - {'epoch': 16, 'test_scores': {'tri_id': (0.7416666666666667, 0.5460122699386503, 0.6289752650176678), 'arg_id': (0.5930232558139535, 0.18106508875739644, 0.2774252039891205), 'arg_cls': (0.49224806201550386, 0.1502958579881657, 0.2302810516772439)}}
[2025-04-26 10:41:15] - __main__ - Current best
[2025-04-26 10:41:15] - __main__ - {'best_epoch': 16, 'best_scores': {'tri_id': (0.734375, 0.5949367088607594, 0.6573426573426573), 'arg_id': (0.5559105431309904, 0.2175, 0.31266846361185985), 'arg_cls': (0.4728434504792332, 0.185, 0.26594788858939805)}}
[2025-04-26 10:41:15] - __main__ - ./output/degree_e2e_mydata/no_acl/20250426_091429/train.log
[2025-04-26 10:41:15] - __main__ - Epoch 17
[2025-04-26 10:44:51] - __main__ - {'epoch': 17, 'dev_scores': {'tri_id': (0.6949152542372882, 0.5189873417721519, 0.5942028985507246), 'arg_id': (0.5469255663430421, 0.21125, 0.30477908025247974), 'arg_cls': (0.4692556634304207, 0.18125, 0.26149684400360684)}}
[2025-04-26 10:44:51] - __main__ - Current best
[2025-04-26 10:44:51] - __main__ - {'best_epoch': 16, 'best_scores': {'tri_id': (0.734375, 0.5949367088607594, 0.6573426573426573), 'arg_id': (0.5559105431309904, 0.2175, 0.31266846361185985), 'arg_cls': (0.4728434504792332, 0.185, 0.26594788858939805)}}
[2025-04-26 10:44:51] - __main__ - ./output/degree_e2e_mydata/no_acl/20250426_091429/train.log
[2025-04-26 10:44:51] - __main__ - Epoch 18
[2025-04-26 10:48:28] - __main__ - {'epoch': 18, 'dev_scores': {'tri_id': (0.7033898305084746, 0.5253164556962026, 0.6014492753623188), 'arg_id': (0.569672131147541, 0.17375, 0.2662835249042146), 'arg_cls': (0.48360655737704916, 0.1475, 0.2260536398467433)}}
[2025-04-26 10:48:28] - __main__ - Current best
[2025-04-26 10:48:28] - __main__ - {'best_epoch': 16, 'best_scores': {'tri_id': (0.734375, 0.5949367088607594, 0.6573426573426573), 'arg_id': (0.5559105431309904, 0.2175, 0.31266846361185985), 'arg_cls': (0.4728434504792332, 0.185, 0.26594788858939805)}}
[2025-04-26 10:48:28] - __main__ - ./output/degree_e2e_mydata/no_acl/20250426_091429/train.log
[2025-04-26 10:48:28] - __main__ - Epoch 19
[2025-04-26 10:52:32] - __main__ - {'epoch': 19, 'dev_scores': {'tri_id': (0.664179104477612, 0.5632911392405063, 0.6095890410958903), 'arg_id': (0.5506072874493927, 0.17, 0.2597898758357211), 'arg_cls': (0.44534412955465585, 0.1375, 0.2101241642788921)}}
[2025-04-26 10:52:32] - __main__ - Current best
[2025-04-26 10:52:32] - __main__ - {'best_epoch': 16, 'best_scores': {'tri_id': (0.734375, 0.5949367088607594, 0.6573426573426573), 'arg_id': (0.5559105431309904, 0.2175, 0.31266846361185985), 'arg_cls': (0.4728434504792332, 0.185, 0.26594788858939805)}}
[2025-04-26 10:52:32] - __main__ - ./output/degree_e2e_mydata/no_acl/20250426_091429/train.log
[2025-04-26 10:52:32] - __main__ - Epoch 20
[2025-04-26 10:56:16] - __main__ - {'epoch': 20, 'dev_scores': {'tri_id': (0.6592592592592592, 0.5632911392405063, 0.6075085324232081), 'arg_id': (0.5466237942122186, 0.2125, 0.306030603060306), 'arg_cls': (0.44694533762057875, 0.17375, 0.2502250225022502)}}
[2025-04-26 10:56:16] - __main__ - Current best
[2025-04-26 10:56:16] - __main__ - {'best_epoch': 16, 'best_scores': {'tri_id': (0.734375, 0.5949367088607594, 0.6573426573426573), 'arg_id': (0.5559105431309904, 0.2175, 0.31266846361185985), 'arg_cls': (0.4728434504792332, 0.185, 0.26594788858939805)}}
[2025-04-26 10:56:16] - __main__ - ./output/degree_e2e_mydata/no_acl/20250426_091429/train.log
[2025-04-26 10:56:16] - __main__ - Epoch 21
[2025-04-26 11:00:01] - __main__ - {'epoch': 21, 'dev_scores': {'tri_id': (0.7096774193548387, 0.5569620253164557, 0.6241134751773049), 'arg_id': (0.5551601423487544, 0.195, 0.28862164662349676), 'arg_cls': (0.47686832740213525, 0.1675, 0.24791859389454213)}}
[2025-04-26 11:00:01] - __main__ - Current best
[2025-04-26 11:00:01] - __main__ - {'best_epoch': 16, 'best_scores': {'tri_id': (0.734375, 0.5949367088607594, 0.6573426573426573), 'arg_id': (0.5559105431309904, 0.2175, 0.31266846361185985), 'arg_cls': (0.4728434504792332, 0.185, 0.26594788858939805)}}
[2025-04-26 11:00:01] - __main__ - ./output/degree_e2e_mydata/no_acl/20250426_091429/train.log
[2025-04-26 11:00:01] - __main__ - Epoch 22
[2025-04-26 11:03:43] - __main__ - Saving best model
[2025-04-26 11:05:31] - __main__ - {'epoch': 22, 'dev_scores': {'tri_id': (0.7348484848484849, 0.6139240506329114, 0.6689655172413793), 'arg_id': (0.6044303797468354, 0.23875, 0.34229390681003585), 'arg_cls': (0.5063291139240507, 0.2, 0.28673835125448033)}}
[2025-04-26 11:05:31] - __main__ - {'epoch': 22, 'test_scores': {'tri_id': (0.7333333333333333, 0.6073619631901841, 0.6644295302013422), 'arg_id': (0.5448504983388704, 0.1940828402366864, 0.28621291448516584), 'arg_cls': (0.4584717607973422, 0.16331360946745563, 0.24083769633507854)}}
[2025-04-26 11:05:31] - __main__ - Current best
[2025-04-26 11:05:31] - __main__ - {'best_epoch': 22, 'best_scores': {'tri_id': (0.7348484848484849, 0.6139240506329114, 0.6689655172413793), 'arg_id': (0.6044303797468354, 0.23875, 0.34229390681003585), 'arg_cls': (0.5063291139240507, 0.2, 0.28673835125448033)}}
[2025-04-26 11:05:31] - __main__ - ./output/degree_e2e_mydata/no_acl/20250426_091429/train.log
[2025-04-26 11:05:31] - __main__ - Epoch 23
[2025-04-26 11:09:09] - __main__ - Saving best model
[2025-04-26 11:11:04] - __main__ - {'epoch': 23, 'dev_scores': {'tri_id': (0.6906474820143885, 0.6075949367088608, 0.6464646464646465), 'arg_id': (0.5224274406332454, 0.2475, 0.33587786259541985), 'arg_cls': (0.45118733509234826, 0.21375, 0.29007633587786263)}}
[2025-04-26 11:11:04] - __main__ - {'epoch': 23, 'test_scores': {'tri_id': (0.7142857142857143, 0.6134969325153374, 0.66006600660066), 'arg_id': (0.5294117647058824, 0.22366863905325443, 0.3144758735440932), 'arg_cls': (0.4481792717086835, 0.1893491124260355, 0.26622296173044924)}}
[2025-04-26 11:11:04] - __main__ - Current best
[2025-04-26 11:11:04] - __main__ - {'best_epoch': 23, 'best_scores': {'tri_id': (0.6906474820143885, 0.6075949367088608, 0.6464646464646465), 'arg_id': (0.5224274406332454, 0.2475, 0.33587786259541985), 'arg_cls': (0.45118733509234826, 0.21375, 0.29007633587786263)}}
[2025-04-26 11:11:04] - __main__ - ./output/degree_e2e_mydata/no_acl/20250426_091429/train.log
[2025-04-26 11:11:04] - __main__ - Epoch 24
[2025-04-26 11:14:44] - __main__ - {'epoch': 24, 'dev_scores': {'tri_id': (0.6811594202898551, 0.5949367088607594, 0.6351351351351351), 'arg_id': (0.5194444444444445, 0.23375, 0.3224137931034483), 'arg_cls': (0.45, 0.2025, 0.2793103448275862)}}
[2025-04-26 11:14:44] - __main__ - Current best
[2025-04-26 11:14:44] - __main__ - {'best_epoch': 23, 'best_scores': {'tri_id': (0.6906474820143885, 0.6075949367088608, 0.6464646464646465), 'arg_id': (0.5224274406332454, 0.2475, 0.33587786259541985), 'arg_cls': (0.45118733509234826, 0.21375, 0.29007633587786263)}}
[2025-04-26 11:14:44] - __main__ - ./output/degree_e2e_mydata/no_acl/20250426_091429/train.log
[2025-04-26 11:14:44] - __main__ - Epoch 25
[2025-04-26 11:18:26] - __main__ - {'epoch': 25, 'dev_scores': {'tri_id': (0.6402877697841727, 0.5632911392405063, 0.5993265993265994), 'arg_id': (0.4827586206896552, 0.21, 0.2926829268292683), 'arg_cls': (0.43103448275862066, 0.1875, 0.2613240418118467)}}
[2025-04-26 11:18:26] - __main__ - Current best
[2025-04-26 11:18:26] - __main__ - {'best_epoch': 23, 'best_scores': {'tri_id': (0.6906474820143885, 0.6075949367088608, 0.6464646464646465), 'arg_id': (0.5224274406332454, 0.2475, 0.33587786259541985), 'arg_cls': (0.45118733509234826, 0.21375, 0.29007633587786263)}}
[2025-04-26 11:18:26] - __main__ - ./output/degree_e2e_mydata/no_acl/20250426_091429/train.log
[2025-04-26 11:18:26] - __main__ - Epoch 26
[2025-04-26 11:22:23] - __main__ - {'epoch': 26, 'dev_scores': {'tri_id': (0.6433566433566433, 0.5822784810126582, 0.6112956810631229), 'arg_id': (0.49056603773584906, 0.2275, 0.3108454312553373), 'arg_cls': (0.40700808625336926, 0.18875, 0.2578992314261315)}}
[2025-04-26 11:22:23] - __main__ - Current best
[2025-04-26 11:22:23] - __main__ - {'best_epoch': 23, 'best_scores': {'tri_id': (0.6906474820143885, 0.6075949367088608, 0.6464646464646465), 'arg_id': (0.5224274406332454, 0.2475, 0.33587786259541985), 'arg_cls': (0.45118733509234826, 0.21375, 0.29007633587786263)}}
[2025-04-26 11:22:23] - __main__ - ./output/degree_e2e_mydata/no_acl/20250426_091429/train.log
[2025-04-26 11:22:23] - __main__ - Epoch 27
[2025-04-26 11:26:02] - __main__ - {'epoch': 27, 'dev_scores': {'tri_id': (0.6783216783216783, 0.6139240506329114, 0.6445182724252492), 'arg_id': (0.49748743718592964, 0.2475, 0.330550918196995), 'arg_cls': (0.4321608040201005, 0.215, 0.2871452420701169)}}
[2025-04-26 11:26:02] - __main__ - Current best
[2025-04-26 11:26:02] - __main__ - {'best_epoch': 23, 'best_scores': {'tri_id': (0.6906474820143885, 0.6075949367088608, 0.6464646464646465), 'arg_id': (0.5224274406332454, 0.2475, 0.33587786259541985), 'arg_cls': (0.45118733509234826, 0.21375, 0.29007633587786263)}}
[2025-04-26 11:26:02] - __main__ - ./output/degree_e2e_mydata/no_acl/20250426_091429/train.log
[2025-04-26 11:26:02] - __main__ - Epoch 28
[2025-04-26 11:29:44] - __main__ - Saving best model
[2025-04-26 11:31:31] - __main__ - {'epoch': 28, 'dev_scores': {'tri_id': (0.6736111111111112, 0.6139240506329114, 0.6423841059602649), 'arg_id': (0.5167958656330749, 0.25, 0.33698399326032014), 'arg_cls': (0.4599483204134367, 0.2225, 0.2999157540016849)}}
[2025-04-26 11:31:31] - __main__ - {'epoch': 28, 'test_scores': {'tri_id': (0.762589928057554, 0.6503067484662577, 0.7019867549668876), 'arg_id': (0.5404624277456648, 0.22130177514792898, 0.31402183039462633), 'arg_cls': (0.4797687861271676, 0.19644970414201182, 0.2787573467674223)}}
[2025-04-26 11:31:31] - __main__ - Current best
[2025-04-26 11:31:31] - __main__ - {'best_epoch': 28, 'best_scores': {'tri_id': (0.6736111111111112, 0.6139240506329114, 0.6423841059602649), 'arg_id': (0.5167958656330749, 0.25, 0.33698399326032014), 'arg_cls': (0.4599483204134367, 0.2225, 0.2999157540016849)}}
[2025-04-26 11:31:31] - __main__ - ./output/degree_e2e_mydata/no_acl/20250426_091429/train.log
[2025-04-26 11:31:31] - __main__ - Epoch 29
[2025-04-26 11:35:13] - __main__ - {'epoch': 29, 'dev_scores': {'tri_id': (0.6616541353383458, 0.5569620253164557, 0.604810996563574), 'arg_id': (0.5214723926380368, 0.2125, 0.3019538188277087), 'arg_cls': (0.46932515337423314, 0.19125, 0.27175843694493784)}}
[2025-04-26 11:35:13] - __main__ - Current best
[2025-04-26 11:35:13] - __main__ - {'best_epoch': 28, 'best_scores': {'tri_id': (0.6736111111111112, 0.6139240506329114, 0.6423841059602649), 'arg_id': (0.5167958656330749, 0.25, 0.33698399326032014), 'arg_cls': (0.4599483204134367, 0.2225, 0.2999157540016849)}}
[2025-04-26 11:35:13] - __main__ - ./output/degree_e2e_mydata/no_acl/20250426_091429/train.log
[2025-04-26 11:35:13] - __main__ - Epoch 30
[2025-04-26 11:38:51] - __main__ - Saving best model
[2025-04-26 11:41:02] - __main__ - {'epoch': 30, 'dev_scores': {'tri_id': (0.668918918918919, 0.6265822784810127, 0.6470588235294118), 'arg_id': (0.5257985257985258, 0.2675, 0.35459817729908866), 'arg_cls': (0.457002457002457, 0.2325, 0.30820215410107704)}}
[2025-04-26 11:41:02] - __main__ - {'epoch': 30, 'test_scores': {'tri_id': (0.7361111111111112, 0.6503067484662577, 0.6905537459283388), 'arg_id': (0.55, 0.24733727810650888, 0.34122448979591835), 'arg_cls': (0.4473684210526316, 0.20118343195266272, 0.27755102040816326)}}
[2025-04-26 11:41:02] - __main__ - Current best
[2025-04-26 11:41:02] - __main__ - {'best_epoch': 30, 'best_scores': {'tri_id': (0.668918918918919, 0.6265822784810127, 0.6470588235294118), 'arg_id': (0.5257985257985258, 0.2675, 0.35459817729908866), 'arg_cls': (0.457002457002457, 0.2325, 0.30820215410107704)}}
[2025-04-26 11:41:02] - __main__ - ./output/degree_e2e_mydata/no_acl/20250426_091429/train.log
[2025-04-26 11:41:02] - __main__ - Epoch 31
[2025-04-26 11:44:58] - __main__ - Saving best model
[2025-04-26 11:46:51] - __main__ - {'epoch': 31, 'dev_scores': {'tri_id': (0.704225352112676, 0.6329113924050633, 0.6666666666666666), 'arg_id': (0.5376623376623376, 0.25875, 0.3493670886075949), 'arg_cls': (0.4857142857142857, 0.23375, 0.3156118143459916)}}
[2025-04-26 11:46:51] - __main__ - {'epoch': 31, 'test_scores': {'tri_id': (0.7430555555555556, 0.656441717791411, 0.6970684039087949), 'arg_id': (0.5597826086956522, 0.24378698224852072, 0.3396537510305029), 'arg_cls': (0.483695652173913, 0.2106508875739645, 0.29348722176422093)}}
[2025-04-26 11:46:51] - __main__ - Current best
[2025-04-26 11:46:51] - __main__ - {'best_epoch': 31, 'best_scores': {'tri_id': (0.704225352112676, 0.6329113924050633, 0.6666666666666666), 'arg_id': (0.5376623376623376, 0.25875, 0.3493670886075949), 'arg_cls': (0.4857142857142857, 0.23375, 0.3156118143459916)}}
[2025-04-26 11:46:51] - __main__ - ./output/degree_e2e_mydata/no_acl/20250426_091429/train.log
[2025-04-26 11:46:51] - __main__ - Epoch 32
[2025-04-26 11:50:27] - __main__ - {'epoch': 32, 'dev_scores': {'tri_id': (0.706766917293233, 0.5949367088607594, 0.6460481099656357), 'arg_id': (0.5667655786350149, 0.23875, 0.33597185576077393), 'arg_cls': (0.486646884272997, 0.205, 0.28847845206684253)}}
[2025-04-26 11:50:27] - __main__ - Current best
[2025-04-26 11:50:27] - __main__ - {'best_epoch': 31, 'best_scores': {'tri_id': (0.704225352112676, 0.6329113924050633, 0.6666666666666666), 'arg_id': (0.5376623376623376, 0.25875, 0.3493670886075949), 'arg_cls': (0.4857142857142857, 0.23375, 0.3156118143459916)}}
[2025-04-26 11:50:27] - __main__ - ./output/degree_e2e_mydata/no_acl/20250426_091429/train.log
[2025-04-26 11:50:27] - __main__ - Epoch 33
[2025-04-26 11:54:14] - __main__ - {'epoch': 33, 'dev_scores': {'tri_id': (0.7022900763358778, 0.5822784810126582, 0.6366782006920416), 'arg_id': (0.5598802395209581, 0.23375, 0.3298059964726631), 'arg_cls': (0.5089820359281437, 0.2125, 0.2998236331569665)}}
[2025-04-26 11:54:14] - __main__ - Current best
[2025-04-26 11:54:14] - __main__ - {'best_epoch': 31, 'best_scores': {'tri_id': (0.704225352112676, 0.6329113924050633, 0.6666666666666666), 'arg_id': (0.5376623376623376, 0.25875, 0.3493670886075949), 'arg_cls': (0.4857142857142857, 0.23375, 0.3156118143459916)}}
[2025-04-26 11:54:14] - __main__ - ./output/degree_e2e_mydata/no_acl/20250426_091429/train.log
[2025-04-26 11:54:14] - __main__ - Epoch 34
[2025-04-26 11:57:52] - __main__ - {'epoch': 34, 'dev_scores': {'tri_id': (0.6893939393939394, 0.5759493670886076, 0.6275862068965518), 'arg_id': (0.5218579234972678, 0.23875, 0.3276157804459691), 'arg_cls': (0.4672131147540984, 0.21375, 0.2933104631217838)}}
[2025-04-26 11:57:52] - __main__ - Current best
[2025-04-26 11:57:52] - __main__ - {'best_epoch': 31, 'best_scores': {'tri_id': (0.704225352112676, 0.6329113924050633, 0.6666666666666666), 'arg_id': (0.5376623376623376, 0.25875, 0.3493670886075949), 'arg_cls': (0.4857142857142857, 0.23375, 0.3156118143459916)}}
[2025-04-26 11:57:52] - __main__ - ./output/degree_e2e_mydata/no_acl/20250426_091429/train.log
[2025-04-26 11:57:52] - __main__ - Epoch 35
[2025-04-26 12:01:32] - __main__ - {'epoch': 35, 'dev_scores': {'tri_id': (0.6788321167883211, 0.5886075949367089, 0.6305084745762712), 'arg_id': (0.5380434782608695, 0.2475, 0.3390410958904109), 'arg_cls': (0.49184782608695654, 0.22625, 0.30993150684931503)}}
[2025-04-26 12:01:32] - __main__ - Current best
[2025-04-26 12:01:32] - __main__ - {'best_epoch': 31, 'best_scores': {'tri_id': (0.704225352112676, 0.6329113924050633, 0.6666666666666666), 'arg_id': (0.5376623376623376, 0.25875, 0.3493670886075949), 'arg_cls': (0.4857142857142857, 0.23375, 0.3156118143459916)}}
[2025-04-26 12:01:32] - __main__ - ./output/degree_e2e_mydata/no_acl/20250426_091429/train.log
[2025-04-26 12:01:32] - __main__ - Epoch 36
[2025-04-26 12:05:04] - __main__ - {'epoch': 36, 'dev_scores': {'tri_id': (0.703125, 0.569620253164557, 0.6293706293706295), 'arg_id': (0.5481049562682215, 0.235, 0.32895888013998253), 'arg_cls': (0.49854227405247814, 0.21375, 0.2992125984251968)}}
[2025-04-26 12:05:04] - __main__ - Current best
[2025-04-26 12:05:04] - __main__ - {'best_epoch': 31, 'best_scores': {'tri_id': (0.704225352112676, 0.6329113924050633, 0.6666666666666666), 'arg_id': (0.5376623376623376, 0.25875, 0.3493670886075949), 'arg_cls': (0.4857142857142857, 0.23375, 0.3156118143459916)}}
[2025-04-26 12:05:04] - __main__ - ./output/degree_e2e_mydata/no_acl/20250426_091429/train.log
[2025-04-26 12:05:04] - __main__ - Epoch 37
[2025-04-26 12:08:49] - __main__ - {'epoch': 37, 'dev_scores': {'tri_id': (0.7142857142857143, 0.6012658227848101, 0.6529209621993127), 'arg_id': (0.5773809523809523, 0.2425, 0.3415492957746479), 'arg_cls': (0.5327380952380952, 0.22375, 0.31514084507042256)}}
[2025-04-26 12:08:49] - __main__ - Current best
[2025-04-26 12:08:49] - __main__ - {'best_epoch': 31, 'best_scores': {'tri_id': (0.704225352112676, 0.6329113924050633, 0.6666666666666666), 'arg_id': (0.5376623376623376, 0.25875, 0.3493670886075949), 'arg_cls': (0.4857142857142857, 0.23375, 0.3156118143459916)}}
[2025-04-26 12:08:49] - __main__ - ./output/degree_e2e_mydata/no_acl/20250426_091429/train.log
[2025-04-26 12:08:49] - __main__ - Epoch 38
[2025-04-26 12:12:26] - __main__ - {'epoch': 38, 'dev_scores': {'tri_id': (0.6985294117647058, 0.6012658227848101, 0.6462585034013606), 'arg_id': (0.5299684542586751, 0.21, 0.3008057296329454), 'arg_cls': (0.48580441640378547, 0.1925, 0.2757385854968666)}}
[2025-04-26 12:12:26] - __main__ - Current best
[2025-04-26 12:12:26] - __main__ - {'best_epoch': 31, 'best_scores': {'tri_id': (0.704225352112676, 0.6329113924050633, 0.6666666666666666), 'arg_id': (0.5376623376623376, 0.25875, 0.3493670886075949), 'arg_cls': (0.4857142857142857, 0.23375, 0.3156118143459916)}}
[2025-04-26 12:12:26] - __main__ - ./output/degree_e2e_mydata/no_acl/20250426_091429/train.log
[2025-04-26 12:12:26] - __main__ - Epoch 39
[2025-04-26 12:15:59] - __main__ - {'epoch': 39, 'dev_scores': {'tri_id': (0.6934306569343066, 0.6012658227848101, 0.6440677966101696), 'arg_id': (0.5384615384615384, 0.23625, 0.32841007819287577), 'arg_cls': (0.4843304843304843, 0.2125, 0.2953953084274544)}}
[2025-04-26 12:15:59] - __main__ - Current best
[2025-04-26 12:15:59] - __main__ - {'best_epoch': 31, 'best_scores': {'tri_id': (0.704225352112676, 0.6329113924050633, 0.6666666666666666), 'arg_id': (0.5376623376623376, 0.25875, 0.3493670886075949), 'arg_cls': (0.4857142857142857, 0.23375, 0.3156118143459916)}}
[2025-04-26 12:15:59] - __main__ - ./output/degree_e2e_mydata/no_acl/20250426_091429/train.log
[2025-04-26 12:15:59] - __main__ - Epoch 40
[2025-04-26 12:19:37] - __main__ - {'epoch': 40, 'dev_scores': {'tri_id': (0.6934306569343066, 0.6012658227848101, 0.6440677966101696), 'arg_id': (0.5497237569060773, 0.24875, 0.342512908777969), 'arg_cls': (0.5, 0.22625, 0.31153184165232356)}}
[2025-04-26 12:19:37] - __main__ - Current best
[2025-04-26 12:19:37] - __main__ - {'best_epoch': 31, 'best_scores': {'tri_id': (0.704225352112676, 0.6329113924050633, 0.6666666666666666), 'arg_id': (0.5376623376623376, 0.25875, 0.3493670886075949), 'arg_cls': (0.4857142857142857, 0.23375, 0.3156118143459916)}}
[2025-04-26 12:19:37] - __main__ - ./output/degree_e2e_mydata/no_acl/20250426_091429/train.log
[2025-04-26 12:19:37] - __main__ - Epoch 41
[2025-04-26 12:23:15] - __main__ - {'epoch': 41, 'dev_scores': {'tri_id': (0.6788321167883211, 0.5886075949367089, 0.6305084745762712), 'arg_id': (0.5457142857142857, 0.23875, 0.33217391304347826), 'arg_cls': (0.5, 0.21875, 0.30434782608695654)}}
[2025-04-26 12:23:15] - __main__ - Current best
[2025-04-26 12:23:15] - __main__ - {'best_epoch': 31, 'best_scores': {'tri_id': (0.704225352112676, 0.6329113924050633, 0.6666666666666666), 'arg_id': (0.5376623376623376, 0.25875, 0.3493670886075949), 'arg_cls': (0.4857142857142857, 0.23375, 0.3156118143459916)}}
[2025-04-26 12:23:15] - __main__ - ./output/degree_e2e_mydata/no_acl/20250426_091429/train.log
[2025-04-26 12:23:15] - __main__ - Epoch 42
[2025-04-26 12:27:10] - __main__ - Saving best model
[2025-04-26 12:29:00] - __main__ - {'epoch': 42, 'dev_scores': {'tri_id': (0.6917293233082706, 0.5822784810126582, 0.6323024054982818), 'arg_id': (0.5714285714285714, 0.255, 0.3526361279170268), 'arg_cls': (0.5238095238095238, 0.23375, 0.3232497839239412)}}
[2025-04-26 12:29:00] - __main__ - {'epoch': 42, 'test_scores': {'tri_id': (0.753731343283582, 0.6196319018404908, 0.68013468013468), 'arg_id': (0.5454545454545454, 0.21301775147928995, 0.3063829787234043), 'arg_cls': (0.49696969696969695, 0.1940828402366864, 0.27914893617021275)}}
[2025-04-26 12:29:00] - __main__ - Current best
[2025-04-26 12:29:00] - __main__ - {'best_epoch': 42, 'best_scores': {'tri_id': (0.6917293233082706, 0.5822784810126582, 0.6323024054982818), 'arg_id': (0.5714285714285714, 0.255, 0.3526361279170268), 'arg_cls': (0.5238095238095238, 0.23375, 0.3232497839239412)}}
[2025-04-26 12:29:00] - __main__ - ./output/degree_e2e_mydata/no_acl/20250426_091429/train.log
[2025-04-26 12:29:00] - __main__ - Epoch 43
[2025-04-26 12:32:40] - __main__ - {'epoch': 43, 'dev_scores': {'tri_id': (0.6642335766423357, 0.5759493670886076, 0.6169491525423728), 'arg_id': (0.5619834710743802, 0.255, 0.35081685296646603), 'arg_cls': (0.5068870523415978, 0.23, 0.3164230438521067)}}
[2025-04-26 12:32:40] - __main__ - Current best
[2025-04-26 12:32:40] - __main__ - {'best_epoch': 42, 'best_scores': {'tri_id': (0.6917293233082706, 0.5822784810126582, 0.6323024054982818), 'arg_id': (0.5714285714285714, 0.255, 0.3526361279170268), 'arg_cls': (0.5238095238095238, 0.23375, 0.3232497839239412)}}
[2025-04-26 12:32:40] - __main__ - ./output/degree_e2e_mydata/no_acl/20250426_091429/train.log
[2025-04-26 12:32:40] - __main__ - Epoch 44
[2025-04-26 12:36:42] - __main__ - {'epoch': 44, 'dev_scores': {'tri_id': (0.6666666666666666, 0.5822784810126582, 0.6216216216216217), 'arg_id': (0.5324324324324324, 0.24625, 0.3367521367521368), 'arg_cls': (0.4837837837837838, 0.22375, 0.305982905982906)}}
[2025-04-26 12:36:42] - __main__ - Current best
[2025-04-26 12:36:42] - __main__ - {'best_epoch': 42, 'best_scores': {'tri_id': (0.6917293233082706, 0.5822784810126582, 0.6323024054982818), 'arg_id': (0.5714285714285714, 0.255, 0.3526361279170268), 'arg_cls': (0.5238095238095238, 0.23375, 0.3232497839239412)}}
[2025-04-26 12:36:42] - __main__ - ./output/degree_e2e_mydata/no_acl/20250426_091429/train.log
[2025-04-26 12:36:42] - __main__ - Epoch 45
[2025-04-26 12:40:27] - __main__ - {'epoch': 45, 'dev_scores': {'tri_id': (0.6690647482014388, 0.5886075949367089, 0.6262626262626263), 'arg_id': (0.535064935064935, 0.2575, 0.34767932489451475), 'arg_cls': (0.4857142857142857, 0.23375, 0.3156118143459916)}}
[2025-04-26 12:40:27] - __main__ - Current best
[2025-04-26 12:40:27] - __main__ - {'best_epoch': 42, 'best_scores': {'tri_id': (0.6917293233082706, 0.5822784810126582, 0.6323024054982818), 'arg_id': (0.5714285714285714, 0.255, 0.3526361279170268), 'arg_cls': (0.5238095238095238, 0.23375, 0.3232497839239412)}}
[2025-04-26 12:40:27] - __main__ - ./output/degree_e2e_mydata/no_acl/20250426_091429/train.log
[2025-04-26 12:40:27] - __main__ - Done!
