[2025-04-26 09:14:40] - __main__ - 
{   'accumulate_step': 2,
    'beam_size': 3,
    'cache_dir': './cache',
    'config': 'config/config_degree_e2e_no_bioinfo.json',
    'dataset': 'ace05e',
    'dev_file': './aaa_my_data_conversion/splitted_data/dev.oneie.json',
    'dev_finetune_file': './data/degree_e2e_mydata/no_bioinfo/dev_all.pkl',
    'eval_batch_size': 4,
    'finetune_dir': './data/degree_e2e_mydata/no_bioinfo/',
    'gpu_device': 1,
    'grad_clipping': 5.0,
    'ignore_first_header': False,
    'input_style': ['event_type_sent', 'keywords', 'template'],
    'learning_rate': 1e-05,
    'max_epoch': 45,
    'max_length': 1024,
    'max_output_length': 100,
    'model_name': 'facebook/bart-large',
    'n_negative': 15,
    'output_dir': './output/degree_e2e_mydata/no_bioinfo/',
    'output_style': ['trigger:sentence', 'argument:sentence'],
    'seed': 0,
    'test_file': './aaa_my_data_conversion/splitted_data/test.oneie.json',
    'test_finetune_file': './data/degree_e2e_mydata/no_bioinfo/test_all.pkl',
    'train_batch_size': 4,
    'train_file': './aaa_my_data_conversion/splitted_data/no_bioinfo/train.oneie.json',
    'train_finetune_file': './data/degree_e2e_mydata/no_bioinfo/train_all.pkl',
    'vocab_file': './data/degree_e2e_mydata/no_bioinfo/vocab.json',
    'warmup_epoch': 5,
    'weight_decay': 1e-05}
[2025-04-26 09:14:40] - data - Loaded 4216 instances from ./data/degree_e2e_mydata/no_bioinfo/train_all.pkl
[2025-04-26 09:14:40] - data - Loaded 632 instances from ./data/degree_e2e_mydata/no_bioinfo/dev_all.pkl
[2025-04-26 09:14:40] - data - Loaded 652 instances from ./data/degree_e2e_mydata/no_bioinfo/test_all.pkl
[2025-04-26 09:14:40] - model - Loading pre-trained model facebook/bart-large
[2025-04-26 09:14:47] - __main__ - Start training ...
[2025-04-26 09:14:47] - __main__ - ./output/degree_e2e_mydata/no_bioinfo/20250426_091440/train.log
[2025-04-26 09:14:47] - __main__ - Epoch 1
[2025-04-26 09:18:20] - __main__ - {'epoch': 1, 'dev_scores': {'tri_id': (0, 0.0, 0), 'arg_id': (0, 0.0, 0), 'arg_cls': (0, 0.0, 0)}}
[2025-04-26 09:18:20] - __main__ - Current best
[2025-04-26 09:18:20] - __main__ - {'best_epoch': -1, 'best_scores': {'tri_id': (0.0, 0.0, 0.0), 'arg_id': (0.0, 0.0, 0.0), 'arg_cls': (0.0, 0.0, 0.0)}}
[2025-04-26 09:18:20] - __main__ - ./output/degree_e2e_mydata/no_bioinfo/20250426_091440/train.log
[2025-04-26 09:18:20] - __main__ - Epoch 2
[2025-04-26 09:21:58] - __main__ - {'epoch': 2, 'dev_scores': {'tri_id': (0, 0.0, 0), 'arg_id': (0, 0.0, 0), 'arg_cls': (0, 0.0, 0)}}
[2025-04-26 09:21:58] - __main__ - Current best
[2025-04-26 09:21:58] - __main__ - {'best_epoch': -1, 'best_scores': {'tri_id': (0.0, 0.0, 0.0), 'arg_id': (0.0, 0.0, 0.0), 'arg_cls': (0.0, 0.0, 0.0)}}
[2025-04-26 09:21:58] - __main__ - ./output/degree_e2e_mydata/no_bioinfo/20250426_091440/train.log
[2025-04-26 09:21:58] - __main__ - Epoch 3
[2025-04-26 09:25:31] - __main__ - Saving best model
[2025-04-26 09:27:24] - __main__ - {'epoch': 3, 'dev_scores': {'tri_id': (0.75, 0.0189873417721519, 0.037037037037037035), 'arg_id': (0.2857142857142857, 0.0025, 0.004956629491945477), 'arg_cls': (0.2857142857142857, 0.0025, 0.004956629491945477)}}
[2025-04-26 09:27:24] - __main__ - {'epoch': 3, 'test_scores': {'tri_id': (0.5555555555555556, 0.03067484662576687, 0.05813953488372093), 'arg_id': (0.3684210526315789, 0.008284023668639054, 0.016203703703703703), 'arg_cls': (0.3684210526315789, 0.008284023668639054, 0.016203703703703703)}}
[2025-04-26 09:27:24] - __main__ - Current best
[2025-04-26 09:27:24] - __main__ - {'best_epoch': 3, 'best_scores': {'tri_id': (0.75, 0.0189873417721519, 0.037037037037037035), 'arg_id': (0.2857142857142857, 0.0025, 0.004956629491945477), 'arg_cls': (0.2857142857142857, 0.0025, 0.004956629491945477)}}
[2025-04-26 09:27:24] - __main__ - ./output/degree_e2e_mydata/no_bioinfo/20250426_091440/train.log
[2025-04-26 09:27:24] - __main__ - Epoch 4
[2025-04-26 09:31:11] - __main__ - {'epoch': 4, 'dev_scores': {'tri_id': (0, 0.0, 0), 'arg_id': (0, 0.0, 0), 'arg_cls': (0, 0.0, 0)}}
[2025-04-26 09:31:11] - __main__ - Current best
[2025-04-26 09:31:11] - __main__ - {'best_epoch': 3, 'best_scores': {'tri_id': (0.75, 0.0189873417721519, 0.037037037037037035), 'arg_id': (0.2857142857142857, 0.0025, 0.004956629491945477), 'arg_cls': (0.2857142857142857, 0.0025, 0.004956629491945477)}}
[2025-04-26 09:31:11] - __main__ - ./output/degree_e2e_mydata/no_bioinfo/20250426_091440/train.log
[2025-04-26 09:31:11] - __main__ - Epoch 5
[2025-04-26 09:34:48] - __main__ - Saving best model
[2025-04-26 09:37:02] - __main__ - {'epoch': 5, 'dev_scores': {'tri_id': (0.5555555555555556, 0.12658227848101267, 0.2061855670103093), 'arg_id': (0.41975308641975306, 0.0425, 0.07718501702610671), 'arg_cls': (0.38271604938271603, 0.03875, 0.07037457434733257)}}
[2025-04-26 09:37:02] - __main__ - {'epoch': 5, 'test_scores': {'tri_id': (0.6111111111111112, 0.13496932515337423, 0.22110552763819097), 'arg_id': (0.47761194029850745, 0.0378698224852071, 0.07017543859649122), 'arg_cls': (0.40298507462686567, 0.03195266272189349, 0.05921052631578947)}}
[2025-04-26 09:37:02] - __main__ - Current best
[2025-04-26 09:37:02] - __main__ - {'best_epoch': 5, 'best_scores': {'tri_id': (0.5555555555555556, 0.12658227848101267, 0.2061855670103093), 'arg_id': (0.41975308641975306, 0.0425, 0.07718501702610671), 'arg_cls': (0.38271604938271603, 0.03875, 0.07037457434733257)}}
[2025-04-26 09:37:02] - __main__ - ./output/degree_e2e_mydata/no_bioinfo/20250426_091440/train.log
[2025-04-26 09:37:02] - __main__ - Epoch 6
[2025-04-26 09:40:42] - __main__ - Saving best model
[2025-04-26 09:42:42] - __main__ - {'epoch': 6, 'dev_scores': {'tri_id': (0.775, 0.1962025316455696, 0.3131313131313131), 'arg_id': (0.5675675675675675, 0.0525, 0.09610983981693363), 'arg_cls': (0.47297297297297297, 0.04375, 0.08009153318077804)}}
[2025-04-26 09:42:42] - __main__ - {'epoch': 6, 'test_scores': {'tri_id': (0.7948717948717948, 0.1901840490797546, 0.306930693069307), 'arg_id': (0.6811594202898551, 0.05562130177514793, 0.10284463894967177), 'arg_cls': (0.5507246376811594, 0.04497041420118343, 0.08315098468271336)}}
[2025-04-26 09:42:42] - __main__ - Current best
[2025-04-26 09:42:42] - __main__ - {'best_epoch': 6, 'best_scores': {'tri_id': (0.775, 0.1962025316455696, 0.3131313131313131), 'arg_id': (0.5675675675675675, 0.0525, 0.09610983981693363), 'arg_cls': (0.47297297297297297, 0.04375, 0.08009153318077804)}}
[2025-04-26 09:42:42] - __main__ - ./output/degree_e2e_mydata/no_bioinfo/20250426_091440/train.log
[2025-04-26 09:42:42] - __main__ - Epoch 7
[2025-04-26 09:46:25] - __main__ - {'epoch': 7, 'dev_scores': {'tri_id': (0.8, 0.12658227848101267, 0.21857923497267762), 'arg_id': (0.5818181818181818, 0.04, 0.07485380116959064), 'arg_cls': (0.509090909090909, 0.035, 0.0654970760233918)}}
[2025-04-26 09:46:25] - __main__ - Current best
[2025-04-26 09:46:25] - __main__ - {'best_epoch': 6, 'best_scores': {'tri_id': (0.775, 0.1962025316455696, 0.3131313131313131), 'arg_id': (0.5675675675675675, 0.0525, 0.09610983981693363), 'arg_cls': (0.47297297297297297, 0.04375, 0.08009153318077804)}}
[2025-04-26 09:46:25] - __main__ - ./output/degree_e2e_mydata/no_bioinfo/20250426_091440/train.log
[2025-04-26 09:46:25] - __main__ - Epoch 8
[2025-04-26 09:50:04] - __main__ - Saving best model
[2025-04-26 09:51:54] - __main__ - {'epoch': 8, 'dev_scores': {'tri_id': (0.6829268292682927, 0.35443037974683544, 0.4666666666666667), 'arg_id': (0.5080213903743316, 0.11875, 0.19250253292806482), 'arg_cls': (0.40641711229946526, 0.095, 0.15400202634245186)}}
[2025-04-26 09:51:54] - __main__ - {'epoch': 8, 'test_scores': {'tri_id': (0.7553191489361702, 0.43558282208588955, 0.5525291828793774), 'arg_id': (0.5808080808080808, 0.13609467455621302, 0.22051773729626079), 'arg_cls': (0.4595959595959596, 0.1076923076923077, 0.17449664429530204)}}
[2025-04-26 09:51:54] - __main__ - Current best
[2025-04-26 09:51:54] - __main__ - {'best_epoch': 8, 'best_scores': {'tri_id': (0.6829268292682927, 0.35443037974683544, 0.4666666666666667), 'arg_id': (0.5080213903743316, 0.11875, 0.19250253292806482), 'arg_cls': (0.40641711229946526, 0.095, 0.15400202634245186)}}
[2025-04-26 09:51:54] - __main__ - ./output/degree_e2e_mydata/no_bioinfo/20250426_091440/train.log
[2025-04-26 09:51:54] - __main__ - Epoch 9
[2025-04-26 09:55:39] - __main__ - {'epoch': 9, 'dev_scores': {'tri_id': (0.6612903225806451, 0.25949367088607594, 0.37272727272727274), 'arg_id': (0.5608108108108109, 0.10375, 0.17510548523206748), 'arg_cls': (0.41216216216216217, 0.07625, 0.12869198312236288)}}
[2025-04-26 09:55:39] - __main__ - Current best
[2025-04-26 09:55:39] - __main__ - {'best_epoch': 8, 'best_scores': {'tri_id': (0.6829268292682927, 0.35443037974683544, 0.4666666666666667), 'arg_id': (0.5080213903743316, 0.11875, 0.19250253292806482), 'arg_cls': (0.40641711229946526, 0.095, 0.15400202634245186)}}
[2025-04-26 09:55:39] - __main__ - ./output/degree_e2e_mydata/no_bioinfo/20250426_091440/train.log
[2025-04-26 09:55:39] - __main__ - Epoch 10
[2025-04-26 09:59:16] - __main__ - Saving best model
[2025-04-26 10:01:12] - __main__ - {'epoch': 10, 'dev_scores': {'tri_id': (0.6788990825688074, 0.46835443037974683, 0.554307116104869), 'arg_id': (0.5506072874493927, 0.17, 0.2597898758357211), 'arg_cls': (0.43724696356275305, 0.135, 0.20630372492836677)}}
[2025-04-26 10:01:12] - __main__ - {'epoch': 10, 'test_scores': {'tri_id': (0.7258064516129032, 0.5521472392638037, 0.627177700348432), 'arg_id': (0.550561797752809, 0.1739644970414201, 0.26438848920863306), 'arg_cls': (0.42696629213483145, 0.1349112426035503, 0.2050359712230216)}}
[2025-04-26 10:01:12] - __main__ - Current best
[2025-04-26 10:01:12] - __main__ - {'best_epoch': 10, 'best_scores': {'tri_id': (0.6788990825688074, 0.46835443037974683, 0.554307116104869), 'arg_id': (0.5506072874493927, 0.17, 0.2597898758357211), 'arg_cls': (0.43724696356275305, 0.135, 0.20630372492836677)}}
[2025-04-26 10:01:12] - __main__ - ./output/degree_e2e_mydata/no_bioinfo/20250426_091440/train.log
[2025-04-26 10:01:12] - __main__ - Epoch 11
[2025-04-26 10:04:52] - __main__ - {'epoch': 11, 'dev_scores': {'tri_id': (0.6595744680851063, 0.3924050632911392, 0.49206349206349215), 'arg_id': (0.5086206896551724, 0.1475, 0.22868217054263565), 'arg_cls': (0.40086206896551724, 0.11625, 0.1802325581395349)}}
[2025-04-26 10:04:52] - __main__ - Current best
[2025-04-26 10:04:52] - __main__ - {'best_epoch': 10, 'best_scores': {'tri_id': (0.6788990825688074, 0.46835443037974683, 0.554307116104869), 'arg_id': (0.5506072874493927, 0.17, 0.2597898758357211), 'arg_cls': (0.43724696356275305, 0.135, 0.20630372492836677)}}
[2025-04-26 10:04:52] - __main__ - ./output/degree_e2e_mydata/no_bioinfo/20250426_091440/train.log
[2025-04-26 10:04:52] - __main__ - Epoch 12
[2025-04-26 10:08:29] - __main__ - Saving best model
[2025-04-26 10:10:26] - __main__ - {'epoch': 12, 'dev_scores': {'tri_id': (0.7545454545454545, 0.5253164556962026, 0.6194029850746269), 'arg_id': (0.5698529411764706, 0.19375, 0.28917910447761197), 'arg_cls': (0.4264705882352941, 0.145, 0.21641791044776118)}}
[2025-04-26 10:10:26] - __main__ - {'epoch': 12, 'test_scores': {'tri_id': (0.768595041322314, 0.5705521472392638, 0.6549295774647887), 'arg_id': (0.5409252669039146, 0.17988165680473372, 0.26998223801065724), 'arg_cls': (0.4199288256227758, 0.13964497041420118, 0.20959147424511543)}}
[2025-04-26 10:10:26] - __main__ - Current best
[2025-04-26 10:10:26] - __main__ - {'best_epoch': 12, 'best_scores': {'tri_id': (0.7545454545454545, 0.5253164556962026, 0.6194029850746269), 'arg_id': (0.5698529411764706, 0.19375, 0.28917910447761197), 'arg_cls': (0.4264705882352941, 0.145, 0.21641791044776118)}}
[2025-04-26 10:10:26] - __main__ - ./output/degree_e2e_mydata/no_bioinfo/20250426_091440/train.log
[2025-04-26 10:10:26] - __main__ - Epoch 13
[2025-04-26 10:13:57] - __main__ - {'epoch': 13, 'dev_scores': {'tri_id': (1.0, 0.012658227848101266, 0.024999999999999998), 'arg_id': (1.0, 0.00625, 0.012422360248447204), 'arg_cls': (0.8, 0.005, 0.009937888198757764)}}
[2025-04-26 10:13:57] - __main__ - Current best
[2025-04-26 10:13:57] - __main__ - {'best_epoch': 12, 'best_scores': {'tri_id': (0.7545454545454545, 0.5253164556962026, 0.6194029850746269), 'arg_id': (0.5698529411764706, 0.19375, 0.28917910447761197), 'arg_cls': (0.4264705882352941, 0.145, 0.21641791044776118)}}
[2025-04-26 10:13:57] - __main__ - ./output/degree_e2e_mydata/no_bioinfo/20250426_091440/train.log
[2025-04-26 10:13:57] - __main__ - Epoch 14
[2025-04-26 10:17:31] - __main__ - Saving best model
[2025-04-26 10:19:23] - __main__ - {'epoch': 14, 'dev_scores': {'tri_id': (0.7099236641221374, 0.5886075949367089, 0.643598615916955), 'arg_id': (0.5138461538461538, 0.20875, 0.29688888888888887), 'arg_cls': (0.42153846153846153, 0.17125, 0.24355555555555558)}}
[2025-04-26 10:19:23] - __main__ - {'epoch': 14, 'test_scores': {'tri_id': (0.7153284671532847, 0.6012269938650306, 0.6533333333333333), 'arg_id': (0.5029585798816568, 0.20118343195266272, 0.2874049027895182), 'arg_cls': (0.4289940828402367, 0.17159763313609466, 0.24513947590870663)}}
[2025-04-26 10:19:23] - __main__ - Current best
[2025-04-26 10:19:23] - __main__ - {'best_epoch': 14, 'best_scores': {'tri_id': (0.7099236641221374, 0.5886075949367089, 0.643598615916955), 'arg_id': (0.5138461538461538, 0.20875, 0.29688888888888887), 'arg_cls': (0.42153846153846153, 0.17125, 0.24355555555555558)}}
[2025-04-26 10:19:23] - __main__ - ./output/degree_e2e_mydata/no_bioinfo/20250426_091440/train.log
[2025-04-26 10:19:23] - __main__ - Epoch 15
[2025-04-26 10:23:04] - __main__ - Saving best model
[2025-04-26 10:25:00] - __main__ - {'epoch': 15, 'dev_scores': {'tri_id': (0.7388059701492538, 0.6265822784810127, 0.678082191780822), 'arg_id': (0.510989010989011, 0.2325, 0.3195876288659794), 'arg_cls': (0.43131868131868134, 0.19625, 0.2697594501718213)}}
[2025-04-26 10:25:00] - __main__ - {'epoch': 15, 'test_scores': {'tri_id': (0.704225352112676, 0.6134969325153374, 0.6557377049180327), 'arg_id': (0.509641873278237, 0.21893491124260356, 0.30629139072847683), 'arg_cls': (0.41046831955922863, 0.17633136094674556, 0.2466887417218543)}}
[2025-04-26 10:25:00] - __main__ - Current best
[2025-04-26 10:25:00] - __main__ - {'best_epoch': 15, 'best_scores': {'tri_id': (0.7388059701492538, 0.6265822784810127, 0.678082191780822), 'arg_id': (0.510989010989011, 0.2325, 0.3195876288659794), 'arg_cls': (0.43131868131868134, 0.19625, 0.2697594501718213)}}
[2025-04-26 10:25:00] - __main__ - ./output/degree_e2e_mydata/no_bioinfo/20250426_091440/train.log
[2025-04-26 10:25:00] - __main__ - Epoch 16
[2025-04-26 10:38:44] - __main__ - {'epoch': 16, 'dev_scores': {'tri_id': (0.6923076923076923, 0.6265822784810127, 0.6578073089700996), 'arg_id': (0.5197568389057751, 0.21375, 0.3029229406554473), 'arg_cls': (0.44072948328267475, 0.18125, 0.25686448184233834)}}
[2025-04-26 10:38:44] - __main__ - Current best
[2025-04-26 10:38:44] - __main__ - {'best_epoch': 15, 'best_scores': {'tri_id': (0.7388059701492538, 0.6265822784810127, 0.678082191780822), 'arg_id': (0.510989010989011, 0.2325, 0.3195876288659794), 'arg_cls': (0.43131868131868134, 0.19625, 0.2697594501718213)}}
[2025-04-26 10:38:44] - __main__ - ./output/degree_e2e_mydata/no_bioinfo/20250426_091440/train.log
[2025-04-26 10:38:44] - __main__ - Epoch 17
[2025-04-26 10:42:41] - __main__ - Saving best model
[2025-04-26 10:44:35] - __main__ - {'epoch': 17, 'dev_scores': {'tri_id': (0.6940298507462687, 0.5886075949367089, 0.6369863013698631), 'arg_id': (0.540785498489426, 0.22375, 0.3165340406719717), 'arg_cls': (0.4652567975830816, 0.1925, 0.2723253757736516)}}
[2025-04-26 10:44:35] - __main__ - {'epoch': 17, 'test_scores': {'tri_id': (0.678082191780822, 0.6073619631901841, 0.6407766990291263), 'arg_id': (0.5105740181268882, 0.2, 0.28741496598639454), 'arg_cls': (0.4471299093655589, 0.17514792899408285, 0.25170068027210885)}}
[2025-04-26 10:44:35] - __main__ - Current best
[2025-04-26 10:44:35] - __main__ - {'best_epoch': 17, 'best_scores': {'tri_id': (0.6940298507462687, 0.5886075949367089, 0.6369863013698631), 'arg_id': (0.540785498489426, 0.22375, 0.3165340406719717), 'arg_cls': (0.4652567975830816, 0.1925, 0.2723253757736516)}}
[2025-04-26 10:44:35] - __main__ - ./output/degree_e2e_mydata/no_bioinfo/20250426_091440/train.log
[2025-04-26 10:44:35] - __main__ - Epoch 18
[2025-04-26 10:48:15] - __main__ - Saving best model
[2025-04-26 10:50:22] - __main__ - {'epoch': 18, 'dev_scores': {'tri_id': (0.78125, 0.6329113924050633, 0.6993006993006993), 'arg_id': (0.5920245398773006, 0.24125, 0.34280639431616344), 'arg_cls': (0.49693251533742333, 0.2025, 0.2877442273534636)}}
[2025-04-26 10:50:22] - __main__ - {'epoch': 18, 'test_scores': {'tri_id': (0.7441860465116279, 0.588957055214724, 0.6575342465753424), 'arg_id': (0.5506329113924051, 0.20591715976331362, 0.29974160206718353), 'arg_cls': (0.4588607594936709, 0.17159763313609466, 0.24978466838931954)}}
[2025-04-26 10:50:22] - __main__ - Current best
[2025-04-26 10:50:22] - __main__ - {'best_epoch': 18, 'best_scores': {'tri_id': (0.78125, 0.6329113924050633, 0.6993006993006993), 'arg_id': (0.5920245398773006, 0.24125, 0.34280639431616344), 'arg_cls': (0.49693251533742333, 0.2025, 0.2877442273534636)}}
[2025-04-26 10:50:22] - __main__ - ./output/degree_e2e_mydata/no_bioinfo/20250426_091440/train.log
[2025-04-26 10:50:22] - __main__ - Epoch 19
[2025-04-26 10:54:07] - __main__ - {'epoch': 19, 'dev_scores': {'tri_id': (0.7272727272727273, 0.5063291139240507, 0.5970149253731343), 'arg_id': (0.5595667870036101, 0.19375, 0.2878365831012071), 'arg_cls': (0.48014440433212996, 0.16625, 0.24698235840297125)}}
[2025-04-26 10:54:07] - __main__ - Current best
[2025-04-26 10:54:07] - __main__ - {'best_epoch': 18, 'best_scores': {'tri_id': (0.78125, 0.6329113924050633, 0.6993006993006993), 'arg_id': (0.5920245398773006, 0.24125, 0.34280639431616344), 'arg_cls': (0.49693251533742333, 0.2025, 0.2877442273534636)}}
[2025-04-26 10:54:07] - __main__ - ./output/degree_e2e_mydata/no_bioinfo/20250426_091440/train.log
[2025-04-26 10:54:07] - __main__ - Epoch 20
[2025-04-26 10:57:47] - __main__ - {'epoch': 20, 'dev_scores': {'tri_id': (0.7735849056603774, 0.5189873417721519, 0.6212121212121211), 'arg_id': (0.5780141843971631, 0.20375, 0.30129390018484287), 'arg_cls': (0.5035460992907801, 0.1775, 0.26247689463955637)}}
[2025-04-26 10:57:47] - __main__ - Current best
[2025-04-26 10:57:47] - __main__ - {'best_epoch': 18, 'best_scores': {'tri_id': (0.78125, 0.6329113924050633, 0.6993006993006993), 'arg_id': (0.5920245398773006, 0.24125, 0.34280639431616344), 'arg_cls': (0.49693251533742333, 0.2025, 0.2877442273534636)}}
[2025-04-26 10:57:47] - __main__ - ./output/degree_e2e_mydata/no_bioinfo/20250426_091440/train.log
[2025-04-26 10:57:47] - __main__ - Epoch 21
[2025-04-26 11:01:33] - __main__ - {'epoch': 21, 'dev_scores': {'tri_id': (0.7251908396946565, 0.6012658227848101, 0.657439446366782), 'arg_id': (0.5615141955835962, 0.2225, 0.3187108325872874), 'arg_cls': (0.47634069400630913, 0.18875, 0.270367054610564)}}
[2025-04-26 11:01:33] - __main__ - Current best
[2025-04-26 11:01:33] - __main__ - {'best_epoch': 18, 'best_scores': {'tri_id': (0.78125, 0.6329113924050633, 0.6993006993006993), 'arg_id': (0.5920245398773006, 0.24125, 0.34280639431616344), 'arg_cls': (0.49693251533742333, 0.2025, 0.2877442273534636)}}
[2025-04-26 11:01:33] - __main__ - ./output/degree_e2e_mydata/no_bioinfo/20250426_091440/train.log
[2025-04-26 11:01:33] - __main__ - Epoch 22
[2025-04-26 11:05:10] - __main__ - {'epoch': 22, 'dev_scores': {'tri_id': (0.7121212121212122, 0.5949367088607594, 0.6482758620689656), 'arg_id': (0.5114285714285715, 0.22375, 0.31130434782608696), 'arg_cls': (0.4257142857142857, 0.18625, 0.25913043478260867)}}
[2025-04-26 11:05:10] - __main__ - Current best
[2025-04-26 11:05:10] - __main__ - {'best_epoch': 18, 'best_scores': {'tri_id': (0.78125, 0.6329113924050633, 0.6993006993006993), 'arg_id': (0.5920245398773006, 0.24125, 0.34280639431616344), 'arg_cls': (0.49693251533742333, 0.2025, 0.2877442273534636)}}
[2025-04-26 11:05:10] - __main__ - ./output/degree_e2e_mydata/no_bioinfo/20250426_091440/train.log
[2025-04-26 11:05:10] - __main__ - Epoch 23
[2025-04-26 11:08:48] - __main__ - {'epoch': 23, 'dev_scores': {'tri_id': (0.7375886524822695, 0.6582278481012658, 0.6956521739130435), 'arg_id': (0.5634674922600619, 0.2275, 0.3241317898486198), 'arg_cls': (0.49226006191950467, 0.19875, 0.2831700801424755)}}
[2025-04-26 11:08:48] - __main__ - Current best
[2025-04-26 11:08:48] - __main__ - {'best_epoch': 18, 'best_scores': {'tri_id': (0.78125, 0.6329113924050633, 0.6993006993006993), 'arg_id': (0.5920245398773006, 0.24125, 0.34280639431616344), 'arg_cls': (0.49693251533742333, 0.2025, 0.2877442273534636)}}
[2025-04-26 11:08:48] - __main__ - ./output/degree_e2e_mydata/no_bioinfo/20250426_091440/train.log
[2025-04-26 11:08:48] - __main__ - Epoch 24
[2025-04-26 11:12:33] - __main__ - {'epoch': 24, 'dev_scores': {'tri_id': (0.7037037037037037, 0.6012658227848101, 0.6484641638225256), 'arg_id': (0.5255255255255256, 0.21875, 0.30891438658428955), 'arg_cls': (0.43843843843843844, 0.1825, 0.25772285966460723)}}
[2025-04-26 11:12:33] - __main__ - Current best
[2025-04-26 11:12:33] - __main__ - {'best_epoch': 18, 'best_scores': {'tri_id': (0.78125, 0.6329113924050633, 0.6993006993006993), 'arg_id': (0.5920245398773006, 0.24125, 0.34280639431616344), 'arg_cls': (0.49693251533742333, 0.2025, 0.2877442273534636)}}
[2025-04-26 11:12:33] - __main__ - ./output/degree_e2e_mydata/no_bioinfo/20250426_091440/train.log
[2025-04-26 11:12:33] - __main__ - Epoch 25
[2025-04-26 11:16:13] - __main__ - {'epoch': 25, 'dev_scores': {'tri_id': (0.7573529411764706, 0.6518987341772152, 0.7006802721088436), 'arg_id': (0.5585585585585585, 0.2325, 0.3283318623124449), 'arg_cls': (0.46846846846846846, 0.195, 0.27537511032656664)}}
[2025-04-26 11:16:13] - __main__ - Current best
[2025-04-26 11:16:13] - __main__ - {'best_epoch': 18, 'best_scores': {'tri_id': (0.78125, 0.6329113924050633, 0.6993006993006993), 'arg_id': (0.5920245398773006, 0.24125, 0.34280639431616344), 'arg_cls': (0.49693251533742333, 0.2025, 0.2877442273534636)}}
[2025-04-26 11:16:13] - __main__ - ./output/degree_e2e_mydata/no_bioinfo/20250426_091440/train.log
[2025-04-26 11:16:13] - __main__ - Epoch 26
[2025-04-26 11:19:53] - __main__ - {'epoch': 26, 'dev_scores': {'tri_id': (0.6904761904761905, 0.5506329113924051, 0.6126760563380282), 'arg_id': (0.555921052631579, 0.21125, 0.3061594202898551), 'arg_cls': (0.4473684210526316, 0.17, 0.2463768115942029)}}
[2025-04-26 11:19:53] - __main__ - Current best
[2025-04-26 11:19:53] - __main__ - {'best_epoch': 18, 'best_scores': {'tri_id': (0.78125, 0.6329113924050633, 0.6993006993006993), 'arg_id': (0.5920245398773006, 0.24125, 0.34280639431616344), 'arg_cls': (0.49693251533742333, 0.2025, 0.2877442273534636)}}
[2025-04-26 11:19:53] - __main__ - ./output/degree_e2e_mydata/no_bioinfo/20250426_091440/train.log
[2025-04-26 11:19:53] - __main__ - Epoch 27
[2025-04-26 11:23:43] - __main__ - {'epoch': 27, 'dev_scores': {'tri_id': (0.6986301369863014, 0.6455696202531646, 0.6710526315789473), 'arg_id': (0.5205479452054794, 0.2375, 0.32618025751072965), 'arg_cls': (0.44931506849315067, 0.205, 0.2815450643776824)}}
[2025-04-26 11:23:43] - __main__ - Current best
[2025-04-26 11:23:43] - __main__ - {'best_epoch': 18, 'best_scores': {'tri_id': (0.78125, 0.6329113924050633, 0.6993006993006993), 'arg_id': (0.5920245398773006, 0.24125, 0.34280639431616344), 'arg_cls': (0.49693251533742333, 0.2025, 0.2877442273534636)}}
[2025-04-26 11:23:43] - __main__ - ./output/degree_e2e_mydata/no_bioinfo/20250426_091440/train.log
[2025-04-26 11:23:43] - __main__ - Epoch 28
[2025-04-26 11:27:26] - __main__ - {'epoch': 28, 'dev_scores': {'tri_id': (0.7286821705426356, 0.5949367088607594, 0.6550522648083622), 'arg_id': (0.5302593659942363, 0.23, 0.32083696599825634), 'arg_cls': (0.4322766570605187, 0.1875, 0.2615518744551002)}}
[2025-04-26 11:27:26] - __main__ - Current best
[2025-04-26 11:27:26] - __main__ - {'best_epoch': 18, 'best_scores': {'tri_id': (0.78125, 0.6329113924050633, 0.6993006993006993), 'arg_id': (0.5920245398773006, 0.24125, 0.34280639431616344), 'arg_cls': (0.49693251533742333, 0.2025, 0.2877442273534636)}}
[2025-04-26 11:27:26] - __main__ - ./output/degree_e2e_mydata/no_bioinfo/20250426_091440/train.log
[2025-04-26 11:27:26] - __main__ - Epoch 29
[2025-04-26 11:31:00] - __main__ - Saving best model
[2025-04-26 11:32:54] - __main__ - {'epoch': 29, 'dev_scores': {'tri_id': (0.7538461538461538, 0.620253164556962, 0.6805555555555556), 'arg_id': (0.5619596541786743, 0.24375, 0.34001743679163027), 'arg_cls': (0.4956772334293948, 0.215, 0.2999128160418483)}}
[2025-04-26 11:32:54] - __main__ - {'epoch': 29, 'test_scores': {'tri_id': (0.7164179104477612, 0.588957055214724, 0.6464646464646464), 'arg_id': (0.5230769230769231, 0.20118343195266272, 0.2905982905982906), 'arg_cls': (0.4553846153846154, 0.17514792899408285, 0.25299145299145304)}}
[2025-04-26 11:32:54] - __main__ - Current best
[2025-04-26 11:32:54] - __main__ - {'best_epoch': 29, 'best_scores': {'tri_id': (0.7538461538461538, 0.620253164556962, 0.6805555555555556), 'arg_id': (0.5619596541786743, 0.24375, 0.34001743679163027), 'arg_cls': (0.4956772334293948, 0.215, 0.2999128160418483)}}
[2025-04-26 11:32:54] - __main__ - ./output/degree_e2e_mydata/no_bioinfo/20250426_091440/train.log
[2025-04-26 11:32:54] - __main__ - Epoch 30
[2025-04-26 11:36:34] - __main__ - Saving best model
[2025-04-26 11:38:23] - __main__ - {'epoch': 30, 'dev_scores': {'tri_id': (0.7293233082706767, 0.6139240506329114, 0.6666666666666667), 'arg_id': (0.5706521739130435, 0.2625, 0.35958904109589046), 'arg_cls': (0.4891304347826087, 0.225, 0.3082191780821918)}}
[2025-04-26 11:38:23] - __main__ - {'epoch': 30, 'test_scores': {'tri_id': (0.7122302158273381, 0.6073619631901841, 0.6556291390728477), 'arg_id': (0.5255681818181818, 0.21893491124260356, 0.3091060985797828), 'arg_cls': (0.4602272727272727, 0.19171597633136095, 0.2706766917293233)}}
[2025-04-26 11:38:23] - __main__ - Current best
[2025-04-26 11:38:23] - __main__ - {'best_epoch': 30, 'best_scores': {'tri_id': (0.7293233082706767, 0.6139240506329114, 0.6666666666666667), 'arg_id': (0.5706521739130435, 0.2625, 0.35958904109589046), 'arg_cls': (0.4891304347826087, 0.225, 0.3082191780821918)}}
[2025-04-26 11:38:23] - __main__ - ./output/degree_e2e_mydata/no_bioinfo/20250426_091440/train.log
[2025-04-26 11:38:23] - __main__ - Epoch 31
[2025-04-26 11:42:07] - __main__ - {'epoch': 31, 'dev_scores': {'tri_id': (0.7633587786259542, 0.6329113924050633, 0.6920415224913494), 'arg_id': (0.56047197640118, 0.2375, 0.33362598770851626), 'arg_cls': (0.5014749262536873, 0.2125, 0.29850746268656714)}}
[2025-04-26 11:42:07] - __main__ - Current best
[2025-04-26 11:42:07] - __main__ - {'best_epoch': 30, 'best_scores': {'tri_id': (0.7293233082706767, 0.6139240506329114, 0.6666666666666667), 'arg_id': (0.5706521739130435, 0.2625, 0.35958904109589046), 'arg_cls': (0.4891304347826087, 0.225, 0.3082191780821918)}}
[2025-04-26 11:42:07] - __main__ - ./output/degree_e2e_mydata/no_bioinfo/20250426_091440/train.log
[2025-04-26 11:42:07] - __main__ - Epoch 32
[2025-04-26 11:45:45] - __main__ - {'epoch': 32, 'dev_scores': {'tri_id': (0.75, 0.6265822784810127, 0.6827586206896552), 'arg_id': (0.5470085470085471, 0.24, 0.33362293657688963), 'arg_cls': (0.4843304843304843, 0.2125, 0.2953953084274544)}}
[2025-04-26 11:45:45] - __main__ - Current best
[2025-04-26 11:45:45] - __main__ - {'best_epoch': 30, 'best_scores': {'tri_id': (0.7293233082706767, 0.6139240506329114, 0.6666666666666667), 'arg_id': (0.5706521739130435, 0.2625, 0.35958904109589046), 'arg_cls': (0.4891304347826087, 0.225, 0.3082191780821918)}}
[2025-04-26 11:45:45] - __main__ - ./output/degree_e2e_mydata/no_bioinfo/20250426_091440/train.log
[2025-04-26 11:45:45] - __main__ - Epoch 33
[2025-04-26 11:49:23] - __main__ - Saving best model
[2025-04-26 11:51:10] - __main__ - {'epoch': 33, 'dev_scores': {'tri_id': (0.75, 0.6265822784810127, 0.6827586206896552), 'arg_id': (0.5649717514124294, 0.25, 0.3466204506065858), 'arg_cls': (0.5056497175141242, 0.22375, 0.31022530329289427)}}
[2025-04-26 11:51:10] - __main__ - {'epoch': 33, 'test_scores': {'tri_id': (0.7246376811594203, 0.6134969325153374, 0.6644518272425248), 'arg_id': (0.5223463687150838, 0.22130177514792898, 0.31088944305901917), 'arg_cls': (0.4692737430167598, 0.19881656804733727, 0.27930174563591026)}}
[2025-04-26 11:51:10] - __main__ - Current best
[2025-04-26 11:51:10] - __main__ - {'best_epoch': 33, 'best_scores': {'tri_id': (0.75, 0.6265822784810127, 0.6827586206896552), 'arg_id': (0.5649717514124294, 0.25, 0.3466204506065858), 'arg_cls': (0.5056497175141242, 0.22375, 0.31022530329289427)}}
[2025-04-26 11:51:10] - __main__ - ./output/degree_e2e_mydata/no_bioinfo/20250426_091440/train.log
[2025-04-26 11:51:10] - __main__ - Epoch 34
[2025-04-26 11:54:51] - __main__ - {'epoch': 34, 'dev_scores': {'tri_id': (0.7338709677419355, 0.5759493670886076, 0.6453900709219857), 'arg_id': (0.5404624277456648, 0.23375, 0.3263525305410122), 'arg_cls': (0.4624277456647399, 0.2, 0.27923211169284473)}}
[2025-04-26 11:54:51] - __main__ - Current best
[2025-04-26 11:54:51] - __main__ - {'best_epoch': 33, 'best_scores': {'tri_id': (0.75, 0.6265822784810127, 0.6827586206896552), 'arg_id': (0.5649717514124294, 0.25, 0.3466204506065858), 'arg_cls': (0.5056497175141242, 0.22375, 0.31022530329289427)}}
[2025-04-26 11:54:51] - __main__ - ./output/degree_e2e_mydata/no_bioinfo/20250426_091440/train.log
[2025-04-26 11:54:51] - __main__ - Epoch 35
[2025-04-26 11:58:28] - __main__ - Saving best model
[2025-04-26 12:00:19] - __main__ - {'epoch': 35, 'dev_scores': {'tri_id': (0.7318840579710145, 0.6392405063291139, 0.6824324324324325), 'arg_id': (0.5303030303030303, 0.2625, 0.3511705685618729), 'arg_cls': (0.4722222222222222, 0.23375, 0.31270903010033446)}}
[2025-04-26 12:00:19] - __main__ - {'epoch': 35, 'test_scores': {'tri_id': (0.7352941176470589, 0.6134969325153374, 0.6688963210702342), 'arg_id': (0.5142045454545454, 0.21420118343195266, 0.3024227234753551), 'arg_cls': (0.4659090909090909, 0.1940828402366864, 0.2740183792815372)}}
[2025-04-26 12:00:19] - __main__ - Current best
[2025-04-26 12:00:19] - __main__ - {'best_epoch': 35, 'best_scores': {'tri_id': (0.7318840579710145, 0.6392405063291139, 0.6824324324324325), 'arg_id': (0.5303030303030303, 0.2625, 0.3511705685618729), 'arg_cls': (0.4722222222222222, 0.23375, 0.31270903010033446)}}
[2025-04-26 12:00:19] - __main__ - ./output/degree_e2e_mydata/no_bioinfo/20250426_091440/train.log
[2025-04-26 12:00:19] - __main__ - Epoch 36
[2025-04-26 12:03:57] - __main__ - Saving best model
[2025-04-26 12:05:43] - __main__ - {'epoch': 36, 'dev_scores': {'tri_id': (0.736, 0.5822784810126582, 0.6501766784452296), 'arg_id': (0.5706371191135734, 0.2575, 0.3548664944013782), 'arg_cls': (0.5096952908587258, 0.23, 0.3169681309216193)}}
[2025-04-26 12:05:43] - __main__ - {'epoch': 36, 'test_scores': {'tri_id': (0.75, 0.588957055214724, 0.6597938144329896), 'arg_id': (0.5363636363636364, 0.20946745562130178, 0.30127659574468085), 'arg_cls': (0.48484848484848486, 0.1893491124260355, 0.2723404255319149)}}
[2025-04-26 12:05:43] - __main__ - Current best
[2025-04-26 12:05:43] - __main__ - {'best_epoch': 36, 'best_scores': {'tri_id': (0.736, 0.5822784810126582, 0.6501766784452296), 'arg_id': (0.5706371191135734, 0.2575, 0.3548664944013782), 'arg_cls': (0.5096952908587258, 0.23, 0.3169681309216193)}}
[2025-04-26 12:05:43] - __main__ - ./output/degree_e2e_mydata/no_bioinfo/20250426_091440/train.log
[2025-04-26 12:05:43] - __main__ - Epoch 37
[2025-04-26 12:09:27] - __main__ - Saving best model
[2025-04-26 12:11:17] - __main__ - {'epoch': 37, 'dev_scores': {'tri_id': (0.7318840579710145, 0.6392405063291139, 0.6824324324324325), 'arg_id': (0.5532467532467532, 0.26625, 0.359493670886076), 'arg_cls': (0.509090909090909, 0.245, 0.33080168776371305)}}
[2025-04-26 12:11:17] - __main__ - {'epoch': 37, 'test_scores': {'tri_id': (0.7481481481481481, 0.6196319018404908, 0.6778523489932886), 'arg_id': (0.5261627906976745, 0.21420118343195266, 0.30445752733389403), 'arg_cls': (0.4883720930232558, 0.19881656804733727, 0.28259041211101765)}}
[2025-04-26 12:11:17] - __main__ - Current best
[2025-04-26 12:11:17] - __main__ - {'best_epoch': 37, 'best_scores': {'tri_id': (0.7318840579710145, 0.6392405063291139, 0.6824324324324325), 'arg_id': (0.5532467532467532, 0.26625, 0.359493670886076), 'arg_cls': (0.509090909090909, 0.245, 0.33080168776371305)}}
[2025-04-26 12:11:17] - __main__ - ./output/degree_e2e_mydata/no_bioinfo/20250426_091440/train.log
[2025-04-26 12:11:17] - __main__ - Epoch 38
[2025-04-26 12:14:57] - __main__ - Saving best model
[2025-04-26 12:16:46] - __main__ - {'epoch': 38, 'dev_scores': {'tri_id': (0.7375886524822695, 0.6582278481012658, 0.6956521739130435), 'arg_id': (0.5644329896907216, 0.27375, 0.3686868686868687), 'arg_cls': (0.5103092783505154, 0.2475, 0.33333333333333326)}}
[2025-04-26 12:16:46] - __main__ - {'epoch': 38, 'test_scores': {'tri_id': (0.7482014388489209, 0.6380368098159509, 0.6887417218543046), 'arg_id': (0.5397260273972603, 0.2331360946745562, 0.3256198347107438), 'arg_cls': (0.4767123287671233, 0.20591715976331362, 0.28760330578512394)}}
[2025-04-26 12:16:46] - __main__ - Current best
[2025-04-26 12:16:46] - __main__ - {'best_epoch': 38, 'best_scores': {'tri_id': (0.7375886524822695, 0.6582278481012658, 0.6956521739130435), 'arg_id': (0.5644329896907216, 0.27375, 0.3686868686868687), 'arg_cls': (0.5103092783505154, 0.2475, 0.33333333333333326)}}
[2025-04-26 12:16:46] - __main__ - ./output/degree_e2e_mydata/no_bioinfo/20250426_091440/train.log
[2025-04-26 12:16:46] - __main__ - Epoch 39
[2025-04-26 12:20:25] - __main__ - {'epoch': 39, 'dev_scores': {'tri_id': (0.7323943661971831, 0.6582278481012658, 0.6933333333333334), 'arg_id': (0.5572519083969466, 0.27375, 0.3671416596814752), 'arg_cls': (0.5038167938931297, 0.2475, 0.33193629505448446)}}
[2025-04-26 12:20:25] - __main__ - Current best
[2025-04-26 12:20:25] - __main__ - {'best_epoch': 38, 'best_scores': {'tri_id': (0.7375886524822695, 0.6582278481012658, 0.6956521739130435), 'arg_id': (0.5644329896907216, 0.27375, 0.3686868686868687), 'arg_cls': (0.5103092783505154, 0.2475, 0.33333333333333326)}}
[2025-04-26 12:20:25] - __main__ - ./output/degree_e2e_mydata/no_bioinfo/20250426_091440/train.log
[2025-04-26 12:20:25] - __main__ - Epoch 40
[2025-04-26 12:24:11] - __main__ - Saving best model
[2025-04-26 12:26:11] - __main__ - {'epoch': 40, 'dev_scores': {'tri_id': (0.7446808510638298, 0.6645569620253164, 0.7023411371237457), 'arg_id': (0.571072319201995, 0.28625, 0.3813488759367194), 'arg_cls': (0.5112219451371571, 0.25625, 0.34138218151540384)}}
[2025-04-26 12:26:11] - __main__ - {'epoch': 40, 'test_scores': {'tri_id': (0.7737226277372263, 0.6503067484662577, 0.7066666666666668), 'arg_id': (0.5564738292011019, 0.23905325443786982, 0.3344370860927152), 'arg_cls': (0.509641873278237, 0.21893491124260356, 0.30629139072847683)}}
[2025-04-26 12:26:11] - __main__ - Current best
[2025-04-26 12:26:11] - __main__ - {'best_epoch': 40, 'best_scores': {'tri_id': (0.7446808510638298, 0.6645569620253164, 0.7023411371237457), 'arg_id': (0.571072319201995, 0.28625, 0.3813488759367194), 'arg_cls': (0.5112219451371571, 0.25625, 0.34138218151540384)}}
[2025-04-26 12:26:11] - __main__ - ./output/degree_e2e_mydata/no_bioinfo/20250426_091440/train.log
[2025-04-26 12:26:11] - __main__ - Epoch 41
[2025-04-26 12:29:43] - __main__ - Saving best model
[2025-04-26 12:31:36] - __main__ - {'epoch': 41, 'dev_scores': {'tri_id': (0.7375886524822695, 0.6582278481012658, 0.6956521739130435), 'arg_id': (0.556390977443609, 0.2775, 0.37030859049207676), 'arg_cls': (0.5137844611528822, 0.25625, 0.3419516263552961)}}
[2025-04-26 12:31:36] - __main__ - {'epoch': 41, 'test_scores': {'tri_id': (0.7571428571428571, 0.6503067484662577, 0.6996699669966997), 'arg_id': (0.547486033519553, 0.2319526627218935, 0.3258520365752286), 'arg_cls': (0.5, 0.2118343195266272, 0.29758935993349955)}}
[2025-04-26 12:31:36] - __main__ - Current best
[2025-04-26 12:31:36] - __main__ - {'best_epoch': 41, 'best_scores': {'tri_id': (0.7375886524822695, 0.6582278481012658, 0.6956521739130435), 'arg_id': (0.556390977443609, 0.2775, 0.37030859049207676), 'arg_cls': (0.5137844611528822, 0.25625, 0.3419516263552961)}}
[2025-04-26 12:31:36] - __main__ - ./output/degree_e2e_mydata/no_bioinfo/20250426_091440/train.log
[2025-04-26 12:31:36] - __main__ - Epoch 42
[2025-04-26 12:35:14] - __main__ - {'epoch': 42, 'dev_scores': {'tri_id': (0.7394366197183099, 0.6645569620253164, 0.7), 'arg_id': (0.5525672371638142, 0.2825, 0.3738626964433416), 'arg_cls': (0.5036674816625917, 0.2575, 0.3407775020678246)}}
[2025-04-26 12:35:14] - __main__ - Current best
[2025-04-26 12:35:14] - __main__ - {'best_epoch': 41, 'best_scores': {'tri_id': (0.7375886524822695, 0.6582278481012658, 0.6956521739130435), 'arg_id': (0.556390977443609, 0.2775, 0.37030859049207676), 'arg_cls': (0.5137844611528822, 0.25625, 0.3419516263552961)}}
[2025-04-26 12:35:14] - __main__ - ./output/degree_e2e_mydata/no_bioinfo/20250426_091440/train.log
[2025-04-26 12:35:14] - __main__ - Epoch 43
[2025-04-26 12:39:17] - __main__ - {'epoch': 43, 'dev_scores': {'tri_id': (0.75, 0.6645569620253164, 0.7046979865771812), 'arg_id': (0.5520833333333334, 0.265, 0.35810810810810817), 'arg_cls': (0.5052083333333334, 0.2425, 0.3277027027027027)}}
[2025-04-26 12:39:17] - __main__ - Current best
[2025-04-26 12:39:17] - __main__ - {'best_epoch': 41, 'best_scores': {'tri_id': (0.7375886524822695, 0.6582278481012658, 0.6956521739130435), 'arg_id': (0.556390977443609, 0.2775, 0.37030859049207676), 'arg_cls': (0.5137844611528822, 0.25625, 0.3419516263552961)}}
[2025-04-26 12:39:17] - __main__ - ./output/degree_e2e_mydata/no_bioinfo/20250426_091440/train.log
[2025-04-26 12:39:17] - __main__ - Epoch 44
[2025-04-26 12:42:44] - __main__ - {'epoch': 44, 'dev_scores': {'tri_id': (0.75177304964539, 0.6708860759493671, 0.7090301003344481), 'arg_id': (0.558974358974359, 0.2725, 0.3663865546218488), 'arg_cls': (0.5128205128205128, 0.25, 0.3361344537815126)}}
[2025-04-26 12:42:44] - __main__ - Current best
[2025-04-26 12:42:44] - __main__ - {'best_epoch': 41, 'best_scores': {'tri_id': (0.7375886524822695, 0.6582278481012658, 0.6956521739130435), 'arg_id': (0.556390977443609, 0.2775, 0.37030859049207676), 'arg_cls': (0.5137844611528822, 0.25625, 0.3419516263552961)}}
[2025-04-26 12:42:44] - __main__ - ./output/degree_e2e_mydata/no_bioinfo/20250426_091440/train.log
[2025-04-26 12:42:44] - __main__ - Epoch 45
[2025-04-26 12:46:05] - __main__ - {'epoch': 45, 'dev_scores': {'tri_id': (0.7588652482269503, 0.6772151898734177, 0.7157190635451505), 'arg_id': (0.5626598465473146, 0.275, 0.3694374475230899), 'arg_cls': (0.5166240409207161, 0.2525, 0.3392107472712007)}}
[2025-04-26 12:46:05] - __main__ - Current best
[2025-04-26 12:46:05] - __main__ - {'best_epoch': 41, 'best_scores': {'tri_id': (0.7375886524822695, 0.6582278481012658, 0.6956521739130435), 'arg_id': (0.556390977443609, 0.2775, 0.37030859049207676), 'arg_cls': (0.5137844611528822, 0.25625, 0.3419516263552961)}}
[2025-04-26 12:46:05] - __main__ - ./output/degree_e2e_mydata/no_bioinfo/20250426_091440/train.log
[2025-04-26 12:46:05] - __main__ - Done!
