[2025-04-26 20:01:18] - __main__ - 
{   'accumulate_step': 2,
    'beam_size': 3,
    'cache_dir': './cache',
    'config': 'config/config_degree_e2e_no_dh.json',
    'dataset': 'ace05e',
    'dev_file': './aaa_my_data_conversion/splitted_data/dev.oneie.json',
    'dev_finetune_file': './data/degree_e2e_mydata/no_dh/dev_all.pkl',
    'eval_batch_size': 4,
    'finetune_dir': './data/degree_e2e_mydata/no_dh/',
    'gpu_device': 1,
    'grad_clipping': 5.0,
    'ignore_first_header': False,
    'input_style': ['event_type_sent', 'keywords', 'template'],
    'learning_rate': 1e-05,
    'max_epoch': 45,
    'max_length': 1024,
    'max_output_length': 100,
    'model_name': 'facebook/bart-large',
    'n_negative': 15,
    'output_dir': './output/degree_e2e_mydata/no_dh/',
    'output_style': ['trigger:sentence', 'argument:sentence'],
    'seed': 0,
    'test_file': './aaa_my_data_conversion/splitted_data/test.oneie.json',
    'test_finetune_file': './data/degree_e2e_mydata/no_dh/test_all.pkl',
    'train_batch_size': 4,
    'train_file': './aaa_my_data_conversion/splitted_data/no_dh/train.oneie.json',
    'train_finetune_file': './data/degree_e2e_mydata/no_dh/train_all.pkl',
    'vocab_file': './data/degree_e2e_mydata/no_dh/vocab.json',
    'warmup_epoch': 5,
    'weight_decay': 1e-05}
[2025-04-26 20:01:18] - data - Loaded 4068 instances from ./data/degree_e2e_mydata/no_dh/train_all.pkl
[2025-04-26 20:01:18] - data - Loaded 632 instances from ./data/degree_e2e_mydata/no_dh/dev_all.pkl
[2025-04-26 20:01:18] - data - Loaded 652 instances from ./data/degree_e2e_mydata/no_dh/test_all.pkl
[2025-04-26 20:01:18] - model - Loading pre-trained model facebook/bart-large
[2025-04-26 20:01:23] - __main__ - Start training ...
[2025-04-26 20:01:23] - __main__ - ./output/degree_e2e_mydata/no_dh/20250426_200118/train.log
[2025-04-26 20:01:23] - __main__ - Epoch 1
[2025-04-26 20:04:36] - __main__ - {'epoch': 1, 'dev_scores': {'tri_id': (0, 0.0, 0), 'arg_id': (0, 0.0, 0), 'arg_cls': (0, 0.0, 0)}}
[2025-04-26 20:04:36] - __main__ - Current best
[2025-04-26 20:04:36] - __main__ - {'best_epoch': -1, 'best_scores': {'tri_id': (0.0, 0.0, 0.0), 'arg_id': (0.0, 0.0, 0.0), 'arg_cls': (0.0, 0.0, 0.0)}}
[2025-04-26 20:04:36] - __main__ - ./output/degree_e2e_mydata/no_dh/20250426_200118/train.log
[2025-04-26 20:04:36] - __main__ - Epoch 2
[2025-04-26 20:08:14] - __main__ - {'epoch': 2, 'dev_scores': {'tri_id': (0, 0.0, 0), 'arg_id': (0, 0.0, 0), 'arg_cls': (0, 0.0, 0)}}
[2025-04-26 20:08:14] - __main__ - Current best
[2025-04-26 20:08:14] - __main__ - {'best_epoch': -1, 'best_scores': {'tri_id': (0.0, 0.0, 0.0), 'arg_id': (0.0, 0.0, 0.0), 'arg_cls': (0.0, 0.0, 0.0)}}
[2025-04-26 20:08:14] - __main__ - ./output/degree_e2e_mydata/no_dh/20250426_200118/train.log
[2025-04-26 20:08:14] - __main__ - Epoch 3
[2025-04-26 20:11:52] - __main__ - {'epoch': 3, 'dev_scores': {'tri_id': (0, 0.0, 0), 'arg_id': (0, 0.0, 0), 'arg_cls': (0, 0.0, 0)}}
[2025-04-26 20:11:52] - __main__ - Current best
[2025-04-26 20:11:52] - __main__ - {'best_epoch': -1, 'best_scores': {'tri_id': (0.0, 0.0, 0.0), 'arg_id': (0.0, 0.0, 0.0), 'arg_cls': (0.0, 0.0, 0.0)}}
[2025-04-26 20:11:52] - __main__ - ./output/degree_e2e_mydata/no_dh/20250426_200118/train.log
[2025-04-26 20:11:52] - __main__ - Epoch 4
[2025-04-26 20:15:24] - __main__ - Saving best model
[2025-04-26 20:17:39] - __main__ - {'epoch': 4, 'dev_scores': {'tri_id': (1.0, 0.0189873417721519, 0.03726708074534161), 'arg_id': (0.625, 0.00625, 0.012376237623762377), 'arg_cls': (0.625, 0.00625, 0.012376237623762377)}}
[2025-04-26 20:17:39] - __main__ - {'epoch': 4, 'test_scores': {'tri_id': (1.0, 0.012269938650306749, 0.024242424242424246), 'arg_id': (1.0, 0.005917159763313609, 0.011764705882352941), 'arg_cls': (0.6, 0.0035502958579881655, 0.007058823529411765)}}
[2025-04-26 20:17:39] - __main__ - Current best
[2025-04-26 20:17:39] - __main__ - {'best_epoch': 4, 'best_scores': {'tri_id': (1.0, 0.0189873417721519, 0.03726708074534161), 'arg_id': (0.625, 0.00625, 0.012376237623762377), 'arg_cls': (0.625, 0.00625, 0.012376237623762377)}}
[2025-04-26 20:17:39] - __main__ - ./output/degree_e2e_mydata/no_dh/20250426_200118/train.log
[2025-04-26 20:17:39] - __main__ - Epoch 5
[2025-04-26 20:21:17] - __main__ - Saving best model
[2025-04-26 20:23:20] - __main__ - {'epoch': 5, 'dev_scores': {'tri_id': (0.9090909090909091, 0.06329113924050633, 0.11834319526627218), 'arg_id': (0.6296296296296297, 0.02125, 0.041112454655380895), 'arg_cls': (0.5555555555555556, 0.01875, 0.03627569528415961)}}
[2025-04-26 20:23:20] - __main__ - {'epoch': 5, 'test_scores': {'tri_id': (0.9285714285714286, 0.07975460122699386, 0.14689265536723164), 'arg_id': (0.896551724137931, 0.03076923076923077, 0.059496567505720827), 'arg_cls': (0.6551724137931034, 0.022485207100591716, 0.04347826086956521)}}
[2025-04-26 20:23:20] - __main__ - Current best
[2025-04-26 20:23:20] - __main__ - {'best_epoch': 5, 'best_scores': {'tri_id': (0.9090909090909091, 0.06329113924050633, 0.11834319526627218), 'arg_id': (0.6296296296296297, 0.02125, 0.041112454655380895), 'arg_cls': (0.5555555555555556, 0.01875, 0.03627569528415961)}}
[2025-04-26 20:23:20] - __main__ - ./output/degree_e2e_mydata/no_dh/20250426_200118/train.log
[2025-04-26 20:23:20] - __main__ - Epoch 6
[2025-04-26 20:26:55] - __main__ - Saving best model
[2025-04-26 20:28:53] - __main__ - {'epoch': 6, 'dev_scores': {'tri_id': (0.7558139534883721, 0.41139240506329117, 0.5327868852459017), 'arg_id': (0.5741935483870968, 0.11125, 0.18638743455497384), 'arg_cls': (0.4967741935483871, 0.09625, 0.1612565445026178)}}
[2025-04-26 20:28:53] - __main__ - {'epoch': 6, 'test_scores': {'tri_id': (0.7586206896551724, 0.4049079754601227, 0.5279999999999999), 'arg_id': (0.559748427672956, 0.10532544378698225, 0.17729083665338644), 'arg_cls': (0.48427672955974843, 0.09112426035502959, 0.15338645418326693)}}
[2025-04-26 20:28:53] - __main__ - Current best
[2025-04-26 20:28:53] - __main__ - {'best_epoch': 6, 'best_scores': {'tri_id': (0.7558139534883721, 0.41139240506329117, 0.5327868852459017), 'arg_id': (0.5741935483870968, 0.11125, 0.18638743455497384), 'arg_cls': (0.4967741935483871, 0.09625, 0.1612565445026178)}}
[2025-04-26 20:28:53] - __main__ - ./output/degree_e2e_mydata/no_dh/20250426_200118/train.log
[2025-04-26 20:28:53] - __main__ - Epoch 7
[2025-04-26 20:32:26] - __main__ - Saving best model
[2025-04-26 20:34:22] - __main__ - {'epoch': 7, 'dev_scores': {'tri_id': (0.7083333333333334, 0.43037974683544306, 0.5354330708661418), 'arg_id': (0.6009389671361502, 0.16, 0.2527147087857848), 'arg_cls': (0.49295774647887325, 0.13125, 0.2073050345508391)}}
[2025-04-26 20:34:22] - __main__ - {'epoch': 7, 'test_scores': {'tri_id': (0.7663551401869159, 0.5030674846625767, 0.6074074074074073), 'arg_id': (0.5990990990990991, 0.15739644970414202, 0.24929709465791938), 'arg_cls': (0.4864864864864865, 0.12781065088757396, 0.20243673851921273)}}
[2025-04-26 20:34:22] - __main__ - Current best
[2025-04-26 20:34:22] - __main__ - {'best_epoch': 7, 'best_scores': {'tri_id': (0.7083333333333334, 0.43037974683544306, 0.5354330708661418), 'arg_id': (0.6009389671361502, 0.16, 0.2527147087857848), 'arg_cls': (0.49295774647887325, 0.13125, 0.2073050345508391)}}
[2025-04-26 20:34:22] - __main__ - ./output/degree_e2e_mydata/no_dh/20250426_200118/train.log
[2025-04-26 20:34:22] - __main__ - Epoch 8
[2025-04-26 20:38:05] - __main__ - Saving best model
[2025-04-26 20:39:56] - __main__ - {'epoch': 8, 'dev_scores': {'tri_id': (0.7043478260869566, 0.5126582278481012, 0.5934065934065934), 'arg_id': (0.5444444444444444, 0.18375, 0.27476635514018694), 'arg_cls': (0.42592592592592593, 0.14375, 0.21495327102803738)}}
[2025-04-26 20:39:56] - __main__ - {'epoch': 8, 'test_scores': {'tri_id': (0.6916666666666667, 0.50920245398773, 0.5865724381625441), 'arg_id': (0.51985559566787, 0.17041420118343195, 0.2566844919786096), 'arg_cls': (0.41155234657039713, 0.1349112426035503, 0.20320855614973263)}}
[2025-04-26 20:39:56] - __main__ - Current best
[2025-04-26 20:39:56] - __main__ - {'best_epoch': 8, 'best_scores': {'tri_id': (0.7043478260869566, 0.5126582278481012, 0.5934065934065934), 'arg_id': (0.5444444444444444, 0.18375, 0.27476635514018694), 'arg_cls': (0.42592592592592593, 0.14375, 0.21495327102803738)}}
[2025-04-26 20:39:56] - __main__ - ./output/degree_e2e_mydata/no_dh/20250426_200118/train.log
[2025-04-26 20:39:56] - __main__ - Epoch 9
[2025-04-26 20:43:50] - __main__ - {'epoch': 9, 'dev_scores': {'tri_id': (0.6025641025641025, 0.2974683544303797, 0.3983050847457627), 'arg_id': (0.46078431372549017, 0.1175, 0.18725099601593626), 'arg_cls': (0.35294117647058826, 0.09, 0.14342629482071714)}}
[2025-04-26 20:43:50] - __main__ - Current best
[2025-04-26 20:43:50] - __main__ - {'best_epoch': 8, 'best_scores': {'tri_id': (0.7043478260869566, 0.5126582278481012, 0.5934065934065934), 'arg_id': (0.5444444444444444, 0.18375, 0.27476635514018694), 'arg_cls': (0.42592592592592593, 0.14375, 0.21495327102803738)}}
[2025-04-26 20:43:50] - __main__ - ./output/degree_e2e_mydata/no_dh/20250426_200118/train.log
[2025-04-26 20:43:50] - __main__ - Epoch 10
[2025-04-26 20:47:23] - __main__ - {'epoch': 10, 'dev_scores': {'tri_id': (0.6929824561403509, 0.5, 0.5808823529411764), 'arg_id': (0.5144927536231884, 0.1775, 0.2639405204460966), 'arg_cls': (0.391304347826087, 0.135, 0.20074349442379186)}}
[2025-04-26 20:47:23] - __main__ - Current best
[2025-04-26 20:47:23] - __main__ - {'best_epoch': 8, 'best_scores': {'tri_id': (0.7043478260869566, 0.5126582278481012, 0.5934065934065934), 'arg_id': (0.5444444444444444, 0.18375, 0.27476635514018694), 'arg_cls': (0.42592592592592593, 0.14375, 0.21495327102803738)}}
[2025-04-26 20:47:23] - __main__ - ./output/degree_e2e_mydata/no_dh/20250426_200118/train.log
[2025-04-26 20:47:23] - __main__ - Epoch 11
[2025-04-26 20:50:53] - __main__ - Saving best model
[2025-04-26 20:52:40] - __main__ - {'epoch': 11, 'dev_scores': {'tri_id': (0.6532258064516129, 0.5126582278481012, 0.5744680851063829), 'arg_id': (0.5324675324675324, 0.205, 0.296028880866426), 'arg_cls': (0.4642857142857143, 0.17875, 0.2581227436823105)}}
[2025-04-26 20:52:40] - __main__ - {'epoch': 11, 'test_scores': {'tri_id': (0.652542372881356, 0.4723926380368098, 0.5480427046263345), 'arg_id': (0.5650557620817844, 0.17988165680473372, 0.27289048473967686), 'arg_cls': (0.4684014869888476, 0.14911242603550295, 0.22621184919210052)}}
[2025-04-26 20:52:40] - __main__ - Current best
[2025-04-26 20:52:40] - __main__ - {'best_epoch': 11, 'best_scores': {'tri_id': (0.6532258064516129, 0.5126582278481012, 0.5744680851063829), 'arg_id': (0.5324675324675324, 0.205, 0.296028880866426), 'arg_cls': (0.4642857142857143, 0.17875, 0.2581227436823105)}}
[2025-04-26 20:52:40] - __main__ - ./output/degree_e2e_mydata/no_dh/20250426_200118/train.log
[2025-04-26 20:52:40] - __main__ - Epoch 12
[2025-04-26 20:56:17] - __main__ - {'epoch': 12, 'dev_scores': {'tri_id': (0.7014925373134329, 0.5949367088607594, 0.6438356164383561), 'arg_id': (0.5, 0.20375, 0.2895204262877442), 'arg_cls': (0.4263803680981595, 0.17375, 0.24689165186500886)}}
[2025-04-26 20:56:17] - __main__ - Current best
[2025-04-26 20:56:17] - __main__ - {'best_epoch': 11, 'best_scores': {'tri_id': (0.6532258064516129, 0.5126582278481012, 0.5744680851063829), 'arg_id': (0.5324675324675324, 0.205, 0.296028880866426), 'arg_cls': (0.4642857142857143, 0.17875, 0.2581227436823105)}}
[2025-04-26 20:56:17] - __main__ - ./output/degree_e2e_mydata/no_dh/20250426_200118/train.log
[2025-04-26 20:56:17] - __main__ - Epoch 13
[2025-04-26 20:59:46] - __main__ - Saving best model
[2025-04-26 21:01:37] - __main__ - {'epoch': 13, 'dev_scores': {'tri_id': (0.7647058823529411, 0.6582278481012658, 0.7074829931972789), 'arg_id': (0.5316804407713499, 0.24125, 0.3319002579535684), 'arg_cls': (0.42699724517906334, 0.19375, 0.26655202063628547)}}
[2025-04-26 21:01:37] - __main__ - {'epoch': 13, 'test_scores': {'tri_id': (0.7153846153846154, 0.5705521472392638, 0.6348122866894199), 'arg_id': (0.5457227138643068, 0.21893491124260356, 0.3125), 'arg_cls': (0.4631268436578171, 0.18579881656804734, 0.26520270270270274)}}
[2025-04-26 21:01:37] - __main__ - Current best
[2025-04-26 21:01:37] - __main__ - {'best_epoch': 13, 'best_scores': {'tri_id': (0.7647058823529411, 0.6582278481012658, 0.7074829931972789), 'arg_id': (0.5316804407713499, 0.24125, 0.3319002579535684), 'arg_cls': (0.42699724517906334, 0.19375, 0.26655202063628547)}}
[2025-04-26 21:01:37] - __main__ - ./output/degree_e2e_mydata/no_dh/20250426_200118/train.log
[2025-04-26 21:01:37] - __main__ - Epoch 14
[2025-04-26 21:05:16] - __main__ - {'epoch': 14, 'dev_scores': {'tri_id': (0.7230769230769231, 0.5949367088607594, 0.6527777777777777), 'arg_id': (0.5099337748344371, 0.1925, 0.279491833030853), 'arg_cls': (0.4370860927152318, 0.165, 0.23956442831215968)}}
[2025-04-26 21:05:16] - __main__ - Current best
[2025-04-26 21:05:16] - __main__ - {'best_epoch': 13, 'best_scores': {'tri_id': (0.7647058823529411, 0.6582278481012658, 0.7074829931972789), 'arg_id': (0.5316804407713499, 0.24125, 0.3319002579535684), 'arg_cls': (0.42699724517906334, 0.19375, 0.26655202063628547)}}
[2025-04-26 21:05:16] - __main__ - ./output/degree_e2e_mydata/no_dh/20250426_200118/train.log
[2025-04-26 21:05:16] - __main__ - Epoch 15
[2025-04-26 21:09:24] - __main__ - {'epoch': 15, 'dev_scores': {'tri_id': (0.7304964539007093, 0.6518987341772152, 0.6889632107023411), 'arg_id': (0.5156695156695157, 0.22625, 0.314509122502172), 'arg_cls': (0.4358974358974359, 0.19125, 0.26585577758470896)}}
[2025-04-26 21:09:24] - __main__ - Current best
[2025-04-26 21:09:24] - __main__ - {'best_epoch': 13, 'best_scores': {'tri_id': (0.7647058823529411, 0.6582278481012658, 0.7074829931972789), 'arg_id': (0.5316804407713499, 0.24125, 0.3319002579535684), 'arg_cls': (0.42699724517906334, 0.19375, 0.26655202063628547)}}
[2025-04-26 21:09:24] - __main__ - ./output/degree_e2e_mydata/no_dh/20250426_200118/train.log
[2025-04-26 21:09:24] - __main__ - Epoch 16
[2025-04-26 21:13:07] - __main__ - {'epoch': 16, 'dev_scores': {'tri_id': (0.672, 0.5316455696202531, 0.5936395759717314), 'arg_id': (0.4797297297297297, 0.1775, 0.2591240875912409), 'arg_cls': (0.40202702702702703, 0.14875, 0.21715328467153283)}}
[2025-04-26 21:13:07] - __main__ - Current best
[2025-04-26 21:13:07] - __main__ - {'best_epoch': 13, 'best_scores': {'tri_id': (0.7647058823529411, 0.6582278481012658, 0.7074829931972789), 'arg_id': (0.5316804407713499, 0.24125, 0.3319002579535684), 'arg_cls': (0.42699724517906334, 0.19375, 0.26655202063628547)}}
[2025-04-26 21:13:07] - __main__ - ./output/degree_e2e_mydata/no_dh/20250426_200118/train.log
[2025-04-26 21:13:07] - __main__ - Epoch 17
[2025-04-26 21:16:53] - __main__ - {'epoch': 17, 'dev_scores': {'tri_id': (0.7230769230769231, 0.5949367088607594, 0.6527777777777777), 'arg_id': (0.5335463258785943, 0.20875, 0.3000898472596586), 'arg_cls': (0.46006389776357826, 0.18, 0.2587601078167116)}}
[2025-04-26 21:16:53] - __main__ - Current best
[2025-04-26 21:16:53] - __main__ - {'best_epoch': 13, 'best_scores': {'tri_id': (0.7647058823529411, 0.6582278481012658, 0.7074829931972789), 'arg_id': (0.5316804407713499, 0.24125, 0.3319002579535684), 'arg_cls': (0.42699724517906334, 0.19375, 0.26655202063628547)}}
[2025-04-26 21:16:53] - __main__ - ./output/degree_e2e_mydata/no_dh/20250426_200118/train.log
[2025-04-26 21:16:53] - __main__ - Epoch 18
[2025-04-26 21:20:29] - __main__ - {'epoch': 18, 'dev_scores': {'tri_id': (0.6985294117647058, 0.6012658227848101, 0.6462585034013606), 'arg_id': (0.4984984984984985, 0.2075, 0.293027360988526), 'arg_cls': (0.4114114114114114, 0.17125, 0.2418358340688438)}}
[2025-04-26 21:20:29] - __main__ - Current best
[2025-04-26 21:20:29] - __main__ - {'best_epoch': 13, 'best_scores': {'tri_id': (0.7647058823529411, 0.6582278481012658, 0.7074829931972789), 'arg_id': (0.5316804407713499, 0.24125, 0.3319002579535684), 'arg_cls': (0.42699724517906334, 0.19375, 0.26655202063628547)}}
[2025-04-26 21:20:29] - __main__ - ./output/degree_e2e_mydata/no_dh/20250426_200118/train.log
[2025-04-26 21:20:29] - __main__ - Epoch 19
[2025-04-26 21:24:02] - __main__ - {'epoch': 19, 'dev_scores': {'tri_id': (0.7293233082706767, 0.6139240506329114, 0.6666666666666667), 'arg_id': (0.5223880597014925, 0.21875, 0.30837004405286345), 'arg_cls': (0.43283582089552236, 0.18125, 0.2555066079295154)}}
[2025-04-26 21:24:02] - __main__ - Current best
[2025-04-26 21:24:02] - __main__ - {'best_epoch': 13, 'best_scores': {'tri_id': (0.7647058823529411, 0.6582278481012658, 0.7074829931972789), 'arg_id': (0.5316804407713499, 0.24125, 0.3319002579535684), 'arg_cls': (0.42699724517906334, 0.19375, 0.26655202063628547)}}
[2025-04-26 21:24:02] - __main__ - ./output/degree_e2e_mydata/no_dh/20250426_200118/train.log
[2025-04-26 21:24:02] - __main__ - Epoch 20
[2025-04-26 21:27:31] - __main__ - {'epoch': 20, 'dev_scores': {'tri_id': (0.7109375, 0.5759493670886076, 0.6363636363636364), 'arg_id': (0.5659722222222222, 0.20375, 0.29963235294117646), 'arg_cls': (0.5, 0.18, 0.2647058823529412)}}
[2025-04-26 21:27:31] - __main__ - Current best
[2025-04-26 21:27:31] - __main__ - {'best_epoch': 13, 'best_scores': {'tri_id': (0.7647058823529411, 0.6582278481012658, 0.7074829931972789), 'arg_id': (0.5316804407713499, 0.24125, 0.3319002579535684), 'arg_cls': (0.42699724517906334, 0.19375, 0.26655202063628547)}}
[2025-04-26 21:27:31] - __main__ - ./output/degree_e2e_mydata/no_dh/20250426_200118/train.log
[2025-04-26 21:27:31] - __main__ - Epoch 21
[2025-04-26 21:30:59] - __main__ - Saving best model
[2025-04-26 21:32:53] - __main__ - {'epoch': 21, 'dev_scores': {'tri_id': (0.6985294117647058, 0.6012658227848101, 0.6462585034013606), 'arg_id': (0.5441595441595442, 0.23875, 0.3318853171155517), 'arg_cls': (0.4586894586894587, 0.20125, 0.27975673327541273)}}
[2025-04-26 21:32:53] - __main__ - {'epoch': 21, 'test_scores': {'tri_id': (0.6906474820143885, 0.588957055214724, 0.6357615894039735), 'arg_id': (0.5640326975476839, 0.24497041420118343, 0.3415841584158416), 'arg_cls': (0.4604904632152589, 0.2, 0.2788778877887789)}}
[2025-04-26 21:32:53] - __main__ - Current best
[2025-04-26 21:32:53] - __main__ - {'best_epoch': 21, 'best_scores': {'tri_id': (0.6985294117647058, 0.6012658227848101, 0.6462585034013606), 'arg_id': (0.5441595441595442, 0.23875, 0.3318853171155517), 'arg_cls': (0.4586894586894587, 0.20125, 0.27975673327541273)}}
[2025-04-26 21:32:53] - __main__ - ./output/degree_e2e_mydata/no_dh/20250426_200118/train.log
[2025-04-26 21:32:53] - __main__ - Epoch 22
[2025-04-26 21:36:59] - __main__ - {'epoch': 22, 'dev_scores': {'tri_id': (0.7007299270072993, 0.6075949367088608, 0.6508474576271186), 'arg_id': (0.549520766773163, 0.215, 0.3090745732255166), 'arg_cls': (0.48562300319488816, 0.19, 0.27313566936208444)}}
[2025-04-26 21:36:59] - __main__ - Current best
[2025-04-26 21:36:59] - __main__ - {'best_epoch': 21, 'best_scores': {'tri_id': (0.6985294117647058, 0.6012658227848101, 0.6462585034013606), 'arg_id': (0.5441595441595442, 0.23875, 0.3318853171155517), 'arg_cls': (0.4586894586894587, 0.20125, 0.27975673327541273)}}
[2025-04-26 21:36:59] - __main__ - ./output/degree_e2e_mydata/no_dh/20250426_200118/train.log
[2025-04-26 21:36:59] - __main__ - Epoch 23
[2025-04-26 21:40:55] - __main__ - Saving best model
[2025-04-26 21:42:39] - __main__ - {'epoch': 23, 'dev_scores': {'tri_id': (0.6928571428571428, 0.6139240506329114, 0.651006711409396), 'arg_id': (0.5300859598853869, 0.23125, 0.32201914708442125), 'arg_cls': (0.4670487106017192, 0.20375, 0.2837249782419495)}}
[2025-04-26 21:42:39] - __main__ - {'epoch': 23, 'test_scores': {'tri_id': (0.717391304347826, 0.6073619631901841, 0.6578073089700996), 'arg_id': (0.5161290322580645, 0.20828402366863905, 0.296795952782462), 'arg_cls': (0.4281524926686217, 0.1727810650887574, 0.24620573355817874)}}
[2025-04-26 21:42:39] - __main__ - Current best
[2025-04-26 21:42:39] - __main__ - {'best_epoch': 23, 'best_scores': {'tri_id': (0.6928571428571428, 0.6139240506329114, 0.651006711409396), 'arg_id': (0.5300859598853869, 0.23125, 0.32201914708442125), 'arg_cls': (0.4670487106017192, 0.20375, 0.2837249782419495)}}
[2025-04-26 21:42:39] - __main__ - ./output/degree_e2e_mydata/no_dh/20250426_200118/train.log
[2025-04-26 21:42:39] - __main__ - Epoch 24
[2025-04-26 21:46:38] - __main__ - Saving best model
[2025-04-26 21:48:29] - __main__ - {'epoch': 24, 'dev_scores': {'tri_id': (0.6901408450704225, 0.620253164556962, 0.6533333333333332), 'arg_id': (0.5277777777777778, 0.26125, 0.3494983277591973), 'arg_cls': (0.4671717171717172, 0.23125, 0.3093645484949833)}}
[2025-04-26 21:48:29] - __main__ - {'epoch': 24, 'test_scores': {'tri_id': (0.726027397260274, 0.6503067484662577, 0.6860841423948221), 'arg_id': (0.5549738219895288, 0.25088757396449707, 0.34555827220863894), 'arg_cls': (0.47643979057591623, 0.2153846153846154, 0.2966585167074165)}}
[2025-04-26 21:48:29] - __main__ - Current best
[2025-04-26 21:48:29] - __main__ - {'best_epoch': 24, 'best_scores': {'tri_id': (0.6901408450704225, 0.620253164556962, 0.6533333333333332), 'arg_id': (0.5277777777777778, 0.26125, 0.3494983277591973), 'arg_cls': (0.4671717171717172, 0.23125, 0.3093645484949833)}}
[2025-04-26 21:48:29] - __main__ - ./output/degree_e2e_mydata/no_dh/20250426_200118/train.log
[2025-04-26 21:48:29] - __main__ - Epoch 25
[2025-04-26 21:52:00] - __main__ - {'epoch': 25, 'dev_scores': {'tri_id': (0.7285714285714285, 0.6455696202531646, 0.6845637583892618), 'arg_id': (0.4877384196185286, 0.22375, 0.3067694944301628), 'arg_cls': (0.4196185286103542, 0.1925, 0.2639245929734362)}}
[2025-04-26 21:52:00] - __main__ - Current best
[2025-04-26 21:52:00] - __main__ - {'best_epoch': 24, 'best_scores': {'tri_id': (0.6901408450704225, 0.620253164556962, 0.6533333333333332), 'arg_id': (0.5277777777777778, 0.26125, 0.3494983277591973), 'arg_cls': (0.4671717171717172, 0.23125, 0.3093645484949833)}}
[2025-04-26 21:52:00] - __main__ - ./output/degree_e2e_mydata/no_dh/20250426_200118/train.log
[2025-04-26 21:52:00] - __main__ - Epoch 26
[2025-04-26 21:55:30] - __main__ - {'epoch': 26, 'dev_scores': {'tri_id': (0.7218045112781954, 0.6075949367088608, 0.6597938144329897), 'arg_id': (0.5753846153846154, 0.23375, 0.33244444444444443), 'arg_cls': (0.49846153846153846, 0.2025, 0.28800000000000003)}}
[2025-04-26 21:55:30] - __main__ - Current best
[2025-04-26 21:55:30] - __main__ - {'best_epoch': 24, 'best_scores': {'tri_id': (0.6901408450704225, 0.620253164556962, 0.6533333333333332), 'arg_id': (0.5277777777777778, 0.26125, 0.3494983277591973), 'arg_cls': (0.4671717171717172, 0.23125, 0.3093645484949833)}}
[2025-04-26 21:55:30] - __main__ - ./output/degree_e2e_mydata/no_dh/20250426_200118/train.log
[2025-04-26 21:55:30] - __main__ - Epoch 27
[2025-04-26 21:59:04] - __main__ - {'epoch': 27, 'dev_scores': {'tri_id': (0.7172413793103448, 0.6582278481012658, 0.6864686468646863), 'arg_id': (0.5490716180371353, 0.25875, 0.3517417162276975), 'arg_cls': (0.46684350132625996, 0.22, 0.2990654205607477)}}
[2025-04-26 21:59:04] - __main__ - Current best
[2025-04-26 21:59:04] - __main__ - {'best_epoch': 24, 'best_scores': {'tri_id': (0.6901408450704225, 0.620253164556962, 0.6533333333333332), 'arg_id': (0.5277777777777778, 0.26125, 0.3494983277591973), 'arg_cls': (0.4671717171717172, 0.23125, 0.3093645484949833)}}
[2025-04-26 21:59:04] - __main__ - ./output/degree_e2e_mydata/no_dh/20250426_200118/train.log
[2025-04-26 21:59:04] - __main__ - Epoch 28
[2025-04-26 22:02:32] - __main__ - {'epoch': 28, 'dev_scores': {'tri_id': (0.7246376811594203, 0.6329113924050633, 0.6756756756756758), 'arg_id': (0.5582089552238806, 0.23375, 0.3295154185022027), 'arg_cls': (0.4955223880597015, 0.2075, 0.29251101321585904)}}
[2025-04-26 22:02:32] - __main__ - Current best
[2025-04-26 22:02:32] - __main__ - {'best_epoch': 24, 'best_scores': {'tri_id': (0.6901408450704225, 0.620253164556962, 0.6533333333333332), 'arg_id': (0.5277777777777778, 0.26125, 0.3494983277591973), 'arg_cls': (0.4671717171717172, 0.23125, 0.3093645484949833)}}
[2025-04-26 22:02:32] - __main__ - ./output/degree_e2e_mydata/no_dh/20250426_200118/train.log
[2025-04-26 22:02:32] - __main__ - Epoch 29
[2025-04-26 22:06:09] - __main__ - {'epoch': 29, 'dev_scores': {'tri_id': (0.7054263565891473, 0.5759493670886076, 0.6341463414634148), 'arg_id': (0.5263157894736842, 0.225, 0.3152364273204904), 'arg_cls': (0.4678362573099415, 0.2, 0.28021015761821366)}}
[2025-04-26 22:06:09] - __main__ - Current best
[2025-04-26 22:06:09] - __main__ - {'best_epoch': 24, 'best_scores': {'tri_id': (0.6901408450704225, 0.620253164556962, 0.6533333333333332), 'arg_id': (0.5277777777777778, 0.26125, 0.3494983277591973), 'arg_cls': (0.4671717171717172, 0.23125, 0.3093645484949833)}}
[2025-04-26 22:06:09] - __main__ - ./output/degree_e2e_mydata/no_dh/20250426_200118/train.log
[2025-04-26 22:06:09] - __main__ - Epoch 30
[2025-04-26 22:09:45] - __main__ - {'epoch': 30, 'dev_scores': {'tri_id': (0.7089552238805971, 0.6012658227848101, 0.6506849315068493), 'arg_id': (0.5373563218390804, 0.23375, 0.32578397212543553), 'arg_cls': (0.47988505747126436, 0.20875, 0.29094076655052264)}}
[2025-04-26 22:09:45] - __main__ - Current best
[2025-04-26 22:09:45] - __main__ - {'best_epoch': 24, 'best_scores': {'tri_id': (0.6901408450704225, 0.620253164556962, 0.6533333333333332), 'arg_id': (0.5277777777777778, 0.26125, 0.3494983277591973), 'arg_cls': (0.4671717171717172, 0.23125, 0.3093645484949833)}}
[2025-04-26 22:09:45] - __main__ - ./output/degree_e2e_mydata/no_dh/20250426_200118/train.log
[2025-04-26 22:09:45] - __main__ - Epoch 31
[2025-04-26 22:13:22] - __main__ - {'epoch': 31, 'dev_scores': {'tri_id': (0.7045454545454546, 0.5886075949367089, 0.6413793103448276), 'arg_id': (0.5606060606060606, 0.23125, 0.32743362831858414), 'arg_cls': (0.5, 0.20625, 0.29203539823008845)}}
[2025-04-26 22:13:22] - __main__ - Current best
[2025-04-26 22:13:22] - __main__ - {'best_epoch': 24, 'best_scores': {'tri_id': (0.6901408450704225, 0.620253164556962, 0.6533333333333332), 'arg_id': (0.5277777777777778, 0.26125, 0.3494983277591973), 'arg_cls': (0.4671717171717172, 0.23125, 0.3093645484949833)}}
[2025-04-26 22:13:22] - __main__ - ./output/degree_e2e_mydata/no_dh/20250426_200118/train.log
[2025-04-26 22:13:22] - __main__ - Epoch 32
[2025-04-26 22:16:51] - __main__ - {'epoch': 32, 'dev_scores': {'tri_id': (0.6956521739130435, 0.6075949367088608, 0.6486486486486486), 'arg_id': (0.5269461077844312, 0.22, 0.3104056437389771), 'arg_cls': (0.48502994011976047, 0.2025, 0.2857142857142857)}}
[2025-04-26 22:16:51] - __main__ - Current best
[2025-04-26 22:16:51] - __main__ - {'best_epoch': 24, 'best_scores': {'tri_id': (0.6901408450704225, 0.620253164556962, 0.6533333333333332), 'arg_id': (0.5277777777777778, 0.26125, 0.3494983277591973), 'arg_cls': (0.4671717171717172, 0.23125, 0.3093645484949833)}}
[2025-04-26 22:16:51] - __main__ - ./output/degree_e2e_mydata/no_dh/20250426_200118/train.log
[2025-04-26 22:16:51] - __main__ - Epoch 33
[2025-04-26 22:20:22] - __main__ - {'epoch': 33, 'dev_scores': {'tri_id': (0.7089552238805971, 0.6012658227848101, 0.6506849315068493), 'arg_id': (0.5529411764705883, 0.235, 0.32982456140350874), 'arg_cls': (0.5, 0.2125, 0.2982456140350877)}}
[2025-04-26 22:20:22] - __main__ - Current best
[2025-04-26 22:20:22] - __main__ - {'best_epoch': 24, 'best_scores': {'tri_id': (0.6901408450704225, 0.620253164556962, 0.6533333333333332), 'arg_id': (0.5277777777777778, 0.26125, 0.3494983277591973), 'arg_cls': (0.4671717171717172, 0.23125, 0.3093645484949833)}}
[2025-04-26 22:20:22] - __main__ - ./output/degree_e2e_mydata/no_dh/20250426_200118/train.log
[2025-04-26 22:20:22] - __main__ - Epoch 34
[2025-04-26 22:23:53] - __main__ - {'epoch': 34, 'dev_scores': {'tri_id': (0.6928571428571428, 0.6139240506329114, 0.651006711409396), 'arg_id': (0.5485714285714286, 0.24, 0.3339130434782609), 'arg_cls': (0.4942857142857143, 0.21625, 0.30086956521739133)}}
[2025-04-26 22:23:53] - __main__ - Current best
[2025-04-26 22:23:53] - __main__ - {'best_epoch': 24, 'best_scores': {'tri_id': (0.6901408450704225, 0.620253164556962, 0.6533333333333332), 'arg_id': (0.5277777777777778, 0.26125, 0.3494983277591973), 'arg_cls': (0.4671717171717172, 0.23125, 0.3093645484949833)}}
[2025-04-26 22:23:53] - __main__ - ./output/degree_e2e_mydata/no_dh/20250426_200118/train.log
[2025-04-26 22:23:53] - __main__ - Epoch 35
[2025-04-26 22:27:30] - __main__ - {'epoch': 35, 'dev_scores': {'tri_id': (0.7014925373134329, 0.5949367088607594, 0.6438356164383561), 'arg_id': (0.5449275362318841, 0.235, 0.3283842794759825), 'arg_cls': (0.48985507246376814, 0.21125, 0.2951965065502183)}}
[2025-04-26 22:27:30] - __main__ - Current best
[2025-04-26 22:27:30] - __main__ - {'best_epoch': 24, 'best_scores': {'tri_id': (0.6901408450704225, 0.620253164556962, 0.6533333333333332), 'arg_id': (0.5277777777777778, 0.26125, 0.3494983277591973), 'arg_cls': (0.4671717171717172, 0.23125, 0.3093645484949833)}}
[2025-04-26 22:27:30] - __main__ - ./output/degree_e2e_mydata/no_dh/20250426_200118/train.log
[2025-04-26 22:27:30] - __main__ - Epoch 36
[2025-04-26 22:31:09] - __main__ - {'epoch': 36, 'dev_scores': {'tri_id': (0.7099236641221374, 0.5886075949367089, 0.643598615916955), 'arg_id': (0.5333333333333333, 0.22, 0.31150442477876106), 'arg_cls': (0.4818181818181818, 0.19875, 0.28141592920353986)}}
[2025-04-26 22:31:09] - __main__ - Current best
[2025-04-26 22:31:09] - __main__ - {'best_epoch': 24, 'best_scores': {'tri_id': (0.6901408450704225, 0.620253164556962, 0.6533333333333332), 'arg_id': (0.5277777777777778, 0.26125, 0.3494983277591973), 'arg_cls': (0.4671717171717172, 0.23125, 0.3093645484949833)}}
[2025-04-26 22:31:09] - __main__ - ./output/degree_e2e_mydata/no_dh/20250426_200118/train.log
[2025-04-26 22:31:09] - __main__ - Epoch 37
[2025-04-26 22:34:47] - __main__ - Saving best model
[2025-04-26 22:36:34] - __main__ - {'epoch': 37, 'dev_scores': {'tri_id': (0.7142857142857143, 0.6012658227848101, 0.6529209621993127), 'arg_id': (0.5927051671732523, 0.24375, 0.3454384410983171), 'arg_cls': (0.5379939209726444, 0.22125, 0.31355181576616475)}}
[2025-04-26 22:36:34] - __main__ - {'epoch': 37, 'test_scores': {'tri_id': (0.7481481481481481, 0.6196319018404908, 0.6778523489932886), 'arg_id': (0.5723270440251572, 0.2153846153846154, 0.3129836629406707), 'arg_cls': (0.5251572327044025, 0.19763313609467456, 0.2871883061049011)}}
[2025-04-26 22:36:34] - __main__ - Current best
[2025-04-26 22:36:34] - __main__ - {'best_epoch': 37, 'best_scores': {'tri_id': (0.7142857142857143, 0.6012658227848101, 0.6529209621993127), 'arg_id': (0.5927051671732523, 0.24375, 0.3454384410983171), 'arg_cls': (0.5379939209726444, 0.22125, 0.31355181576616475)}}
[2025-04-26 22:36:34] - __main__ - ./output/degree_e2e_mydata/no_dh/20250426_200118/train.log
[2025-04-26 22:36:34] - __main__ - Epoch 38
[2025-04-26 22:40:06] - __main__ - {'epoch': 38, 'dev_scores': {'tri_id': (0.732824427480916, 0.6075949367088608, 0.6643598615916955), 'arg_id': (0.5681818181818182, 0.25, 0.3472222222222222), 'arg_cls': (0.5085227272727273, 0.22375, 0.3107638888888889)}}
[2025-04-26 22:40:06] - __main__ - Current best
[2025-04-26 22:40:06] - __main__ - {'best_epoch': 37, 'best_scores': {'tri_id': (0.7142857142857143, 0.6012658227848101, 0.6529209621993127), 'arg_id': (0.5927051671732523, 0.24375, 0.3454384410983171), 'arg_cls': (0.5379939209726444, 0.22125, 0.31355181576616475)}}
[2025-04-26 22:40:06] - __main__ - ./output/degree_e2e_mydata/no_dh/20250426_200118/train.log
[2025-04-26 22:40:06] - __main__ - Epoch 39
[2025-04-26 22:43:37] - __main__ - {'epoch': 39, 'dev_scores': {'tri_id': (0.7421875, 0.6012658227848101, 0.6643356643356643), 'arg_id': (0.5389221556886228, 0.225, 0.3174603174603175), 'arg_cls': (0.49700598802395207, 0.2075, 0.2927689594356261)}}
[2025-04-26 22:43:37] - __main__ - Current best
[2025-04-26 22:43:37] - __main__ - {'best_epoch': 37, 'best_scores': {'tri_id': (0.7142857142857143, 0.6012658227848101, 0.6529209621993127), 'arg_id': (0.5927051671732523, 0.24375, 0.3454384410983171), 'arg_cls': (0.5379939209726444, 0.22125, 0.31355181576616475)}}
[2025-04-26 22:43:37] - __main__ - ./output/degree_e2e_mydata/no_dh/20250426_200118/train.log
[2025-04-26 22:43:37] - __main__ - Epoch 40
[2025-04-26 22:47:09] - __main__ - {'epoch': 40, 'dev_scores': {'tri_id': (0.706766917293233, 0.5949367088607594, 0.6460481099656357), 'arg_id': (0.5421348314606742, 0.24125, 0.33391003460207613), 'arg_cls': (0.49157303370786515, 0.21875, 0.3027681660899654)}}
[2025-04-26 22:47:09] - __main__ - Current best
[2025-04-26 22:47:09] - __main__ - {'best_epoch': 37, 'best_scores': {'tri_id': (0.7142857142857143, 0.6012658227848101, 0.6529209621993127), 'arg_id': (0.5927051671732523, 0.24375, 0.3454384410983171), 'arg_cls': (0.5379939209726444, 0.22125, 0.31355181576616475)}}
[2025-04-26 22:47:09] - __main__ - ./output/degree_e2e_mydata/no_dh/20250426_200118/train.log
[2025-04-26 22:47:09] - __main__ - Epoch 41
[2025-04-26 22:50:42] - __main__ - Saving best model
[2025-04-26 22:52:27] - __main__ - {'epoch': 41, 'dev_scores': {'tri_id': (0.7153284671532847, 0.620253164556962, 0.6644067796610169), 'arg_id': (0.5543175487465181, 0.24875, 0.34339948231233824), 'arg_cls': (0.520891364902507, 0.23375, 0.3226919758412425)}}
[2025-04-26 22:52:27] - __main__ - {'epoch': 41, 'test_scores': {'tri_id': (0.7536231884057971, 0.6380368098159509, 0.6910299003322259), 'arg_id': (0.5977011494252874, 0.24615384615384617, 0.3487007544006706), 'arg_cls': (0.5603448275862069, 0.23076923076923078, 0.3269069572506287)}}
[2025-04-26 22:52:27] - __main__ - Current best
[2025-04-26 22:52:27] - __main__ - {'best_epoch': 41, 'best_scores': {'tri_id': (0.7153284671532847, 0.620253164556962, 0.6644067796610169), 'arg_id': (0.5543175487465181, 0.24875, 0.34339948231233824), 'arg_cls': (0.520891364902507, 0.23375, 0.3226919758412425)}}
[2025-04-26 22:52:27] - __main__ - ./output/degree_e2e_mydata/no_dh/20250426_200118/train.log
[2025-04-26 22:52:27] - __main__ - Epoch 42
[2025-04-26 22:55:55] - __main__ - {'epoch': 42, 'dev_scores': {'tri_id': (0.7230769230769231, 0.5949367088607594, 0.6527777777777777), 'arg_id': (0.5621301775147929, 0.2375, 0.3339191564147627), 'arg_cls': (0.5266272189349113, 0.2225, 0.312829525483304)}}
[2025-04-26 22:55:55] - __main__ - Current best
[2025-04-26 22:55:55] - __main__ - {'best_epoch': 41, 'best_scores': {'tri_id': (0.7153284671532847, 0.620253164556962, 0.6644067796610169), 'arg_id': (0.5543175487465181, 0.24875, 0.34339948231233824), 'arg_cls': (0.520891364902507, 0.23375, 0.3226919758412425)}}
[2025-04-26 22:55:55] - __main__ - ./output/degree_e2e_mydata/no_dh/20250426_200118/train.log
[2025-04-26 22:55:55] - __main__ - Epoch 43
[2025-04-26 22:59:31] - __main__ - {'epoch': 43, 'dev_scores': {'tri_id': (0.708029197080292, 0.6139240506329114, 0.6576271186440679), 'arg_id': (0.5498575498575499, 0.24125, 0.3353605560382277), 'arg_cls': (0.5185185185185185, 0.2275, 0.31624674196351)}}
[2025-04-26 22:59:31] - __main__ - Current best
[2025-04-26 22:59:31] - __main__ - {'best_epoch': 41, 'best_scores': {'tri_id': (0.7153284671532847, 0.620253164556962, 0.6644067796610169), 'arg_id': (0.5543175487465181, 0.24875, 0.34339948231233824), 'arg_cls': (0.520891364902507, 0.23375, 0.3226919758412425)}}
[2025-04-26 22:59:31] - __main__ - ./output/degree_e2e_mydata/no_dh/20250426_200118/train.log
[2025-04-26 22:59:31] - __main__ - Epoch 44
[2025-04-26 23:03:06] - __main__ - {'epoch': 44, 'dev_scores': {'tri_id': (0.7132352941176471, 0.6139240506329114, 0.6598639455782314), 'arg_id': (0.559322033898305, 0.2475, 0.34315424610052), 'arg_cls': (0.5254237288135594, 0.2325, 0.3223570190641248)}}
[2025-04-26 23:03:06] - __main__ - Current best
[2025-04-26 23:03:06] - __main__ - {'best_epoch': 41, 'best_scores': {'tri_id': (0.7153284671532847, 0.620253164556962, 0.6644067796610169), 'arg_id': (0.5543175487465181, 0.24875, 0.34339948231233824), 'arg_cls': (0.520891364902507, 0.23375, 0.3226919758412425)}}
[2025-04-26 23:03:06] - __main__ - ./output/degree_e2e_mydata/no_dh/20250426_200118/train.log
[2025-04-26 23:03:06] - __main__ - Epoch 45
[2025-04-26 23:06:46] - __main__ - {'epoch': 45, 'dev_scores': {'tri_id': (0.7132352941176471, 0.6139240506329114, 0.6598639455782314), 'arg_id': (0.559322033898305, 0.2475, 0.34315424610052), 'arg_cls': (0.5225988700564972, 0.23125, 0.3206239168110919)}}
[2025-04-26 23:06:46] - __main__ - Current best
[2025-04-26 23:06:46] - __main__ - {'best_epoch': 41, 'best_scores': {'tri_id': (0.7153284671532847, 0.620253164556962, 0.6644067796610169), 'arg_id': (0.5543175487465181, 0.24875, 0.34339948231233824), 'arg_cls': (0.520891364902507, 0.23375, 0.3226919758412425)}}
[2025-04-26 23:06:46] - __main__ - ./output/degree_e2e_mydata/no_dh/20250426_200118/train.log
[2025-04-26 23:06:46] - __main__ - Done!
